#
# A fatal error has been detected by the Java Runtime Environment:
#
#  EXCEPTION_ACCESS_VIOLATION (0xc0000005) at pc=0x00007ffd5f5cc59a, pid=19344, tid=18128
#
# JRE version: Java(TM) SE Runtime Environment (21.0.1+12) (build 21.0.1+12-LTS-29)
# Java VM: Java HotSpot(TM) 64-Bit Server VM (21.0.1+12-LTS-29, mixed mode, sharing, tiered, compressed oops, compressed class ptrs, g1 gc, windows-amd64)
# Problematic frame:
# C  [lwjgl_opengl.dll+0xc59a]
#
# No core dump will be written. Minidumps are not enabled by default on client versions of Windows
#
# If you would like to submit a bug report, please visit:
#   https://bugreport.java.com/bugreport/crash.jsp
# The crash happened outside the Java Virtual Machine in native code.
# See problematic frame for where to report the bug.
#

---------------  S U M M A R Y ------------

Command Line: -agentlib:jdwp=transport=dt_socket,address=127.0.0.1:61621,suspend=y,server=n -javaagent:C:\Users\chris\AppData\Local\JetBrains\IntelliJIdea2024.2\captureAgent\debugger-agent.jar -Dkotlinx.coroutines.debug.enable.creation.stack.trace=false -Ddebugger.agent.enable.coroutines=true -Dfile.encoding=UTF-8 -Dsun.stdout.encoding=UTF-8 -Dsun.stderr.encoding=UTF-8 pkgDriver.csc133Driver

Host: AMD Ryzen 7 5800X 8-Core Processor             , 16 cores, 31G,  Windows 10 , 64 bit Build 19041 (10.0.19041.4842)
Time: Fri Oct  4 18:32:35 2024 Pacific Daylight Time elapsed time: 352.828717 seconds (0d 0h 5m 52s)

---------------  T H R E A D  ---------------

Current thread (0x0000020437621050):  JavaThread "main"             [_thread_in_native, id=18128, stack(0x000000e49ad00000,0x000000e49ae00000) (1024K)]

Stack: [0x000000e49ad00000,0x000000e49ae00000],  sp=0x000000e49adff218,  free space=1020k
Native frames: (J=compiled Java code, j=interpreted, Vv=VM code, C=native code)
C  [lwjgl_opengl.dll+0xc59a]

Java frames: (J=compiled Java code, j=interpreted, Vv=VM code)
j  org.lwjgl.opengl.GL11C.glClear(I)V+0
j  org.lwjgl.opengl.GL11.glClear(I)V+1
j  pkgSlRenderer.slRenderEngine.render()V+28
j  pkgDriver.csc133Driver.main([Ljava/lang/String;)V+31
v  ~StubRoutines::call_stub 0x0000020446ec100d

siginfo: EXCEPTION_ACCESS_VIOLATION (0xc0000005), reading address 0x0000000000000060


Registers:
RAX=0x0000020437630930, RBX=0x000002049e522b98, RCX=0x0000000000004000, RDX=0x0000000000000000
RSP=0x000000e49adff218, RBP=0x000000e49adff290, RSI=0x0000000000000000, RDI=0x0000020446ec919a
R8 =0x0000000000004000, R9 =0x0000000000000002, R10=0x0000020446ed06e7, R11=0x00000006206c1ea0
R12=0x0000000000000000, R13=0x000002049e522b90, R14=0x000000e49adff2b0, R15=0x0000020437621050
RIP=0x00007ffd5f5cc59a, EFLAGS=0x0000000000010202


Register to memory mapping:

RAX=0x0000020437630930 points into unknown readable memory: 0x0000000000000000 | 00 00 00 00 00 00 00 00
RBX={method} {0x000002049e522ba0} 'glClear' '(I)V' in 'org/lwjgl/opengl/GL11C'
RCX=0x0000000000004000 is an unknown value
RDX=0x0 is null
RSP=0x000000e49adff218 is pointing into the stack for thread: 0x0000020437621050
RBP=0x000000e49adff290 is pointing into the stack for thread: 0x0000020437621050
RSI=0x0 is null
RDI=0x0000020446ec919a is at code_begin+3354 in an Interpreter codelet
return entry points  [0x0000020446ec8480, 0x0000020446eca550]  8400 bytes
R8 =0x0000000000004000 is an unknown value
R9 =0x0000000000000002 is an unknown value
R10=0x0000020446ed06e7 is at code_begin+1927 in an Interpreter codelet
native method entry point (kind = native)  [0x0000020446ecff60, 0x0000020446ed1198]  4664 bytes
R11=0x00000006206c1ea0 is an oop: java.lang.Class 
{0x00000006206c1ea0} - klass: 'java/lang/Class'
 - ---- fields (total size 116 words):
 - private volatile transient 'classRedefinedCount' 'I' @12  0 (0x00000000)
 - injected 'klass' 'J' @16  2217780278880 (0x000002045e017660)
 - injected 'array_klass' 'J' @24  0 (0x0000000000000000)
 - injected 'oop_size' 'I' @32  116 (0x00000074)
 - injected 'static_oop_field_count' 'I' @36  0 (0x00000000)
 - private volatile transient 'cachedConstructor' 'Ljava/lang/reflect/Constructor;' @40  null (0x00000000)
 - private transient 'name' 'Ljava/lang/String;' @44  "org.lwjgl.opengl.GL11C"{0x00000006206c2240} (0xc40d8448)
 - private transient 'module' 'Ljava/lang/Module;' @48  a 'java/lang/Module'{0x0000000620c74f88} (0xc418e9f1)
 - private final 'classLoader' 'Ljava/lang/ClassLoader;' @52  a 'jdk/internal/loader/ClassLoaders$AppClassLoader'{0x0000000620c74dc8} (0xc418e9b9)
 - private transient 'classData' 'Ljava/lang/Object;' @56  null (0x00000000)
 - private transient 'packageName' 'Ljava/lang/String;' @60  "org.lwjgl.opengl"{0x00000006205e3050} (0xc40bc60a)
 - private final 'componentType' 'Ljava/lang/Class;' @64  null (0x00000000)
 - private volatile transient 'reflectionData' 'Ljava/lang/ref/SoftReference;' @68  null (0x00000000)
 - private volatile transient 'genericInfo' 'Lsun/reflect/generics/repository/ClassRepository;' @72  null (0x00000000)
 - private volatile transient 'enumConstants' '[Ljava/lang/Object;' @76  null (0x00000000)
 - private volatile transient 'enumConstantDirectory' 'Ljava/util/Map;' @80  null (0x00000000)
 - private volatile transient 'annotationData' 'Ljava/lang/Class$AnnotationData;' @84  null (0x00000000)
 - private volatile transient 'annotationType' 'Lsun/reflect/annotation/AnnotationType;' @88  null (0x00000000)
 - transient 'classValueMap' 'Ljava/lang/ClassValue$ClassValueMap;' @92  null (0x00000000)
 - injected 'protection_domain' 'Ljava/lang/Object;' @96  a 'java/security/ProtectionDomain'{0x00000006205f6780} (0xc40becf0)
 - injected 'signers_name' 'Ljava/lang/Object;' @100  null (0x00000000)
 - injected 'source_file' 'Ljava/lang/Object;' @104  null (0x00000000)
 - signature: Lorg/lwjgl/opengl/GL11C;
 - ---- static fields (0):
 - public static final 'GL_NEVER' 'I' @112  512 (0x00000200)
 - public static final 'GL_LESS' 'I' @116  513 (0x00000201)
 - public static final 'GL_EQUAL' 'I' @120  514 (0x00000202)
 - public static final 'GL_LEQUAL' 'I' @124  515 (0x00000203)
 - public static final 'GL_GREATER' 'I' @128  516 (0x00000204)
 - public static final 'GL_NOTEQUAL' 'I' @132  517 (0x00000205)
 - public static final 'GL_GEQUAL' 'I' @136  518 (0x00000206)
 - public static final 'GL_ALWAYS' 'I' @140  519 (0x00000207)
 - public static final 'GL_DEPTH_BUFFER_BIT' 'I' @144  256 (0x00000100)
 - public static final 'GL_STENCIL_BUFFER_BIT' 'I' @148  1024 (0x00000400)
 - public static final 'GL_COLOR_BUFFER_BIT' 'I' @152  16384 (0x00004000)
 - public static final 'GL_POINTS' 'I' @156  0 (0x00000000)
 - public static final 'GL_LINES' 'I' @160  1 (0x00000001)
 - public static final 'GL_LINE_LOOP' 'I' @164  2 (0x00000002)
 - public static final 'GL_LINE_STRIP' 'I' @168  3 (0x00000003)
 - public static final 'GL_TRIANGLES' 'I' @172  4 (0x00000004)
 - public static final 'GL_TRIANGLE_STRIP' 'I' @176  5 (0x00000005)
 - public static final 'GL_TRIANGLE_FAN' 'I' @180  6 (0x00000006)
 - public static final 'GL_QUADS' 'I' @184  7 (0x00000007)
 - public static final 'GL_ZERO' 'I' @188  0 (0x00000000)
 - public static final 'GL_ONE' 'I' @192  1 (0x00000001)
 - public static final 'GL_SRC_COLOR' 'I' @196  768 (0x00000300)
 - public static final 'GL_ONE_MINUS_SRC_COLOR' 'I' @200  769 (0x00000301)
 - public static final 'GL_SRC_ALPHA' 'I' @204  770 (0x00000302)
 - public static final 'GL_ONE_MINUS_SRC_ALPHA' 'I' @208  771 (0x00000303)
 - public static final 'GL_DST_ALPHA' 'I' @212  772 (0x00000304)
 - public static final 'GL_ONE_MINUS_DST_ALPHA' 'I' @216  773 (0x00000305)
 - public static final 'GL_DST_COLOR' 'I' @220  774 (0x00000306)
 - public static final 'GL_ONE_MINUS_DST_COLOR' 'I' @224  775 (0x00000307)
 - public static final 'GL_SRC_ALPHA_SATURATE' 'I' @228  776 (0x00000308)
 - public static final 'GL_TRUE' 'I' @232  1 (0x00000001)
 - public static final 'GL_FALSE' 'I' @236  0 (0x00000000)
 - public static final 'GL_BYTE' 'I' @240  5120 (0x00001400)
 - public static final 'GL_UNSIGNED_BYTE' 'I' @244  5121 (0x00001401)
 - public static final 'GL_SHORT' 'I' @248  5122 (0x00001402)
 - public static final 'GL_UNSIGNED_SHORT' 'I' @252  5123 (0x00001403)
 - public static final 'GL_INT' 'I' @256  5124 (0x00001404)
 - public static final 'GL_UNSIGNED_INT' 'I' @260  5125 (0x00001405)
 - public static final 'GL_FLOAT' 'I' @264  5126 (0x00001406)
 - public static final 'GL_DOUBLE' 'I' @268  5130 (0x0000140a)
 - public static final 'GL_NONE' 'I' @272  0 (0x00000000)
 - public static final 'GL_FRONT_LEFT' 'I' @276  1024 (0x00000400)
 - public static final 'GL_FRONT_RIGHT' 'I' @280  1025 (0x00000401)
 - public static final 'GL_BACK_LEFT' 'I' @284  1026 (0x00000402)
 - public static final 'GL_BACK_RIGHT' 'I' @288  1027 (0x00000403)
 - public static final 'GL_FRONT' 'I' @292  1028 (0x00000404)
 - public static final 'GL_BACK' 'I' @296  1029 (0x00000405)
 - public static final 'GL_LEFT' 'I' @300  1030 (0x00000406)
 - public static final 'GL_RIGHT' 'I' @304  1031 (0x00000407)
 - public static final 'GL_FRONT_AND_BACK' 'I' @308  1032 (0x00000408)
 - public static final 'GL_NO_ERROR' 'I' @312  0 (0x00000000)
 - public static final 'GL_INVALID_ENUM' 'I' @316  1280 (0x00000500)
 - public static final 'GL_INVALID_VALUE' 'I' @320  1281 (0x00000501)
 - public static final 'GL_INVALID_OPERATION' 'I' @324  1282 (0x00000502)
 - public static final 'GL_STACK_OVERFLOW' 'I' @328  1283 (0x00000503)
 - public static final 'GL_STACK_UNDERFLOW' 'I' @332  1284 (0x00000504)
 - public static final 'GL_OUT_OF_MEMORY' 'I' @336  1285 (0x00000505)
 - public static final 'GL_CW' 'I' @340  2304 (0x00000900)
 - public static final 'GL_CCW' 'I' @344  2305 (0x00000901)
 - public static final 'GL_POINT_SIZE' 'I' @348  2833 (0x00000b11)
 - public static final 'GL_POINT_SIZE_RANGE' 'I' @352  2834 (0x00000b12)
 - public static final 'GL_POINT_SIZE_GRANULARITY' 'I' @356  2835 (0x00000b13)
 - public static final 'GL_LINE_SMOOTH' 'I' @360  2848 (0x00000b20)
 - public static final 'GL_LINE_WIDTH' 'I' @364  2849 (0x00000b21)
 - public static final 'GL_LINE_WIDTH_RANGE' 'I' @368  2850 (0x00000b22)
 - public static final 'GL_LINE_WIDTH_GRANULARITY' 'I' @372  2851 (0x00000b23)
 - public static final 'GL_POLYGON_MODE' 'I' @376  2880 (0x00000b40)
 - public static final 'GL_POLYGON_SMOOTH' 'I' @380  2881 (0x00000b41)
 - public static final 'GL_CULL_FACE' 'I' @384  2884 (0x00000b44)
 - public static final 'GL_CULL_FACE_MODE' 'I' @388  2885 (0x00000b45)
 - public static final 'GL_FRONT_FACE' 'I' @392  2886 (0x00000b46)
 - public static final 'GL_DEPTH_RANGE' 'I' @396  2928 (0x00000b70)
 - public static final 'GL_DEPTH_TEST' 'I' @400  2929 (0x00000b71)
 - public static final 'GL_DEPTH_WRITEMASK' 'I' @404  2930 (0x00000b72)
 - public static final 'GL_DEPTH_CLEAR_VALUE' 'I' @408  2931 (0x00000b73)
 - public static final 'GL_DEPTH_FUNC' 'I' @412  2932 (0x00000b74)
 - public static final 'GL_STENCIL_TEST' 'I' @416  2960 (0x00000b90)
 - public static final 'GL_STENCIL_CLEAR_VALUE' 'I' @420  2961 (0x00000b91)
 - public static final 'GL_STENCIL_FUNC' 'I' @424  2962 (0x00000b92)
 - public static final 'GL_STENCIL_VALUE_MASK' 'I' @428  2963 (0x00000b93)
 - public static final 'GL_STENCIL_FAIL' 'I' @432  2964 (0x00000b94)
 - public static final 'GL_STENCIL_PASS_DEPTH_FAIL' 'I' @436  2965 (0x00000b95)
 - public static final 'GL_STENCIL_PASS_DEPTH_PASS' 'I' @440  2966 (0x00000b96)
 - public static final 'GL_STENCIL_REF' 'I' @444  2967 (0x00000b97)
 - public static final 'GL_STENCIL_WRITEMASK' 'I' @448  2968 (0x00000b98)
 - public static final 'GL_VIEWPORT' 'I' @452  2978 (0x00000ba2)
 - public static final 'GL_DITHER' 'I' @456  3024 (0x00000bd0)
 - public static final 'GL_BLEND_DST' 'I' @460  3040 (0x00000be0)
 - public static final 'GL_BLEND_SRC' 'I' @464  3041 (0x00000be1)
 - public static final 'GL_BLEND' 'I' @468  3042 (0x00000be2)
 - public static final 'GL_LOGIC_OP_MODE' 'I' @472  3056 (0x00000bf0)
 - public static final 'GL_COLOR_LOGIC_OP' 'I' @476  3058 (0x00000bf2)
 - public static final 'GL_DRAW_BUFFER' 'I' @480  3073 (0x00000c01)
 - public static final 'GL_READ_BUFFER' 'I' @484  3074 (0x00000c02)
 - public static final 'GL_SCISSOR_BOX' 'I' @488  3088 (0x00000c10)
 - public static final 'GL_SCISSOR_TEST' 'I' @492  3089 (0x00000c11)
 - public static final 'GL_COLOR_CLEAR_VALUE' 'I' @496  3106 (0x00000c22)
 - public static final 'GL_COLOR_WRITEMASK' 'I' @500  3107 (0x00000c23)
 - public static final 'GL_DOUBLEBUFFER' 'I' @504  3122 (0x00000c32)
 - public static final 'GL_STEREO' 'I' @508  3123 (0x00000c33)
 - public static final 'GL_LINE_SMOOTH_HINT' 'I' @512  3154 (0x00000c52)
 - public static final 'GL_POLYGON_SMOOTH_HINT' 'I' @516  3155 (0x00000c53)
 - public static final 'GL_UNPACK_SWAP_BYTES' 'I' @520  3312 (0x00000cf0)
 - public static final 'GL_UNPACK_LSB_FIRST' 'I' @524  3313 (0x00000cf1)
 - public static final 'GL_UNPACK_ROW_LENGTH' 'I' @528  3314 (0x00000cf2)
 - public static final 'GL_UNPACK_SKIP_ROWS' 'I' @532  3315 (0x00000cf3)
 - public static final 'GL_UNPACK_SKIP_PIXELS' 'I' @536  3316 (0x00000cf4)
 - public static final 'GL_UNPACK_ALIGNMENT' 'I' @540  3317 (0x00000cf5)
 - public static final 'GL_PACK_SWAP_BYTES' 'I' @544  3328 (0x00000d00)
 - public static final 'GL_PACK_LSB_FIRST' 'I' @548  3329 (0x00000d01)
 - public static final 'GL_PACK_ROW_LENGTH' 'I' @552  3330 (0x00000d02)
 - public static final 'GL_PACK_SKIP_ROWS' 'I' @556  3331 (0x00000d03)
 - public static final 'GL_PACK_SKIP_PIXELS' 'I' @560  3332 (0x00000d04)
 - public static final 'GL_PACK_ALIGNMENT' 'I' @564  3333 (0x00000d05)
 - public static final 'GL_MAX_TEXTURE_SIZE' 'I' @568  3379 (0x00000d33)
 - public static final 'GL_MAX_VIEWPORT_DIMS' 'I' @572  3386 (0x00000d3a)
 - public static final 'GL_SUBPIXEL_BITS' 'I' @576  3408 (0x00000d50)
 - public static final 'GL_TEXTURE_1D' 'I' @580  3552 (0x00000de0)
 - public static final 'GL_TEXTURE_2D' 'I' @584  3553 (0x00000de1)
 - public static final 'GL_TEXTURE_WIDTH' 'I' @588  4096 (0x00001000)
 - public static final 'GL_TEXTURE_HEIGHT' 'I' @592  4097 (0x00001001)
 - public static final 'GL_TEXTURE_INTERNAL_FORMAT' 'I' @596  4099 (0x00001003)
 - public static final 'GL_TEXTURE_BORDER_COLOR' 'I' @600  4100 (0x00001004)
 - public static final 'GL_DONT_CARE' 'I' @604  4352 (0x00001100)
 - public static final 'GL_FASTEST' 'I' @608  4353 (0x00001101)
 - public static final 'GL_NICEST' 'I' @612  4354 (0x00001102)
 - public static final 'GL_CLEAR' 'I' @616  5376 (0x00001500)
 - public static final 'GL_AND' 'I' @620  5377 (0x00001501)
 - public static final 'GL_AND_REVERSE' 'I' @624  5378 (0x00001502)
 - public static final 'GL_COPY' 'I' @628  5379 (0x00001503)
 - public static final 'GL_AND_INVERTED' 'I' @632  5380 (0x00001504)
 - public static final 'GL_NOOP' 'I' @636  5381 (0x00001505)
 - public static final 'GL_XOR' 'I' @640  5382 (0x00001506)
 - public static final 'GL_OR' 'I' @644  5383 (0x00001507)
 - public static final 'GL_NOR' 'I' @648  5384 (0x00001508)
 - public static final 'GL_EQUIV' 'I' @652  5385 (0x00001509)
 - public static final 'GL_INVERT' 'I' @656  5386 (0x0000150a)
 - public static final 'GL_OR_REVERSE' 'I' @660  5387 (0x0000150b)
 - public static final 'GL_COPY_INVERTED' 'I' @664  5388 (0x0000150c)
 - public static final 'GL_OR_INVERTED' 'I' @668  5389 (0x0000150d)
 - public static final 'GL_NAND' 'I' @672  5390 (0x0000150e)
 - public static final 'GL_SET' 'I' @676  5391 (0x0000150f)
 - public static final 'GL_TEXTURE' 'I' @680  5890 (0x00001702)
 - public static final 'GL_COLOR' 'I' @684  6144 (0x00001800)
 - public static final 'GL_DEPTH' 'I' @688  6145 (0x00001801)
 - public static final 'GL_STENCIL' 'I' @692  6146 (0x00001802)
 - public static final 'GL_STENCIL_INDEX' 'I' @696  6401 (0x00001901)
 - public static final 'GL_DEPTH_COMPONENT' 'I' @700  6402 (0x00001902)
 - public static final 'GL_RED' 'I' @704  6403 (0x00001903)
 - public static final 'GL_GREEN' 'I' @708  6404 (0x00001904)
 - public static final 'GL_BLUE' 'I' @712  6405 (0x00001905)
 - public static final 'GL_ALPHA' 'I' @716  6406 (0x00001906)
 - public static final 'GL_RGB' 'I' @720  6407 (0x00001907)
 - public static final 'GL_RGBA' 'I' @724  6408 (0x00001908)
 - public static final 'GL_POINT' 'I' @728  6912 (0x00001b00)
 - public static final 'GL_LINE' 'I' @732  6913 (0x00001b01)
 - public static final 'GL_FILL' 'I' @736  6914 (0x00001b02)
 - public static final 'GL_KEEP' 'I' @740  7680 (0x00001e00)
 - public static final 'GL_REPLACE' 'I' @744  7681 (0x00001e01)
 - public static final 'GL_INCR' 'I' @748  7682 (0x00001e02)
 - public static final 'GL_DECR' 'I' @752  7683 (0x00001e03)
 - public static final 'GL_VENDOR' 'I' @756  7936 (0x00001f00)
 - public static final 'GL_RENDERER' 'I' @760  7937 (0x00001f01)
 - public static final 'GL_VERSION' 'I' @764  7938 (0x00001f02)
 - public static final 'GL_EXTENSIONS' 'I' @768  7939 (0x00001f03)
 - public static final 'GL_NEAREST' 'I' @772  9728 (0x00002600)
 - public static final 'GL_LINEAR' 'I' @776  9729 (0x00002601)
 - public static final 'GL_NEAREST_MIPMAP_NEAREST' 'I' @780  9984 (0x00002700)
 - public static final 'GL_LINEAR_MIPMAP_NEAREST' 'I' @784  9985 (0x00002701)
 - public static final 'GL_NEAREST_MIPMAP_LINEAR' 'I' @788  9986 (0x00002702)
 - public static final 'GL_LINEAR_MIPMAP_LINEAR' 'I' @792  9987 (0x00002703)
 - public static final 'GL_TEXTURE_MAG_FILTER' 'I' @796  10240 (0x00002800)
 - public static final 'GL_TEXTURE_MIN_FILTER' 'I' @800  10241 (0x00002801)
 - public static final 'GL_TEXTURE_WRAP_S' 'I' @804  10242 (0x00002802)
 - public static final 'GL_TEXTURE_WRAP_T' 'I' @808  10243 (0x00002803)
 - public static final 'GL_REPEAT' 'I' @812  10497 (0x00002901)
 - public static final 'GL_POLYGON_OFFSET_FACTOR' 'I' @816  32824 (0x00008038)
 - public static final 'GL_POLYGON_OFFSET_UNITS' 'I' @820  10752 (0x00002a00)
 - public static final 'GL_POLYGON_OFFSET_POINT' 'I' @824  10753 (0x00002a01)
 - public static final 'GL_POLYGON_OFFSET_LINE' 'I' @828  10754 (0x00002a02)
 - public static final 'GL_POLYGON_OFFSET_FILL' 'I' @832  32823 (0x00008037)
 - public static final 'GL_R3_G3_B2' 'I' @836  10768 (0x00002a10)
 - public static final 'GL_RGB4' 'I' @840  32847 (0x0000804f)
 - public static final 'GL_RGB5' 'I' @844  32848 (0x00008050)
 - public static final 'GL_RGB8' 'I' @848  32849 (0x00008051)
 - public static final 'GL_RGB10' 'I' @852  32850 (0x00008052)
 - public static final 'GL_RGB12' 'I' @856  32851 (0x00008053)
 - public static final 'GL_RGB16' 'I' @860  32852 (0x00008054)
 - public static final 'GL_RGBA2' 'I' @864  32853 (0x00008055)
 - public static final 'GL_RGBA4' 'I' @868  32854 (0x00008056)
 - public static final 'GL_RGB5_A1' 'I' @872  32855 (0x00008057)
 - public static final 'GL_RGBA8' 'I' @876  32856 (0x00008058)
 - public static final 'GL_RGB10_A2' 'I' @880  32857 (0x00008059)
 - public static final 'GL_RGBA12' 'I' @884  32858 (0x0000805a)
 - public static final 'GL_RGBA16' 'I' @888  32859 (0x0000805b)
 - public static final 'GL_TEXTURE_RED_SIZE' 'I' @892  32860 (0x0000805c)
 - public static final 'GL_TEXTURE_GREEN_SIZE' 'I' @896  32861 (0x0000805d)
 - public static final 'GL_TEXTURE_BLUE_SIZE' 'I' @900  32862 (0x0000805e)
 - public static final 'GL_TEXTURE_ALPHA_SIZE' 'I' @904  32863 (0x0000805f)
 - public static final 'GL_PROXY_TEXTURE_1D' 'I' @908  32867 (0x00008063)
 - public static final 'GL_PROXY_TEXTURE_2D' 'I' @912  32868 (0x00008064)
 - public static final 'GL_TEXTURE_BINDING_1D' 'I' @916  32872 (0x00008068)
 - public static final 'GL_TEXTURE_BINDING_2D' 'I' @920  32873 (0x00008069)
 - public static final 'GL_VERTEX_ARRAY' 'I' @924  32884 (0x00008074)
R12=0x0 is null
R13=0x000002049e522b90 is pointing into metadata
R14=0x000000e49adff2b0 is pointing into the stack for thread: 0x0000020437621050
R15=0x0000020437621050 is a thread

Top of Stack: (sp=0x000000e49adff218)
0x000000e49adff218:   0000020446ed0716 000002049e522b98
0x000000e49adff228:   0000000000000000 0000000000000000
0x000000e49adff238:   000000e49adff300 0000020446ed0204
0x000000e49adff248:   000000e49adff248 000002049e522b90
0x000000e49adff258:   0000000000000004 000002049e52e958
0x000000e49adff268:   0000000000000000 00000006206c1ea0
0x000000e49adff278:   000002049e522b98 0000000000000000
0x000000e49adff288:   000000e49adff2b0 000000e49adff300
0x000000e49adff298:   0000020446ec919a 00000006206c1ea0
0x000000e49adff2a8:   0000020446ecc697 0000000000004000
0x000000e49adff2b8:   000000e49adff2b8 000002049e4e2a59
0x000000e49adff2c8:   0000000000000002 000002049e510000
0x000000e49adff2d8:   0000000000000000 00000006205f6a20
0x000000e49adff2e8:   000002049e4e2a80 000000e49adff2b0
0x000000e49adff2f8:   000000e49adff310 000000e49adff360
0x000000e49adff308:   0000020446ec919a 0000000000004000
0x000000e49adff318:   000000e49adff318 000002049e406254
0x000000e49adff328:   000000000000000d 000002049e4064b0
0x000000e49adff338:   0000000000000000 0000000620844978
0x000000e49adff348:   000002049e4063c0 000000e49adff310
0x000000e49adff358:   000000e49adff3c8 000000e49adff418
0x000000e49adff368:   0000020446ec919a 0000000000000000
0x000000e49adff378:   0000000000000000 0000000000000000
0x000000e49adff388:   0000000000000000 0000000000000000
0x000000e49adff398:   0000000000000000 0000000000000000
0x000000e49adff3a8:   0000000000000000 000000003e20d97c
0x000000e49adff3b8:   0000000040c90fdb 0000000000000000
0x000000e49adff3c8:   0000000620844a68 000000e49adff3d0
0x000000e49adff3d8:   000002049e405337 0000000000000003
0x000000e49adff3e8:   000002049e4053e8 0000000000000000
0x000000e49adff3f8:   000000062083f498 000002049e405360
0x000000e49adff408:   000000e49adff3c8 000000e49adff430 

Instructions: (pc=0x00007ffd5f5cc59a)
0x00007ffd5f5cc49a:   cc cc cc cc cc cc 48 8b 01 49 8b c8 48 8b 50 18
0x00007ffd5f5cc4aa:   48 ff a2 58 0a 00 00 cc cc cc cc cc cc cc cc cc
0x00007ffd5f5cc4ba:   cc cc cc cc cc cc 48 8b 01 49 8b c8 48 8b 50 18
0x00007ffd5f5cc4ca:   48 ff a2 60 0a 00 00 cc cc cc cc cc cc cc cc cc
0x00007ffd5f5cc4da:   cc cc cc cc cc cc 48 8b 01 49 8b c8 48 8b 50 18
0x00007ffd5f5cc4ea:   48 ff a2 68 0a 00 00 cc cc cc cc cc cc cc cc cc
0x00007ffd5f5cc4fa:   cc cc cc cc cc cc 40 53 48 8b 01 41 8b d8 44 8b
0x00007ffd5f5cc50a:   44 24 30 41 8b d1 4c 8b 4c 24 38 8b cb 4c 8b 50
0x00007ffd5f5cc51a:   18 5b 49 ff a2 70 0a 00 00 cc cc cc cc cc cc cc
0x00007ffd5f5cc52a:   cc cc cc cc cc cc 48 8b 01 41 8b c8 48 8b 50 18
0x00007ffd5f5cc53a:   48 ff 22 cc cc cc 48 8b 01 41 8b c8 48 8b 50 18
0x00007ffd5f5cc54a:   48 ff 62 08 cc cc 48 8b 01 41 8b d1 41 8b c8 4c
0x00007ffd5f5cc55a:   8b 50 18 49 ff 62 38 cc cc cc cc cc cc cc cc cc
0x00007ffd5f5cc56a:   cc cc cc cc cc cc 48 8b 01 41 8b d1 41 8b c8 4c
0x00007ffd5f5cc57a:   8b 50 18 49 ff 62 48 cc cc cc cc cc cc cc cc cc
0x00007ffd5f5cc58a:   cc cc cc cc cc cc 48 8b 01 41 8b c8 48 8b 50 18
0x00007ffd5f5cc59a:   48 ff 62 60 cc cc 48 8b 01 0f 28 cb f3 0f 10 5c
0x00007ffd5f5cc5aa:   24 30 0f 28 c2 f3 0f 10 54 24 28 48 8b 48 18 48
0x00007ffd5f5cc5ba:   ff 61 70 cc cc cc 48 8b 01 0f 28 c2 48 8b 48 18
0x00007ffd5f5cc5ca:   48 ff 61 78 cc cc 48 8b 01 41 8b c8 48 8b 50 18
0x00007ffd5f5cc5da:   48 ff a2 88 00 00 00 cc cc cc cc cc cc cc cc cc
0x00007ffd5f5cc5ea:   cc cc cc cc cc cc 40 53 48 8b 01 41 0f b6 d8 44
0x00007ffd5f5cc5fa:   0f b6 44 24 30 41 0f b6 d1 44 0f b6 4c 24 38 0f
0x00007ffd5f5cc60a:   b6 cb 4c 8b 50 18 5b 49 ff a2 98 01 00 00 cc cc
0x00007ffd5f5cc61a:   cc cc cc cc cc cc 48 8b 01 41 8b c8 48 8b 50 18
0x00007ffd5f5cc62a:   48 ff a2 b8 01 00 00 cc cc cc cc cc cc cc cc cc
0x00007ffd5f5cc63a:   cc cc cc cc cc cc 48 8b 01 41 8b c8 48 8b 50 18
0x00007ffd5f5cc64a:   48 ff a2 c8 01 00 00 cc cc cc cc cc cc cc cc cc
0x00007ffd5f5cc65a:   cc cc cc cc cc cc 48 8b 01 41 0f b6 c8 48 8b 50
0x00007ffd5f5cc66a:   18 48 ff a2 d0 01 00 00 cc cc cc cc cc cc cc cc
0x00007ffd5f5cc67a:   cc cc cc cc cc cc 48 8b 01 0f 28 cb 0f 28 c2 48
0x00007ffd5f5cc68a:   8b 48 18 48 ff a1 d8 01 00 00 cc cc cc cc cc cc 


Stack slot to memory mapping:

stack at sp + 0 slots: 0x0000020446ed0716 is at code_begin+1974 in an Interpreter codelet
native method entry point (kind = native)  [0x0000020446ecff60, 0x0000020446ed1198]  4664 bytes
stack at sp + 1 slots: {method} {0x000002049e522ba0} 'glClear' '(I)V' in 'org/lwjgl/opengl/GL11C'
stack at sp + 2 slots: 0x0 is null
stack at sp + 3 slots: 0x0 is null
stack at sp + 4 slots: 0x000000e49adff300 is pointing into the stack for thread: 0x0000020437621050
stack at sp + 5 slots: 0x0000020446ed0204 is at code_begin+676 in an Interpreter codelet
native method entry point (kind = native)  [0x0000020446ecff60, 0x0000020446ed1198]  4664 bytes
stack at sp + 6 slots: 0x000000e49adff248 is pointing into the stack for thread: 0x0000020437621050
stack at sp + 7 slots: 0x000002049e522b90 is pointing into metadata


---------------  P R O C E S S  ---------------

Threads class SMR info:
_java_thread_list=0x000002045c4d8e50, length=14, elements={
0x0000020437621050, 0x000002045c37f860, 0x000002045c380580, 0x000002045c382c10,
0x000002045c3839d0, 0x000002045c388490, 0x000002045c391710, 0x000002045c3934b0,
0x000002045c39ef20, 0x000002045c46afd0, 0x000002045c531b00, 0x000002045c5325a0,
0x000002045c532e30, 0x000002045c69ccd0
}

Java Threads: ( => current thread )
=>0x0000020437621050 JavaThread "main"                              [_thread_in_native, id=18128, stack(0x000000e49ad00000,0x000000e49ae00000) (1024K)]
  0x000002045c37f860 JavaThread "Reference Handler"          daemon [_thread_blocked, id=9672, stack(0x000000e49b500000,0x000000e49b600000) (1024K)]
  0x000002045c380580 JavaThread "Finalizer"                  daemon [_thread_blocked, id=15952, stack(0x000000e49b600000,0x000000e49b700000) (1024K)]
  0x000002045c382c10 JavaThread "Signal Dispatcher"          daemon [_thread_blocked, id=4784, stack(0x000000e49b700000,0x000000e49b800000) (1024K)]
  0x000002045c3839d0 JavaThread "Attach Listener"            daemon [_thread_blocked, id=12096, stack(0x000000e49b800000,0x000000e49b900000) (1024K)]
  0x000002045c388490 JavaThread "Service Thread"             daemon [_thread_blocked, id=17608, stack(0x000000e49b900000,0x000000e49ba00000) (1024K)]
  0x000002045c391710 JavaThread "Monitor Deflation Thread"   daemon [_thread_blocked, id=18428, stack(0x000000e49ba00000,0x000000e49bb00000) (1024K)]
  0x000002045c3934b0 JavaThread "C2 CompilerThread0"         daemon [_thread_blocked, id=18476, stack(0x000000e49bb00000,0x000000e49bc00000) (1024K)]
  0x000002045c39ef20 JavaThread "C1 CompilerThread0"         daemon [_thread_blocked, id=12164, stack(0x000000e49bc00000,0x000000e49bd00000) (1024K)]
  0x000002045c46afd0 JavaThread "Common-Cleaner"             daemon [_thread_blocked, id=6932, stack(0x000000e49bd00000,0x000000e49be00000) (1024K)]
  0x000002045c531b00 JavaThread "JDWP Transport Listener: dt_socket" daemon [_thread_blocked, id=13904, stack(0x000000e49c000000,0x000000e49c100000) (1024K)]
  0x000002045c5325a0 JavaThread "JDWP Event Helper Thread"   daemon [_thread_blocked, id=15408, stack(0x000000e49c100000,0x000000e49c200000) (1024K)]
  0x000002045c532e30 JavaThread "JDWP Command Reader"        daemon [_thread_in_native, id=18256, stack(0x000000e49c200000,0x000000e49c300000) (1024K)]
  0x000002045c69ccd0 JavaThread "Notification Thread"        daemon [_thread_blocked, id=18168, stack(0x000000e49c300000,0x000000e49c400000) (1024K)]
Total: 14

Other Threads:
  0x000002045c362bc0 VMThread "VM Thread"                           [id=18948, stack(0x000000e49b400000,0x000000e49b500000) (1024K)]
  0x0000020459579d50 WatcherThread "VM Periodic Task Thread"        [id=19096, stack(0x000000e49b300000,0x000000e49b400000) (1024K)]
  0x000002043768b3a0 WorkerThread "GC Thread#0"                     [id=14556, stack(0x000000e49ae00000,0x000000e49af00000) (1024K)]
  0x000002043769c4b0 ConcurrentGCThread "G1 Main Marker"            [id=19308, stack(0x000000e49af00000,0x000000e49b000000) (1024K)]
  0x000002043769d750 WorkerThread "G1 Conc#0"                       [id=6592, stack(0x000000e49b000000,0x000000e49b100000) (1024K)]
  0x000002045943c570 ConcurrentGCThread "G1 Refine#0"               [id=12588, stack(0x000000e49b100000,0x000000e49b200000) (1024K)]
  0x000002045943d0e0 ConcurrentGCThread "G1 Service"                [id=12144, stack(0x000000e49b200000,0x000000e49b300000) (1024K)]
Total: 7

Threads with active compile tasks:
Total: 0

VM state: not at safepoint (normal execution)

VM Mutex/Monitor currently owned by a thread: None

Heap address: 0x0000000601000000, size: 8176 MB, Compressed Oops mode: Zero based, Oop shift amount: 3

CDS archive(s) mapped at: [0x000002045d000000-0x000002045dc90000-0x000002045dc90000), size 13172736, SharedBaseAddress: 0x000002045d000000, ArchiveRelocationMode: 1.
Compressed class space mapped at: 0x000002045e000000-0x000002049e000000, reserved size: 1073741824
Narrow klass base: 0x000002045d000000, Narrow klass shift: 0, Narrow klass range: 0x100000000

GC Precious Log:
 CardTable entry size: 512
 Card Set container configuration: InlinePtr #cards 4 size 8 Array Of Cards #cards 32 size 80 Howl #buckets 8 coarsen threshold 7372 Howl Bitmap #cards 1024 size 144 coarsen threshold 921 Card regions per heap region 1 cards per card region 8192
 CPUs: 16 total, 16 available
 Memory: 32693M
 Large Page Support: Disabled
 NUMA Support: Disabled
 Compressed Oops: Enabled (Zero based)
 Heap Region Size: 4M
 Heap Min Capacity: 8M
 Heap Initial Capacity: 512M
 Heap Max Capacity: 8176M
 Pre-touch: Disabled
 Parallel Workers: 13
 Concurrent Workers: 3
 Concurrent Refinement Workers: 13
 Periodic GC: Disabled

Heap:
 garbage-first heap   total 524288K, used 8192K [0x0000000601000000, 0x0000000800000000)
  region size 4096K, 3 young (12288K), 0 survivors (0K)
 Metaspace       used 2775K, committed 2944K, reserved 1114112K
  class space    used 199K, committed 320K, reserved 1048576K

Heap Regions: E=young(eden), S=young(survivor), O=old, HS=humongous(starts), HC=humongous(continues), CS=collection set, F=free, TAMS=top-at-mark-start, PB=parsable bottom
|   0|0x0000000601000000, 0x0000000601000000, 0x0000000601400000|  0%| F|  |TAMS 0x0000000601000000| PB 0x0000000601000000| Untracked 
|   1|0x0000000601400000, 0x0000000601400000, 0x0000000601800000|  0%| F|  |TAMS 0x0000000601400000| PB 0x0000000601400000| Untracked 
|   2|0x0000000601800000, 0x0000000601800000, 0x0000000601c00000|  0%| F|  |TAMS 0x0000000601800000| PB 0x0000000601800000| Untracked 
|   3|0x0000000601c00000, 0x0000000601c00000, 0x0000000602000000|  0%| F|  |TAMS 0x0000000601c00000| PB 0x0000000601c00000| Untracked 
|   4|0x0000000602000000, 0x0000000602000000, 0x0000000602400000|  0%| F|  |TAMS 0x0000000602000000| PB 0x0000000602000000| Untracked 
|   5|0x0000000602400000, 0x0000000602400000, 0x0000000602800000|  0%| F|  |TAMS 0x0000000602400000| PB 0x0000000602400000| Untracked 
|   6|0x0000000602800000, 0x0000000602800000, 0x0000000602c00000|  0%| F|  |TAMS 0x0000000602800000| PB 0x0000000602800000| Untracked 
|   7|0x0000000602c00000, 0x0000000602c00000, 0x0000000603000000|  0%| F|  |TAMS 0x0000000602c00000| PB 0x0000000602c00000| Untracked 
|   8|0x0000000603000000, 0x0000000603000000, 0x0000000603400000|  0%| F|  |TAMS 0x0000000603000000| PB 0x0000000603000000| Untracked 
|   9|0x0000000603400000, 0x0000000603400000, 0x0000000603800000|  0%| F|  |TAMS 0x0000000603400000| PB 0x0000000603400000| Untracked 
|  10|0x0000000603800000, 0x0000000603800000, 0x0000000603c00000|  0%| F|  |TAMS 0x0000000603800000| PB 0x0000000603800000| Untracked 
|  11|0x0000000603c00000, 0x0000000603c00000, 0x0000000604000000|  0%| F|  |TAMS 0x0000000603c00000| PB 0x0000000603c00000| Untracked 
|  12|0x0000000604000000, 0x0000000604000000, 0x0000000604400000|  0%| F|  |TAMS 0x0000000604000000| PB 0x0000000604000000| Untracked 
|  13|0x0000000604400000, 0x0000000604400000, 0x0000000604800000|  0%| F|  |TAMS 0x0000000604400000| PB 0x0000000604400000| Untracked 
|  14|0x0000000604800000, 0x0000000604800000, 0x0000000604c00000|  0%| F|  |TAMS 0x0000000604800000| PB 0x0000000604800000| Untracked 
|  15|0x0000000604c00000, 0x0000000604c00000, 0x0000000605000000|  0%| F|  |TAMS 0x0000000604c00000| PB 0x0000000604c00000| Untracked 
|  16|0x0000000605000000, 0x0000000605000000, 0x0000000605400000|  0%| F|  |TAMS 0x0000000605000000| PB 0x0000000605000000| Untracked 
|  17|0x0000000605400000, 0x0000000605400000, 0x0000000605800000|  0%| F|  |TAMS 0x0000000605400000| PB 0x0000000605400000| Untracked 
|  18|0x0000000605800000, 0x0000000605800000, 0x0000000605c00000|  0%| F|  |TAMS 0x0000000605800000| PB 0x0000000605800000| Untracked 
|  19|0x0000000605c00000, 0x0000000605c00000, 0x0000000606000000|  0%| F|  |TAMS 0x0000000605c00000| PB 0x0000000605c00000| Untracked 
|  20|0x0000000606000000, 0x0000000606000000, 0x0000000606400000|  0%| F|  |TAMS 0x0000000606000000| PB 0x0000000606000000| Untracked 
|  21|0x0000000606400000, 0x0000000606400000, 0x0000000606800000|  0%| F|  |TAMS 0x0000000606400000| PB 0x0000000606400000| Untracked 
|  22|0x0000000606800000, 0x0000000606800000, 0x0000000606c00000|  0%| F|  |TAMS 0x0000000606800000| PB 0x0000000606800000| Untracked 
|  23|0x0000000606c00000, 0x0000000606c00000, 0x0000000607000000|  0%| F|  |TAMS 0x0000000606c00000| PB 0x0000000606c00000| Untracked 
|  24|0x0000000607000000, 0x0000000607000000, 0x0000000607400000|  0%| F|  |TAMS 0x0000000607000000| PB 0x0000000607000000| Untracked 
|  25|0x0000000607400000, 0x0000000607400000, 0x0000000607800000|  0%| F|  |TAMS 0x0000000607400000| PB 0x0000000607400000| Untracked 
|  26|0x0000000607800000, 0x0000000607800000, 0x0000000607c00000|  0%| F|  |TAMS 0x0000000607800000| PB 0x0000000607800000| Untracked 
|  27|0x0000000607c00000, 0x0000000607c00000, 0x0000000608000000|  0%| F|  |TAMS 0x0000000607c00000| PB 0x0000000607c00000| Untracked 
|  28|0x0000000608000000, 0x0000000608000000, 0x0000000608400000|  0%| F|  |TAMS 0x0000000608000000| PB 0x0000000608000000| Untracked 
|  29|0x0000000608400000, 0x0000000608400000, 0x0000000608800000|  0%| F|  |TAMS 0x0000000608400000| PB 0x0000000608400000| Untracked 
|  30|0x0000000608800000, 0x0000000608800000, 0x0000000608c00000|  0%| F|  |TAMS 0x0000000608800000| PB 0x0000000608800000| Untracked 
|  31|0x0000000608c00000, 0x0000000608c00000, 0x0000000609000000|  0%| F|  |TAMS 0x0000000608c00000| PB 0x0000000608c00000| Untracked 
|  32|0x0000000609000000, 0x0000000609000000, 0x0000000609400000|  0%| F|  |TAMS 0x0000000609000000| PB 0x0000000609000000| Untracked 
|  33|0x0000000609400000, 0x0000000609400000, 0x0000000609800000|  0%| F|  |TAMS 0x0000000609400000| PB 0x0000000609400000| Untracked 
|  34|0x0000000609800000, 0x0000000609800000, 0x0000000609c00000|  0%| F|  |TAMS 0x0000000609800000| PB 0x0000000609800000| Untracked 
|  35|0x0000000609c00000, 0x0000000609c00000, 0x000000060a000000|  0%| F|  |TAMS 0x0000000609c00000| PB 0x0000000609c00000| Untracked 
|  36|0x000000060a000000, 0x000000060a000000, 0x000000060a400000|  0%| F|  |TAMS 0x000000060a000000| PB 0x000000060a000000| Untracked 
|  37|0x000000060a400000, 0x000000060a400000, 0x000000060a800000|  0%| F|  |TAMS 0x000000060a400000| PB 0x000000060a400000| Untracked 
|  38|0x000000060a800000, 0x000000060a800000, 0x000000060ac00000|  0%| F|  |TAMS 0x000000060a800000| PB 0x000000060a800000| Untracked 
|  39|0x000000060ac00000, 0x000000060ac00000, 0x000000060b000000|  0%| F|  |TAMS 0x000000060ac00000| PB 0x000000060ac00000| Untracked 
|  40|0x000000060b000000, 0x000000060b000000, 0x000000060b400000|  0%| F|  |TAMS 0x000000060b000000| PB 0x000000060b000000| Untracked 
|  41|0x000000060b400000, 0x000000060b400000, 0x000000060b800000|  0%| F|  |TAMS 0x000000060b400000| PB 0x000000060b400000| Untracked 
|  42|0x000000060b800000, 0x000000060b800000, 0x000000060bc00000|  0%| F|  |TAMS 0x000000060b800000| PB 0x000000060b800000| Untracked 
|  43|0x000000060bc00000, 0x000000060bc00000, 0x000000060c000000|  0%| F|  |TAMS 0x000000060bc00000| PB 0x000000060bc00000| Untracked 
|  44|0x000000060c000000, 0x000000060c000000, 0x000000060c400000|  0%| F|  |TAMS 0x000000060c000000| PB 0x000000060c000000| Untracked 
|  45|0x000000060c400000, 0x000000060c400000, 0x000000060c800000|  0%| F|  |TAMS 0x000000060c400000| PB 0x000000060c400000| Untracked 
|  46|0x000000060c800000, 0x000000060c800000, 0x000000060cc00000|  0%| F|  |TAMS 0x000000060c800000| PB 0x000000060c800000| Untracked 
|  47|0x000000060cc00000, 0x000000060cc00000, 0x000000060d000000|  0%| F|  |TAMS 0x000000060cc00000| PB 0x000000060cc00000| Untracked 
|  48|0x000000060d000000, 0x000000060d000000, 0x000000060d400000|  0%| F|  |TAMS 0x000000060d000000| PB 0x000000060d000000| Untracked 
|  49|0x000000060d400000, 0x000000060d400000, 0x000000060d800000|  0%| F|  |TAMS 0x000000060d400000| PB 0x000000060d400000| Untracked 
|  50|0x000000060d800000, 0x000000060d800000, 0x000000060dc00000|  0%| F|  |TAMS 0x000000060d800000| PB 0x000000060d800000| Untracked 
|  51|0x000000060dc00000, 0x000000060dc00000, 0x000000060e000000|  0%| F|  |TAMS 0x000000060dc00000| PB 0x000000060dc00000| Untracked 
|  52|0x000000060e000000, 0x000000060e000000, 0x000000060e400000|  0%| F|  |TAMS 0x000000060e000000| PB 0x000000060e000000| Untracked 
|  53|0x000000060e400000, 0x000000060e400000, 0x000000060e800000|  0%| F|  |TAMS 0x000000060e400000| PB 0x000000060e400000| Untracked 
|  54|0x000000060e800000, 0x000000060e800000, 0x000000060ec00000|  0%| F|  |TAMS 0x000000060e800000| PB 0x000000060e800000| Untracked 
|  55|0x000000060ec00000, 0x000000060ec00000, 0x000000060f000000|  0%| F|  |TAMS 0x000000060ec00000| PB 0x000000060ec00000| Untracked 
|  56|0x000000060f000000, 0x000000060f000000, 0x000000060f400000|  0%| F|  |TAMS 0x000000060f000000| PB 0x000000060f000000| Untracked 
|  57|0x000000060f400000, 0x000000060f400000, 0x000000060f800000|  0%| F|  |TAMS 0x000000060f400000| PB 0x000000060f400000| Untracked 
|  58|0x000000060f800000, 0x000000060f800000, 0x000000060fc00000|  0%| F|  |TAMS 0x000000060f800000| PB 0x000000060f800000| Untracked 
|  59|0x000000060fc00000, 0x000000060fc00000, 0x0000000610000000|  0%| F|  |TAMS 0x000000060fc00000| PB 0x000000060fc00000| Untracked 
|  60|0x0000000610000000, 0x0000000610000000, 0x0000000610400000|  0%| F|  |TAMS 0x0000000610000000| PB 0x0000000610000000| Untracked 
|  61|0x0000000610400000, 0x0000000610400000, 0x0000000610800000|  0%| F|  |TAMS 0x0000000610400000| PB 0x0000000610400000| Untracked 
|  62|0x0000000610800000, 0x0000000610800000, 0x0000000610c00000|  0%| F|  |TAMS 0x0000000610800000| PB 0x0000000610800000| Untracked 
|  63|0x0000000610c00000, 0x0000000610c00000, 0x0000000611000000|  0%| F|  |TAMS 0x0000000610c00000| PB 0x0000000610c00000| Untracked 
|  64|0x0000000611000000, 0x0000000611000000, 0x0000000611400000|  0%| F|  |TAMS 0x0000000611000000| PB 0x0000000611000000| Untracked 
|  65|0x0000000611400000, 0x0000000611400000, 0x0000000611800000|  0%| F|  |TAMS 0x0000000611400000| PB 0x0000000611400000| Untracked 
|  66|0x0000000611800000, 0x0000000611800000, 0x0000000611c00000|  0%| F|  |TAMS 0x0000000611800000| PB 0x0000000611800000| Untracked 
|  67|0x0000000611c00000, 0x0000000611c00000, 0x0000000612000000|  0%| F|  |TAMS 0x0000000611c00000| PB 0x0000000611c00000| Untracked 
|  68|0x0000000612000000, 0x0000000612000000, 0x0000000612400000|  0%| F|  |TAMS 0x0000000612000000| PB 0x0000000612000000| Untracked 
|  69|0x0000000612400000, 0x0000000612400000, 0x0000000612800000|  0%| F|  |TAMS 0x0000000612400000| PB 0x0000000612400000| Untracked 
|  70|0x0000000612800000, 0x0000000612800000, 0x0000000612c00000|  0%| F|  |TAMS 0x0000000612800000| PB 0x0000000612800000| Untracked 
|  71|0x0000000612c00000, 0x0000000612c00000, 0x0000000613000000|  0%| F|  |TAMS 0x0000000612c00000| PB 0x0000000612c00000| Untracked 
|  72|0x0000000613000000, 0x0000000613000000, 0x0000000613400000|  0%| F|  |TAMS 0x0000000613000000| PB 0x0000000613000000| Untracked 
|  73|0x0000000613400000, 0x0000000613400000, 0x0000000613800000|  0%| F|  |TAMS 0x0000000613400000| PB 0x0000000613400000| Untracked 
|  74|0x0000000613800000, 0x0000000613800000, 0x0000000613c00000|  0%| F|  |TAMS 0x0000000613800000| PB 0x0000000613800000| Untracked 
|  75|0x0000000613c00000, 0x0000000613c00000, 0x0000000614000000|  0%| F|  |TAMS 0x0000000613c00000| PB 0x0000000613c00000| Untracked 
|  76|0x0000000614000000, 0x0000000614000000, 0x0000000614400000|  0%| F|  |TAMS 0x0000000614000000| PB 0x0000000614000000| Untracked 
|  77|0x0000000614400000, 0x0000000614400000, 0x0000000614800000|  0%| F|  |TAMS 0x0000000614400000| PB 0x0000000614400000| Untracked 
|  78|0x0000000614800000, 0x0000000614800000, 0x0000000614c00000|  0%| F|  |TAMS 0x0000000614800000| PB 0x0000000614800000| Untracked 
|  79|0x0000000614c00000, 0x0000000614c00000, 0x0000000615000000|  0%| F|  |TAMS 0x0000000614c00000| PB 0x0000000614c00000| Untracked 
|  80|0x0000000615000000, 0x0000000615000000, 0x0000000615400000|  0%| F|  |TAMS 0x0000000615000000| PB 0x0000000615000000| Untracked 
|  81|0x0000000615400000, 0x0000000615400000, 0x0000000615800000|  0%| F|  |TAMS 0x0000000615400000| PB 0x0000000615400000| Untracked 
|  82|0x0000000615800000, 0x0000000615800000, 0x0000000615c00000|  0%| F|  |TAMS 0x0000000615800000| PB 0x0000000615800000| Untracked 
|  83|0x0000000615c00000, 0x0000000615c00000, 0x0000000616000000|  0%| F|  |TAMS 0x0000000615c00000| PB 0x0000000615c00000| Untracked 
|  84|0x0000000616000000, 0x0000000616000000, 0x0000000616400000|  0%| F|  |TAMS 0x0000000616000000| PB 0x0000000616000000| Untracked 
|  85|0x0000000616400000, 0x0000000616400000, 0x0000000616800000|  0%| F|  |TAMS 0x0000000616400000| PB 0x0000000616400000| Untracked 
|  86|0x0000000616800000, 0x0000000616800000, 0x0000000616c00000|  0%| F|  |TAMS 0x0000000616800000| PB 0x0000000616800000| Untracked 
|  87|0x0000000616c00000, 0x0000000616c00000, 0x0000000617000000|  0%| F|  |TAMS 0x0000000616c00000| PB 0x0000000616c00000| Untracked 
|  88|0x0000000617000000, 0x0000000617000000, 0x0000000617400000|  0%| F|  |TAMS 0x0000000617000000| PB 0x0000000617000000| Untracked 
|  89|0x0000000617400000, 0x0000000617400000, 0x0000000617800000|  0%| F|  |TAMS 0x0000000617400000| PB 0x0000000617400000| Untracked 
|  90|0x0000000617800000, 0x0000000617800000, 0x0000000617c00000|  0%| F|  |TAMS 0x0000000617800000| PB 0x0000000617800000| Untracked 
|  91|0x0000000617c00000, 0x0000000617c00000, 0x0000000618000000|  0%| F|  |TAMS 0x0000000617c00000| PB 0x0000000617c00000| Untracked 
|  92|0x0000000618000000, 0x0000000618000000, 0x0000000618400000|  0%| F|  |TAMS 0x0000000618000000| PB 0x0000000618000000| Untracked 
|  93|0x0000000618400000, 0x0000000618400000, 0x0000000618800000|  0%| F|  |TAMS 0x0000000618400000| PB 0x0000000618400000| Untracked 
|  94|0x0000000618800000, 0x0000000618800000, 0x0000000618c00000|  0%| F|  |TAMS 0x0000000618800000| PB 0x0000000618800000| Untracked 
|  95|0x0000000618c00000, 0x0000000618c00000, 0x0000000619000000|  0%| F|  |TAMS 0x0000000618c00000| PB 0x0000000618c00000| Untracked 
|  96|0x0000000619000000, 0x0000000619000000, 0x0000000619400000|  0%| F|  |TAMS 0x0000000619000000| PB 0x0000000619000000| Untracked 
|  97|0x0000000619400000, 0x0000000619400000, 0x0000000619800000|  0%| F|  |TAMS 0x0000000619400000| PB 0x0000000619400000| Untracked 
|  98|0x0000000619800000, 0x0000000619800000, 0x0000000619c00000|  0%| F|  |TAMS 0x0000000619800000| PB 0x0000000619800000| Untracked 
|  99|0x0000000619c00000, 0x0000000619c00000, 0x000000061a000000|  0%| F|  |TAMS 0x0000000619c00000| PB 0x0000000619c00000| Untracked 
| 100|0x000000061a000000, 0x000000061a000000, 0x000000061a400000|  0%| F|  |TAMS 0x000000061a000000| PB 0x000000061a000000| Untracked 
| 101|0x000000061a400000, 0x000000061a400000, 0x000000061a800000|  0%| F|  |TAMS 0x000000061a400000| PB 0x000000061a400000| Untracked 
| 102|0x000000061a800000, 0x000000061a800000, 0x000000061ac00000|  0%| F|  |TAMS 0x000000061a800000| PB 0x000000061a800000| Untracked 
| 103|0x000000061ac00000, 0x000000061ac00000, 0x000000061b000000|  0%| F|  |TAMS 0x000000061ac00000| PB 0x000000061ac00000| Untracked 
| 104|0x000000061b000000, 0x000000061b000000, 0x000000061b400000|  0%| F|  |TAMS 0x000000061b000000| PB 0x000000061b000000| Untracked 
| 105|0x000000061b400000, 0x000000061b400000, 0x000000061b800000|  0%| F|  |TAMS 0x000000061b400000| PB 0x000000061b400000| Untracked 
| 106|0x000000061b800000, 0x000000061b800000, 0x000000061bc00000|  0%| F|  |TAMS 0x000000061b800000| PB 0x000000061b800000| Untracked 
| 107|0x000000061bc00000, 0x000000061bc00000, 0x000000061c000000|  0%| F|  |TAMS 0x000000061bc00000| PB 0x000000061bc00000| Untracked 
| 108|0x000000061c000000, 0x000000061c000000, 0x000000061c400000|  0%| F|  |TAMS 0x000000061c000000| PB 0x000000061c000000| Untracked 
| 109|0x000000061c400000, 0x000000061c400000, 0x000000061c800000|  0%| F|  |TAMS 0x000000061c400000| PB 0x000000061c400000| Untracked 
| 110|0x000000061c800000, 0x000000061c800000, 0x000000061cc00000|  0%| F|  |TAMS 0x000000061c800000| PB 0x000000061c800000| Untracked 
| 111|0x000000061cc00000, 0x000000061cc00000, 0x000000061d000000|  0%| F|  |TAMS 0x000000061cc00000| PB 0x000000061cc00000| Untracked 
| 112|0x000000061d000000, 0x000000061d000000, 0x000000061d400000|  0%| F|  |TAMS 0x000000061d000000| PB 0x000000061d000000| Untracked 
| 113|0x000000061d400000, 0x000000061d400000, 0x000000061d800000|  0%| F|  |TAMS 0x000000061d400000| PB 0x000000061d400000| Untracked 
| 114|0x000000061d800000, 0x000000061d800000, 0x000000061dc00000|  0%| F|  |TAMS 0x000000061d800000| PB 0x000000061d800000| Untracked 
| 115|0x000000061dc00000, 0x000000061dc00000, 0x000000061e000000|  0%| F|  |TAMS 0x000000061dc00000| PB 0x000000061dc00000| Untracked 
| 116|0x000000061e000000, 0x000000061e000000, 0x000000061e400000|  0%| F|  |TAMS 0x000000061e000000| PB 0x000000061e000000| Untracked 
| 117|0x000000061e400000, 0x000000061e400000, 0x000000061e800000|  0%| F|  |TAMS 0x000000061e400000| PB 0x000000061e400000| Untracked 
| 118|0x000000061e800000, 0x000000061e800000, 0x000000061ec00000|  0%| F|  |TAMS 0x000000061e800000| PB 0x000000061e800000| Untracked 
| 119|0x000000061ec00000, 0x000000061ec00000, 0x000000061f000000|  0%| F|  |TAMS 0x000000061ec00000| PB 0x000000061ec00000| Untracked 
| 120|0x000000061f000000, 0x000000061f000000, 0x000000061f400000|  0%| F|  |TAMS 0x000000061f000000| PB 0x000000061f000000| Untracked 
| 121|0x000000061f400000, 0x000000061f400000, 0x000000061f800000|  0%| F|  |TAMS 0x000000061f400000| PB 0x000000061f400000| Untracked 
| 122|0x000000061f800000, 0x000000061f800000, 0x000000061fc00000|  0%| F|  |TAMS 0x000000061f800000| PB 0x000000061f800000| Untracked 
| 123|0x000000061fc00000, 0x000000061fc00000, 0x0000000620000000|  0%| F|  |TAMS 0x000000061fc00000| PB 0x000000061fc00000| Untracked 
| 124|0x0000000620000000, 0x0000000620000000, 0x0000000620400000|  0%| F|  |TAMS 0x0000000620000000| PB 0x0000000620000000| Untracked 
| 125|0x0000000620400000, 0x00000006206d18c0, 0x0000000620800000| 70%| E|  |TAMS 0x0000000620400000| PB 0x0000000620400000| Complete 
| 126|0x0000000620800000, 0x0000000620c00000, 0x0000000620c00000|100%| E|CS|TAMS 0x0000000620800000| PB 0x0000000620800000| Complete 
| 127|0x0000000620c00000, 0x0000000621000000, 0x0000000621000000|100%| E|CS|TAMS 0x0000000620c00000| PB 0x0000000620c00000| Complete 

Card table byte_map: [0x0000020450300000,0x0000020451300000] _byte_map_base: 0x000002044d2f8000

Marking Bits: (CMBitMap*) 0x000002043768baa0
 Bits: [0x0000020451300000, 0x00000204592c0000)

Polling page: 0x0000020435590000

Metaspace:

Usage:
  Non-class:      2.52 MB used.
      Class:    199.16 KB used.
       Both:      2.71 MB used.

Virtual space:
  Non-class space:       64.00 MB reserved,       2.56 MB (  4%) committed,  1 nodes.
      Class space:        1.00 GB reserved,     320.00 KB ( <1%) committed,  1 nodes.
             Both:        1.06 GB reserved,       2.88 MB ( <1%) committed. 

Chunk freelists:
   Non-Class:  10.81 MB
       Class:  15.67 MB
        Both:  26.48 MB

MaxMetaspaceSize: unlimited
CompressedClassSpaceSize: 1.00 GB
Initial GC threshold: 21.00 MB
Current GC threshold: 21.00 MB
CDS: on
 - commit_granule_bytes: 65536.
 - commit_granule_words: 8192.
 - virtual_space_node_default_size: 8388608.
 - enlarge_chunks_in_place: 1.
 - use_allocation_guard: 0.


Internal statistics:

num_allocs_failed_limit: 0.
num_arena_births: 76.
num_arena_deaths: 0.
num_vsnodes_births: 2.
num_vsnodes_deaths: 0.
num_space_committed: 46.
num_space_uncommitted: 0.
num_chunks_returned_to_freelist: 0.
num_chunks_taken_from_freelist: 132.
num_chunk_merges: 0.
num_chunk_splits: 95.
num_chunks_enlarged: 65.
num_inconsistent_stats: 0.

CodeHeap 'non-profiled nmethods': size=119168Kb used=106Kb max_used=106Kb free=119061Kb
 bounds [0x0000020447610000, 0x0000020447880000, 0x000002044ea70000]
CodeHeap 'profiled nmethods': size=119104Kb used=269Kb max_used=269Kb free=118834Kb
 bounds [0x000002043fa70000, 0x000002043fce0000, 0x0000020446ec0000]
CodeHeap 'non-nmethods': size=7488Kb used=2127Kb max_used=2454Kb free=5360Kb
 bounds [0x0000020446ec0000, 0x0000020447130000, 0x0000020447610000]
 total_blobs=1304 nmethods=265 adapters=944
 compilation: enabled
              stopped_count=0, restarted_count=0
 full_count=0

Compilation events (20 events):
Event: 0.094 Thread 0x000002045c4bcb20 nmethod 222 0x000002043faad710 code [0x000002043faad9c0, 0x000002043faae898]
Event: 0.094 Thread 0x000002045c4bda20  226       3       java.lang.String::replace (42 bytes)
Event: 0.094 Thread 0x000002045c4bcb20  227       3       jdk.internal.misc.Unsafe::allocateUninitializedArray (55 bytes)
Event: 0.094 Thread 0x000002045c39ef20 nmethod 225 0x000002043faaee10 code [0x000002043faaefe0, 0x000002043faaf330]
Event: 0.094 Thread 0x000002045c4bcb20 nmethod 227 0x000002043faaf410 code [0x000002043faaf620, 0x000002043faafad0]
Event: 0.094 Thread 0x000002045c4bda20 nmethod 226 0x000002043faafc90 code [0x000002043faafe60, 0x000002043fab01d0]
Event: 0.094 Thread 0x000002045c4bcb20  229       3       org.jetbrains.capture.org.objectweb.asm.Type::getInternalName (12 bytes)
Event: 0.094 Thread 0x000002045c4bcb20 nmethod 229 0x000002043fab0310 code [0x000002043fab04e0, 0x000002043fab0710]
Event: 0.094 Thread 0x000002045c3934b0  230       4       java.lang.StringLatin1::replace (198 bytes)
Event: 0.097 Thread 0x000002045c4bcb20  231       3       java.util.HashSet::contains (9 bytes)
Event: 0.097 Thread 0x000002045c4bcb20 nmethod 231 0x000002043fab0810 code [0x000002043fab09c0, 0x000002043fab0c60]
Event: 0.097 Thread 0x000002045c4bcb20  232       3       java.lang.StringUTF16::getChar (60 bytes)
Event: 0.097 Thread 0x000002045c4bcb20 nmethod 232 0x000002043fab0d90 code [0x000002043fab0f40, 0x000002043fab10b0]
Event: 0.098 Thread 0x000002045c4bcb20  233       3       java.lang.StringLatin1::newString (24 bytes)
Event: 0.098 Thread 0x000002045c39ef20  234       3       java.lang.String::isLatin1 (19 bytes)
Event: 0.098 Thread 0x000002045c4bda20  235       3       java.lang.String::charAt (25 bytes)
Event: 0.098 Thread 0x000002045c4bcb20 nmethod 233 0x000002043fab1190 code [0x000002043fab1460, 0x000002043fab22a0]
Event: 0.098 Thread 0x000002045c39ef20 nmethod 234 0x000002043fab2810 code [0x000002043fab29c0, 0x000002043fab2b40]
Event: 0.098 Thread 0x000002045c4bda20 nmethod 235 0x000002043fab2c10 code [0x000002043fab2e00, 0x000002043fab3360]
Event: 0.102 Thread 0x000002045c3934b0 nmethod 230 0x0000020447624510 code [0x00000204476246e0, 0x0000020447624d10]

GC Heap History (0 events):
No events

Dll operation events (10 events):
Event: 0.006 Loaded shared library C:\Program Files\Java\jdk-21\bin\java.dll
Event: 0.007 Loaded shared library C:\Program Files\Java\jdk-21\bin\zip.dll
Event: 0.031 Loaded shared library C:\Program Files\Java\jdk-21\bin\jsvml.dll
Event: 0.088 Loaded shared library C:\Program Files\Java\jdk-21\bin\instrument.dll
Event: 103.951 Loaded shared library C:\Program Files\Java\jdk-21\bin\net.dll
Event: 103.952 Loaded shared library C:\Program Files\Java\jdk-21\bin\nio.dll
Event: 103.970 Loaded shared library C:\Program Files\Java\jdk-21\bin\zip.dll
Event: 104.527 Loaded shared library C:\Program Files\Java\jdk-21\bin\jimage.dll
Event: 104.783 Loaded shared library C:\Users\chris\AppData\Local\Temp\lwjgl_chris\3.3.3+5\x64\lwjgl.dll
Event: 347.943 Loaded shared library C:\Users\chris\AppData\Local\Temp\lwjgl_chris\3.3.3+5\x64\lwjgl_opengl.dll

Deoptimization events (8 events):
Event: 0.097 Thread 0x0000020437621050 Uncommon trap: trap_request=0xffffff45 fr.pc=0x0000020447616790 relative=0x0000000000000070
Event: 0.097 Thread 0x0000020437621050 Uncommon trap: reason=unstable_if action=reinterpret pc=0x0000020447616790 method=java.lang.String.isLatin1()Z @ 10 c2
Event: 0.097 Thread 0x0000020437621050 DEOPT PACKING pc=0x0000020447616790 sp=0x000000e49adfe3e0
Event: 0.097 Thread 0x0000020437621050 DEOPT UNPACKING pc=0x0000020446f146a2 sp=0x000000e49adfe380 mode 2
Event: 0.097 Thread 0x0000020437621050 Uncommon trap: trap_request=0xffffff45 fr.pc=0x00000204476116fc relative=0x00000000000000dc
Event: 0.097 Thread 0x0000020437621050 Uncommon trap: reason=unstable_if action=reinterpret pc=0x00000204476116fc method=java.lang.String.isLatin1()Z @ 10 c2
Event: 0.097 Thread 0x0000020437621050 DEOPT PACKING pc=0x00000204476116fc sp=0x000000e49adfef00
Event: 0.097 Thread 0x0000020437621050 DEOPT UNPACKING pc=0x0000020446f146a2 sp=0x000000e49adfee50 mode 2

Classes loaded (20 events):
Event: 350.698 Loading class org/lwjgl/opengl/GL$2
Event: 350.698 Loading class org/lwjgl/opengl/GL$2 done
Event: 350.722 Loading class org/lwjgl/system/MemoryUtil$LazyInit
Event: 350.722 Loading class org/lwjgl/system/MemoryUtil$LazyInit done
Event: 350.727 Loading class org/lwjgl/system/MemoryUtil$MemoryAllocator
Event: 350.727 Loading class org/lwjgl/system/MemoryUtil$MemoryAllocator done
Event: 350.732 Loading class org/lwjgl/system/MemoryManage
Event: 350.732 Loading class org/lwjgl/system/MemoryManage done
Event: 350.737 Loading class org/lwjgl/system/jemalloc/JEmallocAllocator
Event: 350.737 Loading class org/lwjgl/system/jemalloc/JEmallocAllocator done
Event: 350.743 Loading class org/lwjgl/system/MemoryManage$StdlibAllocator
Event: 350.743 Loading class org/lwjgl/system/MemoryManage$StdlibAllocator done
Event: 350.748 Loading class org/lwjgl/system/libc/LibCStdlib
Event: 350.748 Loading class org/lwjgl/system/libc/LibCStdlib done
Event: 350.754 Loading class org/lwjgl/opengl/GL$1
Event: 350.754 Loading class org/lwjgl/opengl/GL$1 done
Event: 350.757 Loading class org/lwjgl/system/SharedLibrary$Delegate
Event: 350.757 Loading class org/lwjgl/system/SharedLibrary$Delegate done
Event: 352.822 Loading class org/lwjgl/opengl/GL11C
Event: 352.822 Loading class org/lwjgl/opengl/GL11C done

Classes unloaded (0 events):
No events

Classes redefined (0 events):
No events

Internal exceptions (20 events):
Event: 104.448 Thread 0x0000020437621050 Exception <a 'java/lang/NoSuchMethodError'{0x0000000620a813e8}: 'java.lang.Object java.lang.invoke.DirectMethodHandle$Holder.invokeStatic(java.lang.Object, java.lang.Object, int)'> (0x0000000620a813e8) 
thrown [s\open\src\hotspot\share\interpreter\linkResolver.cpp, line 773]
Event: 104.468 Thread 0x0000020437621050 Exception <a 'java/lang/NoSuchMethodError'{0x0000000620a8c8e8}: 'void java.lang.invoke.DelegatingMethodHandle$Holder.delegate(java.lang.Object, java.lang.Object, int, java.lang.Object)'> (0x0000000620a8c8e8) 
thrown [s\open\src\hotspot\share\interpreter\linkResolver.cpp, line 773]
Event: 104.472 Thread 0x0000020437621050 Exception <a 'java/lang/NoSuchMethodError'{0x0000000620a90578}: 'int java.lang.invoke.DirectMethodHandle$Holder.invokeSpecial(java.lang.Object, java.lang.Object, java.lang.Object)'> (0x0000000620a90578) 
thrown [s\open\src\hotspot\share\interpreter\linkResolver.cpp, line 773]
Event: 104.514 Thread 0x0000020437621050 Exception <a 'java/lang/NoSuchMethodError'{0x0000000620aac2f0}: 'void java.lang.System.loadLibrary(java.lang.String, java.lang.Class)'> (0x0000000620aac2f0) 
thrown [s\open\src\hotspot\share\interpreter\linkResolver.cpp, line 773]
Event: 104.779 Thread 0x0000020437621050 Exception <a 'sun/nio/fs/WindowsException'{0x0000000620ba07f0}> (0x0000000620ba07f0) 
thrown [s\open\src\hotspot\share\prims\jni.cpp, line 520]
Event: 104.779 Thread 0x0000020437621050 Exception <a 'sun/nio/fs/WindowsException'{0x0000000620ba1df8}> (0x0000000620ba1df8) 
thrown [s\open\src\hotspot\share\prims\jni.cpp, line 520]
Event: 108.600 Thread 0x0000020437621050 Exception <a 'sun/nio/fs/WindowsException'{0x0000000620493d60}> (0x0000000620493d60) 
thrown [s\open\src\hotspot\share\prims\jni.cpp, line 520]
Event: 108.601 Thread 0x0000020437621050 Exception <a 'sun/nio/fs/WindowsException'{0x00000006204940c0}> (0x00000006204940c0) 
thrown [s\open\src\hotspot\share\prims\jni.cpp, line 520]
Event: 108.648 Thread 0x0000020437621050 Exception <a 'java/lang/NoSuchMethodError'{0x0000000620508ca0}: 'int java.lang.invoke.DirectMethodHandle$Holder.invokeStaticInit(java.lang.Object, java.lang.Object, int, long)'> (0x0000000620508ca0) 
thrown [s\open\src\hotspot\share\interpreter\linkResolver.cpp, line 773]
Event: 108.655 Thread 0x0000020437621050 Exception <a 'java/lang/NoSuchMethodError'{0x000000062050dcc8}: 'java.lang.Object java.lang.invoke.DirectMethodHandle$Holder.newInvokeSpecial(java.lang.Object, java.lang.Object, int)'> (0x000000062050dcc8) 
thrown [s\open\src\hotspot\share\interpreter\linkResolver.cpp, line 773]
Event: 108.672 Thread 0x0000020437621050 Exception <a 'java/lang/NoSuchMethodError'{0x0000000620522618}: 'int java.lang.invoke.DirectMethodHandle$Holder.invokeStaticInit(java.lang.Object, java.lang.Object, long, long)'> (0x0000000620522618) 
thrown [s\open\src\hotspot\share\interpreter\linkResolver.cpp, line 773]
Event: 108.682 Thread 0x0000020437621050 Exception <a 'java/lang/NoSuchMethodError'{0x0000000620527e80}: 'java.lang.Object java.lang.invoke.DirectMethodHandle$Holder.newInvokeSpecial(java.lang.Object, java.lang.Object, long)'> (0x0000000620527e80) 
thrown [s\open\src\hotspot\share\interpreter\linkResolver.cpp, line 773]
Event: 108.689 Thread 0x0000020437621050 Exception <a 'java/lang/NoSuchMethodError'{0x000000062052bee8}: 'java.lang.Object java.lang.invoke.Invokers$Holder.linkToTargetMethod(java.lang.Object, long, java.lang.Object)'> (0x000000062052bee8) 
thrown [s\open\src\hotspot\share\interpreter\linkResolver.cpp, line 773]
Event: 108.700 Thread 0x0000020437621050 Exception <a 'java/lang/NoSuchMethodError'{0x0000000620532f70}: 'int java.lang.invoke.DirectMethodHandle$Holder.invokeStaticInit(java.lang.Object, java.lang.Object, java.lang.Object, long)'> (0x0000000620532f70) 
thrown [s\open\src\hotspot\share\interpreter\linkResolver.cpp, line 773]
Event: 347.889 Thread 0x0000020437621050 Exception <a 'java/lang/NoSuchMethodError'{0x000000062065cf50}: 'void java.lang.System.load(java.lang.String, java.lang.Class)'> (0x000000062065cf50) 
thrown [s\open\src\hotspot\share\interpreter\linkResolver.cpp, line 773]
Event: 347.892 Thread 0x0000020437621050 Exception <a 'java/lang/NoSuchMethodError'{0x000000062065f8f0}: 'void java.lang.System.loadLibrary(java.lang.String, java.lang.Class)'> (0x000000062065f8f0) 
thrown [s\open\src\hotspot\share\interpreter\linkResolver.cpp, line 773]
Event: 347.939 Thread 0x0000020437621050 Exception <a 'sun/nio/fs/WindowsException'{0x00000006206701e0}> (0x00000006206701e0) 
thrown [s\open\src\hotspot\share\prims\jni.cpp, line 520]
Event: 347.939 Thread 0x0000020437621050 Exception <a 'sun/nio/fs/WindowsException'{0x0000000620670580}> (0x0000000620670580) 
thrown [s\open\src\hotspot\share\prims\jni.cpp, line 520]
Event: 350.720 Thread 0x0000020437621050 Exception <a 'sun/nio/fs/WindowsException'{0x000000062067a9b0}> (0x000000062067a9b0) 
thrown [s\open\src\hotspot\share\prims\jni.cpp, line 520]
Event: 350.720 Thread 0x0000020437621050 Exception <a 'sun/nio/fs/WindowsException'{0x000000062067ac80}> (0x000000062067ac80) 
thrown [s\open\src\hotspot\share\prims\jni.cpp, line 520]

ZGC Phase Switch (0 events):
No events

VM Operations (20 events):
Event: 347.085 Executing VM operation: ChangeSingleStep
Event: 347.085 Executing VM operation: ChangeSingleStep done
Event: 347.085 Executing VM operation: ChangeSingleStep
Event: 347.085 Executing VM operation: ChangeSingleStep done
Event: 347.085 Executing VM operation: ChangeSingleStep
Event: 347.085 Executing VM operation: ChangeSingleStep done
Event: 347.087 Executing VM operation: get/set locals
Event: 347.087 Executing VM operation: get/set locals done
Event: 347.087 Executing VM operation: get/set locals
Event: 347.087 Executing VM operation: get/set locals done
Event: 347.087 Executing VM operation: get/set locals
Event: 347.087 Executing VM operation: get/set locals done
Event: 347.087 Executing VM operation: get/set locals
Event: 347.087 Executing VM operation: get/set locals done
Event: 347.866 Executing VM operation: ChangeSingleStep
Event: 347.866 Executing VM operation: ChangeSingleStep done
Event: 350.767 Executing VM operation: ChangeSingleStep
Event: 350.767 Executing VM operation: ChangeSingleStep done
Event: 351.446 Executing VM operation: get/set locals
Event: 351.446 Executing VM operation: get/set locals done

Events (18 events):
Event: 0.019 Thread 0x0000020437621050 Thread added: 0x0000020437621050
Event: 0.030 Thread 0x000002045c37f860 Thread added: 0x000002045c37f860
Event: 0.030 Thread 0x000002045c380580 Thread added: 0x000002045c380580
Event: 0.030 Thread 0x000002045c382c10 Thread added: 0x000002045c382c10
Event: 0.030 Thread 0x000002045c3839d0 Thread added: 0x000002045c3839d0
Event: 0.030 Thread 0x000002045c388490 Thread added: 0x000002045c388490
Event: 0.030 Thread 0x000002045c391710 Thread added: 0x000002045c391710
Event: 0.030 Thread 0x000002045c3934b0 Thread added: 0x000002045c3934b0
Event: 0.030 Thread 0x000002045c39ef20 Thread added: 0x000002045c39ef20
Event: 0.062 Thread 0x000002045c46afd0 Thread added: 0x000002045c46afd0
Event: 0.066 Thread 0x000002045c4bcb20 Thread added: 0x000002045c4bcb20
Event: 0.067 Thread 0x000002045c4bda20 Thread added: 0x000002045c4bda20
Event: 0.078 Thread 0x000002045c531b00 Thread added: 0x000002045c531b00
Event: 0.078 Thread 0x000002045c5325a0 Thread added: 0x000002045c5325a0
Event: 0.078 Thread 0x000002045c532e30 Thread added: 0x000002045c532e30
Event: 0.097 Thread 0x000002045c69ccd0 Thread added: 0x000002045c69ccd0
Event: 5.105 Thread 0x000002045c4bcb20 Thread exited: 0x000002045c4bcb20
Event: 5.105 Thread 0x000002045c4bda20 Thread exited: 0x000002045c4bda20


Dynamic libraries:
0x00007ff7d68a0000 - 0x00007ff7d68b0000 	C:\Program Files\Java\jdk-21\bin\java.exe
0x00007ffda8ef0000 - 0x00007ffda90e8000 	C:\Windows\SYSTEM32\ntdll.dll
0x00007ffda8cf0000 - 0x00007ffda8db1000 	C:\Windows\System32\KERNEL32.DLL
0x00007ffda6780000 - 0x00007ffda6a7d000 	C:\Windows\System32\KERNELBASE.dll
0x00007ffda3360000 - 0x00007ffda33f4000 	C:\Windows\SYSTEM32\apphelp.dll
0x00007ffda6c50000 - 0x00007ffda6d50000 	C:\Windows\System32\ucrtbase.dll
0x00007ffd8f650000 - 0x00007ffd8f66b000 	C:\Program Files\Java\jdk-21\bin\VCRUNTIME140.dll
0x00007ffd8f670000 - 0x00007ffd8f689000 	C:\Program Files\Java\jdk-21\bin\jli.dll
0x00007ffda74a0000 - 0x00007ffda7550000 	C:\Windows\System32\ADVAPI32.dll
0x00007ffda7fc0000 - 0x00007ffda805e000 	C:\Windows\System32\msvcrt.dll
0x00007ffda6f50000 - 0x00007ffda6ff0000 	C:\Windows\System32\sechost.dll
0x00007ffda7ce0000 - 0x00007ffda7e03000 	C:\Windows\System32\RPCRT4.dll
0x00007ffda6750000 - 0x00007ffda6777000 	C:\Windows\System32\bcrypt.dll
0x00007ffda87f0000 - 0x00007ffda898d000 	C:\Windows\System32\USER32.dll
0x00007ffda6d50000 - 0x00007ffda6d72000 	C:\Windows\System32\win32u.dll
0x00007ffd985c0000 - 0x00007ffd9885a000 	C:\Windows\WinSxS\amd64_microsoft.windows.common-controls_6595b64144ccf1df_6.0.19041.4355_none_60b8b9eb71f62e16\COMCTL32.dll
0x00007ffda7000000 - 0x00007ffda702b000 	C:\Windows\System32\GDI32.dll
0x00007ffda6b30000 - 0x00007ffda6c47000 	C:\Windows\System32\gdi32full.dll
0x00007ffda6df0000 - 0x00007ffda6e8d000 	C:\Windows\System32\msvcp_win.dll
0x00007ffd9d800000 - 0x00007ffd9d80a000 	C:\Windows\SYSTEM32\VERSION.dll
0x00007ffda6f20000 - 0x00007ffda6f4f000 	C:\Windows\System32\IMM32.DLL
0x00007ffd9cb90000 - 0x00007ffd9cb9c000 	C:\Program Files\Java\jdk-21\bin\vcruntime140_1.dll
0x00007ffd86120000 - 0x00007ffd861ae000 	C:\Program Files\Java\jdk-21\bin\msvcp140.dll
0x00007ffd14c80000 - 0x00007ffd15995000 	C:\Program Files\Java\jdk-21\bin\server\jvm.dll
0x00007ffda7b40000 - 0x00007ffda7bab000 	C:\Windows\System32\WS2_32.dll
0x00007ffda6110000 - 0x00007ffda615b000 	C:\Windows\SYSTEM32\POWRPROF.dll
0x00007ffd9d5e0000 - 0x00007ffd9d607000 	C:\Windows\SYSTEM32\WINMM.dll
0x00007ffda60f0000 - 0x00007ffda6102000 	C:\Windows\SYSTEM32\UMPDC.dll
0x00007ffda4440000 - 0x00007ffda4452000 	C:\Windows\SYSTEM32\kernel.appcore.dll
0x00007ffd8f640000 - 0x00007ffd8f64a000 	C:\Program Files\Java\jdk-21\bin\jimage.dll
0x00007ffd9fa50000 - 0x00007ffd9fc34000 	C:\Windows\SYSTEM32\DBGHELP.DLL
0x00007ffd93c90000 - 0x00007ffd93cc4000 	C:\Windows\SYSTEM32\dbgcore.DLL
0x00007ffda6e90000 - 0x00007ffda6f12000 	C:\Windows\System32\bcryptPrimitives.dll
0x00007ffd80cf0000 - 0x00007ffd80d2c000 	C:\Program Files\Java\jdk-21\bin\jdwp.dll
0x00007ffd8f610000 - 0x00007ffd8f61f000 	C:\Program Files\Java\jdk-21\bin\instrument.dll
0x00007ffd8f620000 - 0x00007ffd8f63f000 	C:\Program Files\Java\jdk-21\bin\java.dll
0x00007ffd8ee00000 - 0x00007ffd8ee18000 	C:\Program Files\Java\jdk-21\bin\zip.dll
0x00007ffda8060000 - 0x00007ffda87cf000 	C:\Windows\System32\SHELL32.dll
0x00007ffda4640000 - 0x00007ffda4de3000 	C:\Windows\SYSTEM32\windows.storage.dll
0x00007ffda8990000 - 0x00007ffda8ce3000 	C:\Windows\System32\combase.dll
0x00007ffda5f60000 - 0x00007ffda5f8e000 	C:\Windows\SYSTEM32\Wldp.dll
0x00007ffda7ef0000 - 0x00007ffda7fbd000 	C:\Windows\System32\OLEAUT32.dll
0x00007ffda7a80000 - 0x00007ffda7b2d000 	C:\Windows\System32\SHCORE.dll
0x00007ffda77c0000 - 0x00007ffda7815000 	C:\Windows\System32\shlwapi.dll
0x00007ffda64d0000 - 0x00007ffda64f4000 	C:\Windows\SYSTEM32\profapi.dll
0x00007ffd598e0000 - 0x00007ffd599b7000 	C:\Program Files\Java\jdk-21\bin\jsvml.dll
0x00007ffd85af0000 - 0x00007ffd85afc000 	C:\Program Files\Java\jdk-21\bin\dt_socket.dll
0x00007ffda5940000 - 0x00007ffda597b000 	C:\Windows\SYSTEM32\IPHLPAPI.DLL
0x00007ffda5c60000 - 0x00007ffda5cca000 	C:\Windows\system32\mswsock.dll
0x00007ffd8edb0000 - 0x00007ffd8edc0000 	C:\Program Files\Java\jdk-21\bin\net.dll
0x00007ffda0a60000 - 0x00007ffda0b6d000 	C:\Windows\SYSTEM32\WINHTTP.dll
0x00007ffd8a430000 - 0x00007ffd8a446000 	C:\Program Files\Java\jdk-21\bin\nio.dll
0x00007ffd80c70000 - 0x00007ffd80ceb000 	C:\Users\chris\AppData\Local\Temp\lwjgl_chris\3.3.3+5\x64\lwjgl.dll
0x00007ffd69c60000 - 0x00007ffd69ce2000 	C:\Users\chris\AppData\Local\Temp\lwjgl_chris\3.3.3+5\x64\glfw.dll
0x00007ffd5f5c0000 - 0x00007ffd5f61e000 	C:\Users\chris\AppData\Local\Temp\lwjgl_chris\3.3.3+5\x64\lwjgl_opengl.dll
0x00007ffd5b3f0000 - 0x00007ffd5b518000 	C:\Windows\SYSTEM32\opengl32.dll
0x00007ffd5b310000 - 0x00007ffd5b33c000 	C:\Windows\SYSTEM32\GLU32.dll

dbghelp: loaded successfully - version: 4.0.5 - missing functions: none
symbol engine: initialized successfully - sym options: 0x614 - pdb path: .;C:\Program Files\Java\jdk-21\bin;C:\Windows\SYSTEM32;C:\Windows\WinSxS\amd64_microsoft.windows.common-controls_6595b64144ccf1df_6.0.19041.4355_none_60b8b9eb71f62e16;C:\Program Files\Java\jdk-21\bin\server;C:\Users\chris\AppData\Local\Temp\lwjgl_chris\3.3.3+5\x64

VM Arguments:
jvm_args: -agentlib:jdwp=transport=dt_socket,address=127.0.0.1:61621,suspend=y,server=n -javaagent:C:\Users\chris\AppData\Local\JetBrains\IntelliJIdea2024.2\captureAgent\debugger-agent.jar -Dkotlinx.coroutines.debug.enable.creation.stack.trace=false -Ddebugger.agent.enable.coroutines=true -Dfile.encoding=UTF-8 -Dsun.stdout.encoding=UTF-8 -Dsun.stderr.encoding=UTF-8 
java_command: pkgDriver.csc133Driver
java_class_path (initial): C:\Users\chris\IdeaProjects\CSC133_2\out\production\classes;C:\Users\chris\.gradle\caches\modules-2\files-2.1\org.lwjgl\lwjgl-assimp\3.3.3\c2c34011cbda30ed8cf98bc5cbf97b49afe5279a\lwjgl-assimp-3.3.3.jar;C:\Users\chris\.gradle\caches\modules-2\files-2.1\org.lwjgl\lwjgl-cuda\3.3.3\e2de3beeba3e4c826317e31519a40f0585160acf\lwjgl-cuda-3.3.3.jar;C:\Users\chris\.gradle\caches\modules-2\files-2.1\org.lwjgl\lwjgl-freetype\3.3.3\a0db6c84a8becc8ca05f9dbfa985edc348a824c7\lwjgl-freetype-3.3.3.jar;C:\Users\chris\.gradle\caches\modules-2\files-2.1\org.lwjgl\lwjgl-glfw\3.3.3\efa1eb78c5ccd840e9f329717109b5e892d72f8e\lwjgl-glfw-3.3.3.jar;C:\Users\chris\.gradle\caches\modules-2\files-2.1\org.lwjgl\lwjgl-hwloc\3.3.3\68333a022d5842b7bff95c70e4c3e1b2f126e783\lwjgl-hwloc-3.3.3.jar;C:\Users\chris\.gradle\caches\modules-2\files-2.1\org.lwjgl\lwjgl-jawt\3.3.3\15479071013804d88cc810856fcc2548b457376c\lwjgl-jawt-3.3.3.jar;C:\Users\chris\.gradle\caches\modules-2\files-2.1\org.lwjgl\lwjgl-nanovg\3.3.3\37f0b9fc142948c3b2c6cd563db7233b14b9640c\lwjgl-nanovg-3.3.3.jar;C:\Users\chris\.gradle\caches\modules-2\files-2.1\org.lwjgl\lwjgl-nfd\3.3.3\f1b41d3a0a2f5cd2a55a6a59a618c87d0348681c\lwjgl-nfd-3.3.3.jar;C:\Users\chris\.gradle\caches\modules-2\files-2.1\org.lwjgl\lwjgl-nuklear\3.3.3\d120a8ab01987e285f83f43f862bef728011d97d\lwjgl-nuklear-3.3.3.jar;C:\Users\chris\.gradle\caches\modules-2\files-2.1\org.lwjgl\lwjgl-odbc\3.3.3\1719d4813fba2b4272afddcf30db98ec32e8bd37\lwjgl-odbc-3.3.3.jar;C:\Users\chris\.gradle\caches\modules-2\files-2.1\org.lwjgl\lwjgl-openal\3.3.3\daada81ceb5fc0c291fbfdd4433cb8d9423577f2\lwjgl-openal-3.3.3.jar;C:\Users\chris\.gradle\caches\modules-2\files-2.1\org.lwjgl\lwjgl-opencl\3.3.3\fdf4a5cce0b7499914ac96a87d75fa895a4e0699\lwjgl-opencl-3.3.3.jar;C:\Users\chris\.gradle\caches\modules-2\files-2.1\org.lwjgl\lwjgl-opengl\3.3.3\2f6b0147078396a58979125a4c947664e98293a\lwjgl-opengl-3.3.3.jar;C:\Users\chris\.gradle\caches\modules-2\files-2.1\org.lwjgl\lwjgl-shaderc\3.3.3\ae740d58fdc809c4350358a872b076bacbec27c1\lwjgl-shaderc-3.3.3.jar;C:\Users\chris\.gradle\caches\modules-2\files-2.1\org.lwjgl\lwjgl-stb\3.3.3\25dd6161988d7e65f71d5065c99902402ee32746\lwjgl-stb-3.3.3.jar;C:\Users\chris\.gradle\caches\modules-2\files-2.1\org.lwjgl\lwjgl-tootle\3.3.3\c6989921add57a1f59936bc4544431df4b837c8b\lwjgl-tootle-3.3.3.jar;C:\Users\chris\.gradle\caches\modules-2\files-2.1\org.lwjgl\lwjgl\3.3.3\29589b5f87ed335a6c7e7ee6a5775f81f97ecb84\lwjgl-3.3.3.jar;C:\Users\chris\.gradle\caches\modules-2\files-2.1\org.joml\joml\1.10.5\22566d58af70ad3d72308bab63b8339906deb649\joml-1.10.5.jar;C:\Users\chris\.gradle\caches\modules-2\files-2.1\org.lwjgl\lwjgl-assimp\3.3.3\d90ccdade594716062975cffd1431d387f770ac4\lwjgl-assimp-3.3.3-natives-windows.jar;C:\Users\chris\.gradle\caches\modules-2\files-2.1\org.lwjgl\lwjgl-freetype\3.3.3\81091b006dbb43fab04c8c638e9ac87c51b4096d\lwjgl-freetype-3.3.3-natives-windows.jar;C:\Users\chris\.gradle\caches\modules-2\files-2.1\org.lwjgl\lwjgl-glfw\3.3.3\e449e28b4891fc423c54c85fbc5bb0b9efece67a\lwjgl-glfw-3.3.3-natives-windows.jar;C:\Users\chris\.gradle\caches\modules-2\files-2.1\org.lwjgl\lwjgl-hwloc\3.3.3\ea032ea737568d700f43cc9f052d51384ce20ebe\lwjgl-hwloc-3.3.3-natives-windows.jar;C:\Users\chris\.gradle\caches\modules-2\files-2.1\org.lwjgl\lwjgl-nanovg\3.3.3\ccfbc346c4ce0737b7fe758d6337a3741af2f256\lwjgl-nanovg-3.3.3-natives-windows.jar;C:\Users\chris\.gradle\caches\modules-2\files-2.1\org.lwjgl\lwjgl-nfd\3.3.3\3a39132eef695dcb7631adc1d02e493527940d10\lwjgl-nfd-3.3.3-natives-windows.jar;C:\Users\chris\.gradle\caches\modules-2\files-2.1\org.lwjgl\lwjgl-nuklear\3.3.3\3132690c8cbbdd7c948eb233610151b6a6c62b9a\lwjgl-nuklear-3.3.3-natives-windows.jar;C:\Users\chris\.gradle\caches\modules-2\files-2.1\org.lwjgl\lwjgl-openal\3.3.3\cf83862ae95d98496b26915024c7e666d8ab1c8f\lwjgl-openal-3.3.3-natives-windows.jar;C:\Users\chris\.gradle\caches\modules-2\files-2.1\org.lwjgl\lwjgl-opengl\3.3.3\e6c1eec8be8a71951b830a4d69efc01c6531900c\lwjgl-opengl-3.3.3-natives-windows.jar;C:\Users\chris\.gradle\caches\modules-2\files-2.1\org.lwjgl\lwjgl-shaderc\3.3.3\2bdcb9d4c1a8debf8c82dcb6968c3f23f126af6b\lwjgl-shaderc-3.3.3-natives-windows.jar;C:\Users\chris\.gradle\caches\modules-2\files-2.1\org.lwjgl\lwjgl-stb\3.3.3\1d9facdf6541de114b0f963be33505b7679c78cb\lwjgl-stb-3.3.3-natives-windows.jar;C:\Users\chris\.gradle\caches\modules-2\files-2.1\org.lwjgl\lwjgl-tootle\3.3.3\6de41fb81ea077cb3829b25c6636987f011997fc\lwjgl-tootle-3.3.3-natives-windows.jar;C:\Users\chris\.gradle\caches\modules-2\files-2.1\org.lwjgl\lwjgl\3.3.3\a5ed18a2b82fc91b81f40d717cb1f64c9dcb0540\lwjgl-3.3.3-natives-windows.jar;C:\Program Files\JetBrains\IntelliJ IDEA 2024.2.3\lib\idea_rt.jar
Launcher Type: SUN_STANDARD

[Global flags]
     intx CICompilerCount                          = 12                                        {product} {ergonomic}
     uint ConcGCThreads                            = 3                                         {product} {ergonomic}
     uint G1ConcRefinementThreads                  = 13                                        {product} {ergonomic}
   size_t G1HeapRegionSize                         = 4194304                                   {product} {ergonomic}
    uintx GCDrainStackTargetSize                   = 64                                        {product} {ergonomic}
   size_t InitialHeapSize                          = 536870912                                 {product} {ergonomic}
   size_t MarkStackSize                            = 4194304                                   {product} {ergonomic}
   size_t MaxHeapSize                              = 8573157376                                {product} {ergonomic}
   size_t MaxNewSize                               = 5142216704                                {product} {ergonomic}
   size_t MinHeapDeltaBytes                        = 4194304                                   {product} {ergonomic}
   size_t MinHeapSize                              = 8388608                                   {product} {ergonomic}
    uintx NonNMethodCodeHeapSize                   = 7602480                                {pd product} {ergonomic}
    uintx NonProfiledCodeHeapSize                  = 122027880                              {pd product} {ergonomic}
    uintx ProfiledCodeHeapSize                     = 122027880                              {pd product} {ergonomic}
    uintx ReservedCodeCacheSize                    = 251658240                              {pd product} {ergonomic}
     bool SegmentedCodeCache                       = true                                      {product} {ergonomic}
   size_t SoftMaxHeapSize                          = 8573157376                             {manageable} {ergonomic}
     bool UseCompressedOops                        = true                           {product lp64_product} {ergonomic}
     bool UseG1GC                                  = true                                      {product} {ergonomic}
     bool UseLargePagesIndividualAllocation        = false                                  {pd product} {ergonomic}

Logging:
Log output configuration:
 #0: stdout all=warning uptime,level,tags foldmultilines=false
 #1: stderr all=off uptime,level,tags foldmultilines=false

Environment Variables:
PATH=C:\Program Files\Common Files\Oracle\Java\javapath;C:\Windows\system32;C:\Windows;C:\Windows\System32\Wbem;C:\Windows\System32\WindowsPowerShell\v1.0\;C:\Windows\System32\OpenSSH\;C:\Program Files (x86)\NVIDIA Corporation\PhysX\Common;F:\CSCI50\PuTTY\;C:\Program Files\Git\bin;C:\Program Files\nodejs\;C:\Program Files\Git\cmd;C:\Program Files\MySQL\MySQL Shell 8.0\bin\;C:\Users\chris\AppData\Local\Programs\Python\Python310\Scripts\;C:\Users\chris\AppData\Local\Programs\Python\Python310\;C:\Users\chris\AppData\Local\Microsoft\WindowsApps;;F:\Microsoft VS Code\bin;C:\Users\chris\AppData\Roaming\npm
USERNAME=chris
OS=Windows_NT
PROCESSOR_IDENTIFIER=AMD64 Family 25 Model 33 Stepping 0, AuthenticAMD
TMP=C:\Users\chris\AppData\Local\Temp
TEMP=C:\Users\chris\AppData\Local\Temp




Periodic native trim disabled

---------------  S Y S T E M  ---------------

OS:
 Windows 10 , 64 bit Build 19041 (10.0.19041.4842)
OS uptime: 0 days 22:40 hours

CPU: total 16 (initial active 16) (16 cores per cpu, 2 threads per core) family 25 model 33 stepping 0 microcode 0x0, cx8, cmov, fxsr, ht, mmx, 3dnowpref, sse, sse2, sse3, ssse3, sse4a, sse4.1, sse4.2, popcnt, lzcnt, tsc, tscinvbit, avx, avx2, aes, erms, clmul, bmi1, bmi2, adx, sha, fma, vzeroupper, clflush, clflushopt, rdtscp, rdpid, fsrm, f16c, pku, cet_ss
Processor Information for all 16 processors :
  Max Mhz: 3801, Current Mhz: 3801, Mhz Limit: 3801

Memory: 4k page, system-wide physical 32693M (18816M free)
TotalPageFile size 37557M (AvailPageFile size 17720M)
current process WorkingSet (physical memory assigned to process): 53M, peak: 53M
current process commit charge ("private bytes"): 617M, peak: 617M

vm_info: Java HotSpot(TM) 64-Bit Server VM (21.0.1+12-LTS-29) for windows-amd64 JRE (21.0.1+12-LTS-29), built on 2023-10-05T13:27:09Z by "mach5one" with MS VC++ 17.1 (VS2022)

END.
