#
# A fatal error has been detected by the Java Runtime Environment:
#
#  EXCEPTION_ACCESS_VIOLATION (0xc0000005) at pc=0x00007ffd69dbc59a, pid=4300, tid=13904
#
# JRE version: Java(TM) SE Runtime Environment (21.0.1+12) (build 21.0.1+12-LTS-29)
# Java VM: Java HotSpot(TM) 64-Bit Server VM (21.0.1+12-LTS-29, mixed mode, sharing, tiered, compressed oops, compressed class ptrs, g1 gc, windows-amd64)
# Problematic frame:
# C  [lwjgl_opengl.dll+0xc59a]
#
# No core dump will be written. Minidumps are not enabled by default on client versions of Windows
#
# If you would like to submit a bug report, please visit:
#   https://bugreport.java.com/bugreport/crash.jsp
# The crash happened outside the Java Virtual Machine in native code.
# See problematic frame for where to report the bug.
#

---------------  S U M M A R Y ------------

Command Line: -javaagent:C:\Program Files\JetBrains\IntelliJ IDEA 2024.2.3\lib\idea_rt.jar=61753:C:\Program Files\JetBrains\IntelliJ IDEA 2024.2.3\bin -Dfile.encoding=UTF-8 -Dsun.stdout.encoding=UTF-8 -Dsun.stderr.encoding=UTF-8 pkgDriver.csc133Driver

Host: AMD Ryzen 7 5800X 8-Core Processor             , 16 cores, 31G,  Windows 10 , 64 bit Build 19041 (10.0.19041.4842)
Time: Fri Oct  4 18:48:14 2024 Pacific Daylight Time elapsed time: 0.306239 seconds (0d 0h 0m 0s)

---------------  T H R E A D  ---------------

Current thread (0x000001a5f3e8f730):  JavaThread "main"             [_thread_in_native, id=13904, stack(0x00000074c8a00000,0x00000074c8b00000) (1024K)]

Stack: [0x00000074c8a00000,0x00000074c8b00000],  sp=0x00000074c8aff348,  free space=1020k
Native frames: (J=compiled Java code, j=interpreted, Vv=VM code, C=native code)
C  [lwjgl_opengl.dll+0xc59a]

Java frames: (J=compiled Java code, j=interpreted, Vv=VM code)
j  org.lwjgl.opengl.GL11C.glClear(I)V+0
j  org.lwjgl.opengl.GL11.glClear(I)V+1
j  pkgSlRenderer.slRenderEngine.render()V+28
j  pkgDriver.csc133Driver.main([Ljava/lang/String;)V+31
v  ~StubRoutines::call_stub 0x000001a58745100d

siginfo: EXCEPTION_ACCESS_VIOLATION (0xc0000005), reading address 0x0000000000000060


Registers:
RAX=0x000001a5de733920, RBX=0x000001a5da5235a0, RCX=0x0000000000004100, RDX=0x0000000000000000
RSP=0x00000074c8aff348, RBP=0x00000074c8aff3c0, RSI=0x0000d4a4cf78e309, RDI=0x000001a587458846
R8 =0x0000000000004100, R9 =0x0000000000000002, R10=0x000001a58745cddc, R11=0x00000006204ef180
R12=0x0000000000000000, R13=0x000001a5da523598, R14=0x00000074c8aff3e0, R15=0x000001a5f3e8f730
RIP=0x00007ffd69dbc59a, EFLAGS=0x0000000000010202


Register to memory mapping:

RAX=0x000001a5de733920 points into unknown readable memory: 0x0000000000000000 | 00 00 00 00 00 00 00 00
RBX={method} {0x000001a5da5235a8} 'glClear' '(I)V' in 'org/lwjgl/opengl/GL11C'
RCX=0x0000000000004100 is an unknown value
RDX=0x0 is null
RSP=0x00000074c8aff348 is pointing into the stack for thread: 0x000001a5f3e8f730
RBP=0x00000074c8aff3c0 is pointing into the stack for thread: 0x000001a5f3e8f730
RSI=0x0000d4a4cf78e309 is an unknown value
RDI=0x000001a587458846 is at code_begin+1158 in an Interpreter codelet
return entry points  [0x000001a5874583c0, 0x000001a587458f18]  2904 bytes
R8 =0x0000000000004100 is an unknown value
R9 =0x0000000000000002 is an unknown value
R10=0x000001a58745cddc is at code_begin+1020 in an Interpreter codelet
native method entry point (kind = native)  [0x000001a58745c9e0, 0x000001a58745d508]  2856 bytes
R11=0x00000006204ef180 is an oop: java.lang.Class 
{0x00000006204ef180} - klass: 'java/lang/Class'
 - ---- fields (total size 116 words):
 - private volatile transient 'classRedefinedCount' 'I' @12  0 (0x00000000)
 - injected 'klass' 'J' @16  1810765014800 (0x000001a59a016710)
 - injected 'array_klass' 'J' @24  0 (0x0000000000000000)
 - injected 'oop_size' 'I' @32  116 (0x00000074)
 - injected 'static_oop_field_count' 'I' @36  0 (0x00000000)
 - private volatile transient 'cachedConstructor' 'Ljava/lang/reflect/Constructor;' @40  null (0x00000000)
 - private transient 'name' 'Ljava/lang/String;' @44  "org.lwjgl.opengl.GL11C"{0x00000006204ef520} (0xc409dea4)
 - private transient 'module' 'Ljava/lang/Module;' @48  a 'java/lang/Module'{0x0000000620c73ff0} (0xc418e7fe)
 - private final 'classLoader' 'Ljava/lang/ClassLoader;' @52  a 'jdk/internal/loader/ClassLoaders$AppClassLoader'{0x0000000620c73e30} (0xc418e7c6)
 - private transient 'classData' 'Ljava/lang/Object;' @56  null (0x00000000)
 - private transient 'packageName' 'Ljava/lang/String;' @60  "org.lwjgl.opengl"{0x0000000620430478} (0xc408608f)
 - private final 'componentType' 'Ljava/lang/Class;' @64  null (0x00000000)
 - private volatile transient 'reflectionData' 'Ljava/lang/ref/SoftReference;' @68  null (0x00000000)
 - private volatile transient 'genericInfo' 'Lsun/reflect/generics/repository/ClassRepository;' @72  null (0x00000000)
 - private volatile transient 'enumConstants' '[Ljava/lang/Object;' @76  null (0x00000000)
 - private volatile transient 'enumConstantDirectory' 'Ljava/util/Map;' @80  null (0x00000000)
 - private volatile transient 'annotationData' 'Ljava/lang/Class$AnnotationData;' @84  null (0x00000000)
 - private volatile transient 'annotationType' 'Lsun/reflect/annotation/AnnotationType;' @88  null (0x00000000)
 - transient 'classValueMap' 'Ljava/lang/ClassValue$ClassValueMap;' @92  null (0x00000000)
 - injected 'protection_domain' 'Ljava/lang/Object;' @96  a 'java/security/ProtectionDomain'{0x000000062046fee0} (0xc408dfdc)
 - injected 'signers_name' 'Ljava/lang/Object;' @100  null (0x00000000)
 - injected 'source_file' 'Ljava/lang/Object;' @104  null (0x00000000)
 - signature: Lorg/lwjgl/opengl/GL11C;
 - ---- static fields (0):
 - public static final 'GL_NEVER' 'I' @112  512 (0x00000200)
 - public static final 'GL_LESS' 'I' @116  513 (0x00000201)
 - public static final 'GL_EQUAL' 'I' @120  514 (0x00000202)
 - public static final 'GL_LEQUAL' 'I' @124  515 (0x00000203)
 - public static final 'GL_GREATER' 'I' @128  516 (0x00000204)
 - public static final 'GL_NOTEQUAL' 'I' @132  517 (0x00000205)
 - public static final 'GL_GEQUAL' 'I' @136  518 (0x00000206)
 - public static final 'GL_ALWAYS' 'I' @140  519 (0x00000207)
 - public static final 'GL_DEPTH_BUFFER_BIT' 'I' @144  256 (0x00000100)
 - public static final 'GL_STENCIL_BUFFER_BIT' 'I' @148  1024 (0x00000400)
 - public static final 'GL_COLOR_BUFFER_BIT' 'I' @152  16384 (0x00004000)
 - public static final 'GL_POINTS' 'I' @156  0 (0x00000000)
 - public static final 'GL_LINES' 'I' @160  1 (0x00000001)
 - public static final 'GL_LINE_LOOP' 'I' @164  2 (0x00000002)
 - public static final 'GL_LINE_STRIP' 'I' @168  3 (0x00000003)
 - public static final 'GL_TRIANGLES' 'I' @172  4 (0x00000004)
 - public static final 'GL_TRIANGLE_STRIP' 'I' @176  5 (0x00000005)
 - public static final 'GL_TRIANGLE_FAN' 'I' @180  6 (0x00000006)
 - public static final 'GL_QUADS' 'I' @184  7 (0x00000007)
 - public static final 'GL_ZERO' 'I' @188  0 (0x00000000)
 - public static final 'GL_ONE' 'I' @192  1 (0x00000001)
 - public static final 'GL_SRC_COLOR' 'I' @196  768 (0x00000300)
 - public static final 'GL_ONE_MINUS_SRC_COLOR' 'I' @200  769 (0x00000301)
 - public static final 'GL_SRC_ALPHA' 'I' @204  770 (0x00000302)
 - public static final 'GL_ONE_MINUS_SRC_ALPHA' 'I' @208  771 (0x00000303)
 - public static final 'GL_DST_ALPHA' 'I' @212  772 (0x00000304)
 - public static final 'GL_ONE_MINUS_DST_ALPHA' 'I' @216  773 (0x00000305)
 - public static final 'GL_DST_COLOR' 'I' @220  774 (0x00000306)
 - public static final 'GL_ONE_MINUS_DST_COLOR' 'I' @224  775 (0x00000307)
 - public static final 'GL_SRC_ALPHA_SATURATE' 'I' @228  776 (0x00000308)
 - public static final 'GL_TRUE' 'I' @232  1 (0x00000001)
 - public static final 'GL_FALSE' 'I' @236  0 (0x00000000)
 - public static final 'GL_BYTE' 'I' @240  5120 (0x00001400)
 - public static final 'GL_UNSIGNED_BYTE' 'I' @244  5121 (0x00001401)
 - public static final 'GL_SHORT' 'I' @248  5122 (0x00001402)
 - public static final 'GL_UNSIGNED_SHORT' 'I' @252  5123 (0x00001403)
 - public static final 'GL_INT' 'I' @256  5124 (0x00001404)
 - public static final 'GL_UNSIGNED_INT' 'I' @260  5125 (0x00001405)
 - public static final 'GL_FLOAT' 'I' @264  5126 (0x00001406)
 - public static final 'GL_DOUBLE' 'I' @268  5130 (0x0000140a)
 - public static final 'GL_NONE' 'I' @272  0 (0x00000000)
 - public static final 'GL_FRONT_LEFT' 'I' @276  1024 (0x00000400)
 - public static final 'GL_FRONT_RIGHT' 'I' @280  1025 (0x00000401)
 - public static final 'GL_BACK_LEFT' 'I' @284  1026 (0x00000402)
 - public static final 'GL_BACK_RIGHT' 'I' @288  1027 (0x00000403)
 - public static final 'GL_FRONT' 'I' @292  1028 (0x00000404)
 - public static final 'GL_BACK' 'I' @296  1029 (0x00000405)
 - public static final 'GL_LEFT' 'I' @300  1030 (0x00000406)
 - public static final 'GL_RIGHT' 'I' @304  1031 (0x00000407)
 - public static final 'GL_FRONT_AND_BACK' 'I' @308  1032 (0x00000408)
 - public static final 'GL_NO_ERROR' 'I' @312  0 (0x00000000)
 - public static final 'GL_INVALID_ENUM' 'I' @316  1280 (0x00000500)
 - public static final 'GL_INVALID_VALUE' 'I' @320  1281 (0x00000501)
 - public static final 'GL_INVALID_OPERATION' 'I' @324  1282 (0x00000502)
 - public static final 'GL_STACK_OVERFLOW' 'I' @328  1283 (0x00000503)
 - public static final 'GL_STACK_UNDERFLOW' 'I' @332  1284 (0x00000504)
 - public static final 'GL_OUT_OF_MEMORY' 'I' @336  1285 (0x00000505)
 - public static final 'GL_CW' 'I' @340  2304 (0x00000900)
 - public static final 'GL_CCW' 'I' @344  2305 (0x00000901)
 - public static final 'GL_POINT_SIZE' 'I' @348  2833 (0x00000b11)
 - public static final 'GL_POINT_SIZE_RANGE' 'I' @352  2834 (0x00000b12)
 - public static final 'GL_POINT_SIZE_GRANULARITY' 'I' @356  2835 (0x00000b13)
 - public static final 'GL_LINE_SMOOTH' 'I' @360  2848 (0x00000b20)
 - public static final 'GL_LINE_WIDTH' 'I' @364  2849 (0x00000b21)
 - public static final 'GL_LINE_WIDTH_RANGE' 'I' @368  2850 (0x00000b22)
 - public static final 'GL_LINE_WIDTH_GRANULARITY' 'I' @372  2851 (0x00000b23)
 - public static final 'GL_POLYGON_MODE' 'I' @376  2880 (0x00000b40)
 - public static final 'GL_POLYGON_SMOOTH' 'I' @380  2881 (0x00000b41)
 - public static final 'GL_CULL_FACE' 'I' @384  2884 (0x00000b44)
 - public static final 'GL_CULL_FACE_MODE' 'I' @388  2885 (0x00000b45)
 - public static final 'GL_FRONT_FACE' 'I' @392  2886 (0x00000b46)
 - public static final 'GL_DEPTH_RANGE' 'I' @396  2928 (0x00000b70)
 - public static final 'GL_DEPTH_TEST' 'I' @400  2929 (0x00000b71)
 - public static final 'GL_DEPTH_WRITEMASK' 'I' @404  2930 (0x00000b72)
 - public static final 'GL_DEPTH_CLEAR_VALUE' 'I' @408  2931 (0x00000b73)
 - public static final 'GL_DEPTH_FUNC' 'I' @412  2932 (0x00000b74)
 - public static final 'GL_STENCIL_TEST' 'I' @416  2960 (0x00000b90)
 - public static final 'GL_STENCIL_CLEAR_VALUE' 'I' @420  2961 (0x00000b91)
 - public static final 'GL_STENCIL_FUNC' 'I' @424  2962 (0x00000b92)
 - public static final 'GL_STENCIL_VALUE_MASK' 'I' @428  2963 (0x00000b93)
 - public static final 'GL_STENCIL_FAIL' 'I' @432  2964 (0x00000b94)
 - public static final 'GL_STENCIL_PASS_DEPTH_FAIL' 'I' @436  2965 (0x00000b95)
 - public static final 'GL_STENCIL_PASS_DEPTH_PASS' 'I' @440  2966 (0x00000b96)
 - public static final 'GL_STENCIL_REF' 'I' @444  2967 (0x00000b97)
 - public static final 'GL_STENCIL_WRITEMASK' 'I' @448  2968 (0x00000b98)
 - public static final 'GL_VIEWPORT' 'I' @452  2978 (0x00000ba2)
 - public static final 'GL_DITHER' 'I' @456  3024 (0x00000bd0)
 - public static final 'GL_BLEND_DST' 'I' @460  3040 (0x00000be0)
 - public static final 'GL_BLEND_SRC' 'I' @464  3041 (0x00000be1)
 - public static final 'GL_BLEND' 'I' @468  3042 (0x00000be2)
 - public static final 'GL_LOGIC_OP_MODE' 'I' @472  3056 (0x00000bf0)
 - public static final 'GL_COLOR_LOGIC_OP' 'I' @476  3058 (0x00000bf2)
 - public static final 'GL_DRAW_BUFFER' 'I' @480  3073 (0x00000c01)
 - public static final 'GL_READ_BUFFER' 'I' @484  3074 (0x00000c02)
 - public static final 'GL_SCISSOR_BOX' 'I' @488  3088 (0x00000c10)
 - public static final 'GL_SCISSOR_TEST' 'I' @492  3089 (0x00000c11)
 - public static final 'GL_COLOR_CLEAR_VALUE' 'I' @496  3106 (0x00000c22)
 - public static final 'GL_COLOR_WRITEMASK' 'I' @500  3107 (0x00000c23)
 - public static final 'GL_DOUBLEBUFFER' 'I' @504  3122 (0x00000c32)
 - public static final 'GL_STEREO' 'I' @508  3123 (0x00000c33)
 - public static final 'GL_LINE_SMOOTH_HINT' 'I' @512  3154 (0x00000c52)
 - public static final 'GL_POLYGON_SMOOTH_HINT' 'I' @516  3155 (0x00000c53)
 - public static final 'GL_UNPACK_SWAP_BYTES' 'I' @520  3312 (0x00000cf0)
 - public static final 'GL_UNPACK_LSB_FIRST' 'I' @524  3313 (0x00000cf1)
 - public static final 'GL_UNPACK_ROW_LENGTH' 'I' @528  3314 (0x00000cf2)
 - public static final 'GL_UNPACK_SKIP_ROWS' 'I' @532  3315 (0x00000cf3)
 - public static final 'GL_UNPACK_SKIP_PIXELS' 'I' @536  3316 (0x00000cf4)
 - public static final 'GL_UNPACK_ALIGNMENT' 'I' @540  3317 (0x00000cf5)
 - public static final 'GL_PACK_SWAP_BYTES' 'I' @544  3328 (0x00000d00)
 - public static final 'GL_PACK_LSB_FIRST' 'I' @548  3329 (0x00000d01)
 - public static final 'GL_PACK_ROW_LENGTH' 'I' @552  3330 (0x00000d02)
 - public static final 'GL_PACK_SKIP_ROWS' 'I' @556  3331 (0x00000d03)
 - public static final 'GL_PACK_SKIP_PIXELS' 'I' @560  3332 (0x00000d04)
 - public static final 'GL_PACK_ALIGNMENT' 'I' @564  3333 (0x00000d05)
 - public static final 'GL_MAX_TEXTURE_SIZE' 'I' @568  3379 (0x00000d33)
 - public static final 'GL_MAX_VIEWPORT_DIMS' 'I' @572  3386 (0x00000d3a)
 - public static final 'GL_SUBPIXEL_BITS' 'I' @576  3408 (0x00000d50)
 - public static final 'GL_TEXTURE_1D' 'I' @580  3552 (0x00000de0)
 - public static final 'GL_TEXTURE_2D' 'I' @584  3553 (0x00000de1)
 - public static final 'GL_TEXTURE_WIDTH' 'I' @588  4096 (0x00001000)
 - public static final 'GL_TEXTURE_HEIGHT' 'I' @592  4097 (0x00001001)
 - public static final 'GL_TEXTURE_INTERNAL_FORMAT' 'I' @596  4099 (0x00001003)
 - public static final 'GL_TEXTURE_BORDER_COLOR' 'I' @600  4100 (0x00001004)
 - public static final 'GL_DONT_CARE' 'I' @604  4352 (0x00001100)
 - public static final 'GL_FASTEST' 'I' @608  4353 (0x00001101)
 - public static final 'GL_NICEST' 'I' @612  4354 (0x00001102)
 - public static final 'GL_CLEAR' 'I' @616  5376 (0x00001500)
 - public static final 'GL_AND' 'I' @620  5377 (0x00001501)
 - public static final 'GL_AND_REVERSE' 'I' @624  5378 (0x00001502)
 - public static final 'GL_COPY' 'I' @628  5379 (0x00001503)
 - public static final 'GL_AND_INVERTED' 'I' @632  5380 (0x00001504)
 - public static final 'GL_NOOP' 'I' @636  5381 (0x00001505)
 - public static final 'GL_XOR' 'I' @640  5382 (0x00001506)
 - public static final 'GL_OR' 'I' @644  5383 (0x00001507)
 - public static final 'GL_NOR' 'I' @648  5384 (0x00001508)
 - public static final 'GL_EQUIV' 'I' @652  5385 (0x00001509)
 - public static final 'GL_INVERT' 'I' @656  5386 (0x0000150a)
 - public static final 'GL_OR_REVERSE' 'I' @660  5387 (0x0000150b)
 - public static final 'GL_COPY_INVERTED' 'I' @664  5388 (0x0000150c)
 - public static final 'GL_OR_INVERTED' 'I' @668  5389 (0x0000150d)
 - public static final 'GL_NAND' 'I' @672  5390 (0x0000150e)
 - public static final 'GL_SET' 'I' @676  5391 (0x0000150f)
 - public static final 'GL_TEXTURE' 'I' @680  5890 (0x00001702)
 - public static final 'GL_COLOR' 'I' @684  6144 (0x00001800)
 - public static final 'GL_DEPTH' 'I' @688  6145 (0x00001801)
 - public static final 'GL_STENCIL' 'I' @692  6146 (0x00001802)
 - public static final 'GL_STENCIL_INDEX' 'I' @696  6401 (0x00001901)
 - public static final 'GL_DEPTH_COMPONENT' 'I' @700  6402 (0x00001902)
 - public static final 'GL_RED' 'I' @704  6403 (0x00001903)
 - public static final 'GL_GREEN' 'I' @708  6404 (0x00001904)
 - public static final 'GL_BLUE' 'I' @712  6405 (0x00001905)
 - public static final 'GL_ALPHA' 'I' @716  6406 (0x00001906)
 - public static final 'GL_RGB' 'I' @720  6407 (0x00001907)
 - public static final 'GL_RGBA' 'I' @724  6408 (0x00001908)
 - public static final 'GL_POINT' 'I' @728  6912 (0x00001b00)
 - public static final 'GL_LINE' 'I' @732  6913 (0x00001b01)
 - public static final 'GL_FILL' 'I' @736  6914 (0x00001b02)
 - public static final 'GL_KEEP' 'I' @740  7680 (0x00001e00)
 - public static final 'GL_REPLACE' 'I' @744  7681 (0x00001e01)
 - public static final 'GL_INCR' 'I' @748  7682 (0x00001e02)
 - public static final 'GL_DECR' 'I' @752  7683 (0x00001e03)
 - public static final 'GL_VENDOR' 'I' @756  7936 (0x00001f00)
 - public static final 'GL_RENDERER' 'I' @760  7937 (0x00001f01)
 - public static final 'GL_VERSION' 'I' @764  7938 (0x00001f02)
 - public static final 'GL_EXTENSIONS' 'I' @768  7939 (0x00001f03)
 - public static final 'GL_NEAREST' 'I' @772  9728 (0x00002600)
 - public static final 'GL_LINEAR' 'I' @776  9729 (0x00002601)
 - public static final 'GL_NEAREST_MIPMAP_NEAREST' 'I' @780  9984 (0x00002700)
 - public static final 'GL_LINEAR_MIPMAP_NEAREST' 'I' @784  9985 (0x00002701)
 - public static final 'GL_NEAREST_MIPMAP_LINEAR' 'I' @788  9986 (0x00002702)
 - public static final 'GL_LINEAR_MIPMAP_LINEAR' 'I' @792  9987 (0x00002703)
 - public static final 'GL_TEXTURE_MAG_FILTER' 'I' @796  10240 (0x00002800)
 - public static final 'GL_TEXTURE_MIN_FILTER' 'I' @800  10241 (0x00002801)
 - public static final 'GL_TEXTURE_WRAP_S' 'I' @804  10242 (0x00002802)
 - public static final 'GL_TEXTURE_WRAP_T' 'I' @808  10243 (0x00002803)
 - public static final 'GL_REPEAT' 'I' @812  10497 (0x00002901)
 - public static final 'GL_POLYGON_OFFSET_FACTOR' 'I' @816  32824 (0x00008038)
 - public static final 'GL_POLYGON_OFFSET_UNITS' 'I' @820  10752 (0x00002a00)
 - public static final 'GL_POLYGON_OFFSET_POINT' 'I' @824  10753 (0x00002a01)
 - public static final 'GL_POLYGON_OFFSET_LINE' 'I' @828  10754 (0x00002a02)
 - public static final 'GL_POLYGON_OFFSET_FILL' 'I' @832  32823 (0x00008037)
 - public static final 'GL_R3_G3_B2' 'I' @836  10768 (0x00002a10)
 - public static final 'GL_RGB4' 'I' @840  32847 (0x0000804f)
 - public static final 'GL_RGB5' 'I' @844  32848 (0x00008050)
 - public static final 'GL_RGB8' 'I' @848  32849 (0x00008051)
 - public static final 'GL_RGB10' 'I' @852  32850 (0x00008052)
 - public static final 'GL_RGB12' 'I' @856  32851 (0x00008053)
 - public static final 'GL_RGB16' 'I' @860  32852 (0x00008054)
 - public static final 'GL_RGBA2' 'I' @864  32853 (0x00008055)
 - public static final 'GL_RGBA4' 'I' @868  32854 (0x00008056)
 - public static final 'GL_RGB5_A1' 'I' @872  32855 (0x00008057)
 - public static final 'GL_RGBA8' 'I' @876  32856 (0x00008058)
 - public static final 'GL_RGB10_A2' 'I' @880  32857 (0x00008059)
 - public static final 'GL_RGBA12' 'I' @884  32858 (0x0000805a)
 - public static final 'GL_RGBA16' 'I' @888  32859 (0x0000805b)
 - public static final 'GL_TEXTURE_RED_SIZE' 'I' @892  32860 (0x0000805c)
 - public static final 'GL_TEXTURE_GREEN_SIZE' 'I' @896  32861 (0x0000805d)
 - public static final 'GL_TEXTURE_BLUE_SIZE' 'I' @900  32862 (0x0000805e)
 - public static final 'GL_TEXTURE_ALPHA_SIZE' 'I' @904  32863 (0x0000805f)
 - public static final 'GL_PROXY_TEXTURE_1D' 'I' @908  32867 (0x00008063)
 - public static final 'GL_PROXY_TEXTURE_2D' 'I' @912  32868 (0x00008064)
 - public static final 'GL_TEXTURE_BINDING_1D' 'I' @916  32872 (0x00008068)
 - public static final 'GL_TEXTURE_BINDING_2D' 'I' @920  32873 (0x00008069)
 - public static final 'GL_VERTEX_ARRAY' 'I' @924  32884 (0x00008074)
R12=0x0 is null
R13=0x000001a5da523598 is pointing into metadata
R14=0x00000074c8aff3e0 is pointing into the stack for thread: 0x000001a5f3e8f730
R15=0x000001a5f3e8f730 is a thread

Top of Stack: (sp=0x00000074c8aff348)
0x00000074c8aff348:   000001a58745ce0b 000001a5da5235a0
0x00000074c8aff358:   0000d4a4cf78e309 0000d4a4cf78e309
0x00000074c8aff368:   00000074c8aff368 000001a58745ca9f
0x00000074c8aff378:   00000074c8aff378 000001a5da523598
0x00000074c8aff388:   0000000000000004 000001a5da52f0c8
0x00000074c8aff398:   0000000000000000 00000006204ef180
0x00000074c8aff3a8:   000001a5da5235a0 0000000000000000
0x00000074c8aff3b8:   00000074c8aff3e0 00000074c8aff430
0x00000074c8aff3c8:   000001a587458846 00000006204ef180
0x00000074c8aff3d8:   000001a58745a397 0000000000004100
0x00000074c8aff3e8:   00000074c8aff3e8 000001a5da4dc551
0x00000074c8aff3f8:   0000000000000002 000001a5da511498
0x00000074c8aff408:   0000000000000000 0000000620470140
0x00000074c8aff418:   000001a5da4dc578 00000074c8aff3e0
0x00000074c8aff428:   00000074c8aff440 00000074c8aff490
0x00000074c8aff438:   000001a587458846 0000000000004100
0x00000074c8aff448:   00000074c8aff448 000001a5da409974
0x00000074c8aff458:   000000000000000d 000001a5da409bb8
0x00000074c8aff468:   0000000000000000 00000006208b2e80
0x00000074c8aff478:   000001a5da409ae0 00000074c8aff440
0x00000074c8aff488:   00000074c8aff4f8 00000074c8aff548
0x00000074c8aff498:   000001a587458846 0000000000000000
0x00000074c8aff4a8:   0000000000000000 0000000000000000
0x00000074c8aff4b8:   0000000000000000 0000000000000000
0x00000074c8aff4c8:   0000000000000000 0000000000000000
0x00000074c8aff4d8:   0000000000000000 000000003e20d97c
0x00000074c8aff4e8:   0000000040c90fdb 0000000000000000
0x00000074c8aff4f8:   00000006208b2f70 00000074c8aff500
0x00000074c8aff508:   000001a5da408d07 0000000000000003
0x00000074c8aff518:   000001a5da408da8 0000000000000000
0x00000074c8aff528:   00000006208b13a0 000001a5da408d30
0x00000074c8aff538:   00000074c8aff4f8 00000074c8aff560 

Instructions: (pc=0x00007ffd69dbc59a)
0x00007ffd69dbc49a:   cc cc cc cc cc cc 48 8b 01 49 8b c8 48 8b 50 18
0x00007ffd69dbc4aa:   48 ff a2 58 0a 00 00 cc cc cc cc cc cc cc cc cc
0x00007ffd69dbc4ba:   cc cc cc cc cc cc 48 8b 01 49 8b c8 48 8b 50 18
0x00007ffd69dbc4ca:   48 ff a2 60 0a 00 00 cc cc cc cc cc cc cc cc cc
0x00007ffd69dbc4da:   cc cc cc cc cc cc 48 8b 01 49 8b c8 48 8b 50 18
0x00007ffd69dbc4ea:   48 ff a2 68 0a 00 00 cc cc cc cc cc cc cc cc cc
0x00007ffd69dbc4fa:   cc cc cc cc cc cc 40 53 48 8b 01 41 8b d8 44 8b
0x00007ffd69dbc50a:   44 24 30 41 8b d1 4c 8b 4c 24 38 8b cb 4c 8b 50
0x00007ffd69dbc51a:   18 5b 49 ff a2 70 0a 00 00 cc cc cc cc cc cc cc
0x00007ffd69dbc52a:   cc cc cc cc cc cc 48 8b 01 41 8b c8 48 8b 50 18
0x00007ffd69dbc53a:   48 ff 22 cc cc cc 48 8b 01 41 8b c8 48 8b 50 18
0x00007ffd69dbc54a:   48 ff 62 08 cc cc 48 8b 01 41 8b d1 41 8b c8 4c
0x00007ffd69dbc55a:   8b 50 18 49 ff 62 38 cc cc cc cc cc cc cc cc cc
0x00007ffd69dbc56a:   cc cc cc cc cc cc 48 8b 01 41 8b d1 41 8b c8 4c
0x00007ffd69dbc57a:   8b 50 18 49 ff 62 48 cc cc cc cc cc cc cc cc cc
0x00007ffd69dbc58a:   cc cc cc cc cc cc 48 8b 01 41 8b c8 48 8b 50 18
0x00007ffd69dbc59a:   48 ff 62 60 cc cc 48 8b 01 0f 28 cb f3 0f 10 5c
0x00007ffd69dbc5aa:   24 30 0f 28 c2 f3 0f 10 54 24 28 48 8b 48 18 48
0x00007ffd69dbc5ba:   ff 61 70 cc cc cc 48 8b 01 0f 28 c2 48 8b 48 18
0x00007ffd69dbc5ca:   48 ff 61 78 cc cc 48 8b 01 41 8b c8 48 8b 50 18
0x00007ffd69dbc5da:   48 ff a2 88 00 00 00 cc cc cc cc cc cc cc cc cc
0x00007ffd69dbc5ea:   cc cc cc cc cc cc 40 53 48 8b 01 41 0f b6 d8 44
0x00007ffd69dbc5fa:   0f b6 44 24 30 41 0f b6 d1 44 0f b6 4c 24 38 0f
0x00007ffd69dbc60a:   b6 cb 4c 8b 50 18 5b 49 ff a2 98 01 00 00 cc cc
0x00007ffd69dbc61a:   cc cc cc cc cc cc 48 8b 01 41 8b c8 48 8b 50 18
0x00007ffd69dbc62a:   48 ff a2 b8 01 00 00 cc cc cc cc cc cc cc cc cc
0x00007ffd69dbc63a:   cc cc cc cc cc cc 48 8b 01 41 8b c8 48 8b 50 18
0x00007ffd69dbc64a:   48 ff a2 c8 01 00 00 cc cc cc cc cc cc cc cc cc
0x00007ffd69dbc65a:   cc cc cc cc cc cc 48 8b 01 41 0f b6 c8 48 8b 50
0x00007ffd69dbc66a:   18 48 ff a2 d0 01 00 00 cc cc cc cc cc cc cc cc
0x00007ffd69dbc67a:   cc cc cc cc cc cc 48 8b 01 0f 28 cb 0f 28 c2 48
0x00007ffd69dbc68a:   8b 48 18 48 ff a1 d8 01 00 00 cc cc cc cc cc cc 


Stack slot to memory mapping:

stack at sp + 0 slots: 0x000001a58745ce0b is at code_begin+1067 in an Interpreter codelet
native method entry point (kind = native)  [0x000001a58745c9e0, 0x000001a58745d508]  2856 bytes
stack at sp + 1 slots: {method} {0x000001a5da5235a8} 'glClear' '(I)V' in 'org/lwjgl/opengl/GL11C'
stack at sp + 2 slots: 0x0000d4a4cf78e309 is an unknown value
stack at sp + 3 slots: 0x0000d4a4cf78e309 is an unknown value
stack at sp + 4 slots: 0x00000074c8aff368 is pointing into the stack for thread: 0x000001a5f3e8f730
stack at sp + 5 slots: 0x000001a58745ca9f is at code_begin+191 in an Interpreter codelet
native method entry point (kind = native)  [0x000001a58745c9e0, 0x000001a58745d508]  2856 bytes
stack at sp + 6 slots: 0x00000074c8aff378 is pointing into the stack for thread: 0x000001a5f3e8f730
stack at sp + 7 slots: 0x000001a5da523598 is pointing into metadata


---------------  P R O C E S S  ---------------

Threads class SMR info:
_java_thread_list=0x000001a5e8b5fd00, length=14, elements={
0x000001a5f3e8f730, 0x000001a5de01c100, 0x000001a5de01cfd0, 0x000001a5de020350,
0x000001a5de021030, 0x000001a5de0223e0, 0x000001a5de0257e0, 0x000001a5de02c280,
0x000001a5de030ef0, 0x000001a5de13c0e0, 0x000001a5de144680, 0x000001a5de14e3a0,
0x000001a5de3fc0a0, 0x000001a5de592b40
}

Java Threads: ( => current thread )
=>0x000001a5f3e8f730 JavaThread "main"                              [_thread_in_native, id=13904, stack(0x00000074c8a00000,0x00000074c8b00000) (1024K)]
  0x000001a5de01c100 JavaThread "Reference Handler"          daemon [_thread_blocked, id=17444, stack(0x00000074c9200000,0x00000074c9300000) (1024K)]
  0x000001a5de01cfd0 JavaThread "Finalizer"                  daemon [_thread_blocked, id=19200, stack(0x00000074c9300000,0x00000074c9400000) (1024K)]
  0x000001a5de020350 JavaThread "Signal Dispatcher"          daemon [_thread_blocked, id=8684, stack(0x00000074c9400000,0x00000074c9500000) (1024K)]
  0x000001a5de021030 JavaThread "Attach Listener"            daemon [_thread_blocked, id=13780, stack(0x00000074c9500000,0x00000074c9600000) (1024K)]
  0x000001a5de0223e0 JavaThread "Service Thread"             daemon [_thread_blocked, id=18548, stack(0x00000074c9600000,0x00000074c9700000) (1024K)]
  0x000001a5de0257e0 JavaThread "Monitor Deflation Thread"   daemon [_thread_blocked, id=17340, stack(0x00000074c9700000,0x00000074c9800000) (1024K)]
  0x000001a5de02c280 JavaThread "C2 CompilerThread0"         daemon [_thread_blocked, id=3600, stack(0x00000074c9800000,0x00000074c9900000) (1024K)]
  0x000001a5de030ef0 JavaThread "C1 CompilerThread0"         daemon [_thread_blocked, id=18604, stack(0x00000074c9900000,0x00000074c9a00000) (1024K)]
  0x000001a5de13c0e0 JavaThread "Common-Cleaner"             daemon [_thread_blocked, id=4560, stack(0x00000074c9a00000,0x00000074c9b00000) (1024K)]
  0x000001a5de144680 JavaThread "C1 CompilerThread1"         daemon [_thread_blocked, id=15700, stack(0x00000074c9b00000,0x00000074c9c00000) (1024K)]
  0x000001a5de14e3a0 JavaThread "C1 CompilerThread2"         daemon [_thread_blocked, id=17200, stack(0x00000074c9c00000,0x00000074c9d00000) (1024K)]
  0x000001a5de3fc0a0 JavaThread "Monitor Ctrl-Break"         daemon [_thread_in_native, id=17812, stack(0x00000074c9d00000,0x00000074c9e00000) (1024K)]
  0x000001a5de592b40 JavaThread "Notification Thread"        daemon [_thread_blocked, id=2284, stack(0x00000074c9e00000,0x00000074c9f00000) (1024K)]
Total: 14

Other Threads:
  0x000001a5fee4c040 VMThread "VM Thread"                           [id=18492, stack(0x00000074c9100000,0x00000074c9200000) (1024K)]
  0x000001a5fee34d00 WatcherThread "VM Periodic Task Thread"        [id=5328, stack(0x00000074c9000000,0x00000074c9100000) (1024K)]
  0x000001a5f3ef85b0 WorkerThread "GC Thread#0"                     [id=18080, stack(0x00000074c8b00000,0x00000074c8c00000) (1024K)]
  0x000001a5f3f0b5f0 ConcurrentGCThread "G1 Main Marker"            [id=18168, stack(0x00000074c8c00000,0x00000074c8d00000) (1024K)]
  0x000001a5f3f0cfb0 WorkerThread "G1 Conc#0"                       [id=19304, stack(0x00000074c8d00000,0x00000074c8e00000) (1024K)]
  0x000001a5fecf90f0 ConcurrentGCThread "G1 Refine#0"               [id=15368, stack(0x00000074c8e00000,0x00000074c8f00000) (1024K)]
  0x000001a5fecf9a70 ConcurrentGCThread "G1 Service"                [id=16860, stack(0x00000074c8f00000,0x00000074c9000000) (1024K)]
Total: 7

Threads with active compile tasks:
Total: 0

VM state: not at safepoint (normal execution)

VM Mutex/Monitor currently owned by a thread: None

Heap address: 0x0000000601000000, size: 8176 MB, Compressed Oops mode: Zero based, Oop shift amount: 3

CDS archive(s) mapped at: [0x000001a599000000-0x000001a599c90000-0x000001a599c90000), size 13172736, SharedBaseAddress: 0x000001a599000000, ArchiveRelocationMode: 1.
Compressed class space mapped at: 0x000001a59a000000-0x000001a5da000000, reserved size: 1073741824
Narrow klass base: 0x000001a599000000, Narrow klass shift: 0, Narrow klass range: 0x100000000

GC Precious Log:
 CardTable entry size: 512
 Card Set container configuration: InlinePtr #cards 4 size 8 Array Of Cards #cards 32 size 80 Howl #buckets 8 coarsen threshold 7372 Howl Bitmap #cards 1024 size 144 coarsen threshold 921 Card regions per heap region 1 cards per card region 8192
 CPUs: 16 total, 16 available
 Memory: 32693M
 Large Page Support: Disabled
 NUMA Support: Disabled
 Compressed Oops: Enabled (Zero based)
 Heap Region Size: 4M
 Heap Min Capacity: 8M
 Heap Initial Capacity: 512M
 Heap Max Capacity: 8176M
 Pre-touch: Disabled
 Parallel Workers: 13
 Concurrent Workers: 3
 Concurrent Refinement Workers: 13
 Periodic GC: Disabled

Heap:
 garbage-first heap   total 524288K, used 8192K [0x0000000601000000, 0x0000000800000000)
  region size 4096K, 3 young (12288K), 0 survivors (0K)
 Metaspace       used 3226K, committed 3392K, reserved 1114112K
  class space    used 221K, committed 320K, reserved 1048576K

Heap Regions: E=young(eden), S=young(survivor), O=old, HS=humongous(starts), HC=humongous(continues), CS=collection set, F=free, TAMS=top-at-mark-start, PB=parsable bottom
|   0|0x0000000601000000, 0x0000000601000000, 0x0000000601400000|  0%| F|  |TAMS 0x0000000601000000| PB 0x0000000601000000| Untracked 
|   1|0x0000000601400000, 0x0000000601400000, 0x0000000601800000|  0%| F|  |TAMS 0x0000000601400000| PB 0x0000000601400000| Untracked 
|   2|0x0000000601800000, 0x0000000601800000, 0x0000000601c00000|  0%| F|  |TAMS 0x0000000601800000| PB 0x0000000601800000| Untracked 
|   3|0x0000000601c00000, 0x0000000601c00000, 0x0000000602000000|  0%| F|  |TAMS 0x0000000601c00000| PB 0x0000000601c00000| Untracked 
|   4|0x0000000602000000, 0x0000000602000000, 0x0000000602400000|  0%| F|  |TAMS 0x0000000602000000| PB 0x0000000602000000| Untracked 
|   5|0x0000000602400000, 0x0000000602400000, 0x0000000602800000|  0%| F|  |TAMS 0x0000000602400000| PB 0x0000000602400000| Untracked 
|   6|0x0000000602800000, 0x0000000602800000, 0x0000000602c00000|  0%| F|  |TAMS 0x0000000602800000| PB 0x0000000602800000| Untracked 
|   7|0x0000000602c00000, 0x0000000602c00000, 0x0000000603000000|  0%| F|  |TAMS 0x0000000602c00000| PB 0x0000000602c00000| Untracked 
|   8|0x0000000603000000, 0x0000000603000000, 0x0000000603400000|  0%| F|  |TAMS 0x0000000603000000| PB 0x0000000603000000| Untracked 
|   9|0x0000000603400000, 0x0000000603400000, 0x0000000603800000|  0%| F|  |TAMS 0x0000000603400000| PB 0x0000000603400000| Untracked 
|  10|0x0000000603800000, 0x0000000603800000, 0x0000000603c00000|  0%| F|  |TAMS 0x0000000603800000| PB 0x0000000603800000| Untracked 
|  11|0x0000000603c00000, 0x0000000603c00000, 0x0000000604000000|  0%| F|  |TAMS 0x0000000603c00000| PB 0x0000000603c00000| Untracked 
|  12|0x0000000604000000, 0x0000000604000000, 0x0000000604400000|  0%| F|  |TAMS 0x0000000604000000| PB 0x0000000604000000| Untracked 
|  13|0x0000000604400000, 0x0000000604400000, 0x0000000604800000|  0%| F|  |TAMS 0x0000000604400000| PB 0x0000000604400000| Untracked 
|  14|0x0000000604800000, 0x0000000604800000, 0x0000000604c00000|  0%| F|  |TAMS 0x0000000604800000| PB 0x0000000604800000| Untracked 
|  15|0x0000000604c00000, 0x0000000604c00000, 0x0000000605000000|  0%| F|  |TAMS 0x0000000604c00000| PB 0x0000000604c00000| Untracked 
|  16|0x0000000605000000, 0x0000000605000000, 0x0000000605400000|  0%| F|  |TAMS 0x0000000605000000| PB 0x0000000605000000| Untracked 
|  17|0x0000000605400000, 0x0000000605400000, 0x0000000605800000|  0%| F|  |TAMS 0x0000000605400000| PB 0x0000000605400000| Untracked 
|  18|0x0000000605800000, 0x0000000605800000, 0x0000000605c00000|  0%| F|  |TAMS 0x0000000605800000| PB 0x0000000605800000| Untracked 
|  19|0x0000000605c00000, 0x0000000605c00000, 0x0000000606000000|  0%| F|  |TAMS 0x0000000605c00000| PB 0x0000000605c00000| Untracked 
|  20|0x0000000606000000, 0x0000000606000000, 0x0000000606400000|  0%| F|  |TAMS 0x0000000606000000| PB 0x0000000606000000| Untracked 
|  21|0x0000000606400000, 0x0000000606400000, 0x0000000606800000|  0%| F|  |TAMS 0x0000000606400000| PB 0x0000000606400000| Untracked 
|  22|0x0000000606800000, 0x0000000606800000, 0x0000000606c00000|  0%| F|  |TAMS 0x0000000606800000| PB 0x0000000606800000| Untracked 
|  23|0x0000000606c00000, 0x0000000606c00000, 0x0000000607000000|  0%| F|  |TAMS 0x0000000606c00000| PB 0x0000000606c00000| Untracked 
|  24|0x0000000607000000, 0x0000000607000000, 0x0000000607400000|  0%| F|  |TAMS 0x0000000607000000| PB 0x0000000607000000| Untracked 
|  25|0x0000000607400000, 0x0000000607400000, 0x0000000607800000|  0%| F|  |TAMS 0x0000000607400000| PB 0x0000000607400000| Untracked 
|  26|0x0000000607800000, 0x0000000607800000, 0x0000000607c00000|  0%| F|  |TAMS 0x0000000607800000| PB 0x0000000607800000| Untracked 
|  27|0x0000000607c00000, 0x0000000607c00000, 0x0000000608000000|  0%| F|  |TAMS 0x0000000607c00000| PB 0x0000000607c00000| Untracked 
|  28|0x0000000608000000, 0x0000000608000000, 0x0000000608400000|  0%| F|  |TAMS 0x0000000608000000| PB 0x0000000608000000| Untracked 
|  29|0x0000000608400000, 0x0000000608400000, 0x0000000608800000|  0%| F|  |TAMS 0x0000000608400000| PB 0x0000000608400000| Untracked 
|  30|0x0000000608800000, 0x0000000608800000, 0x0000000608c00000|  0%| F|  |TAMS 0x0000000608800000| PB 0x0000000608800000| Untracked 
|  31|0x0000000608c00000, 0x0000000608c00000, 0x0000000609000000|  0%| F|  |TAMS 0x0000000608c00000| PB 0x0000000608c00000| Untracked 
|  32|0x0000000609000000, 0x0000000609000000, 0x0000000609400000|  0%| F|  |TAMS 0x0000000609000000| PB 0x0000000609000000| Untracked 
|  33|0x0000000609400000, 0x0000000609400000, 0x0000000609800000|  0%| F|  |TAMS 0x0000000609400000| PB 0x0000000609400000| Untracked 
|  34|0x0000000609800000, 0x0000000609800000, 0x0000000609c00000|  0%| F|  |TAMS 0x0000000609800000| PB 0x0000000609800000| Untracked 
|  35|0x0000000609c00000, 0x0000000609c00000, 0x000000060a000000|  0%| F|  |TAMS 0x0000000609c00000| PB 0x0000000609c00000| Untracked 
|  36|0x000000060a000000, 0x000000060a000000, 0x000000060a400000|  0%| F|  |TAMS 0x000000060a000000| PB 0x000000060a000000| Untracked 
|  37|0x000000060a400000, 0x000000060a400000, 0x000000060a800000|  0%| F|  |TAMS 0x000000060a400000| PB 0x000000060a400000| Untracked 
|  38|0x000000060a800000, 0x000000060a800000, 0x000000060ac00000|  0%| F|  |TAMS 0x000000060a800000| PB 0x000000060a800000| Untracked 
|  39|0x000000060ac00000, 0x000000060ac00000, 0x000000060b000000|  0%| F|  |TAMS 0x000000060ac00000| PB 0x000000060ac00000| Untracked 
|  40|0x000000060b000000, 0x000000060b000000, 0x000000060b400000|  0%| F|  |TAMS 0x000000060b000000| PB 0x000000060b000000| Untracked 
|  41|0x000000060b400000, 0x000000060b400000, 0x000000060b800000|  0%| F|  |TAMS 0x000000060b400000| PB 0x000000060b400000| Untracked 
|  42|0x000000060b800000, 0x000000060b800000, 0x000000060bc00000|  0%| F|  |TAMS 0x000000060b800000| PB 0x000000060b800000| Untracked 
|  43|0x000000060bc00000, 0x000000060bc00000, 0x000000060c000000|  0%| F|  |TAMS 0x000000060bc00000| PB 0x000000060bc00000| Untracked 
|  44|0x000000060c000000, 0x000000060c000000, 0x000000060c400000|  0%| F|  |TAMS 0x000000060c000000| PB 0x000000060c000000| Untracked 
|  45|0x000000060c400000, 0x000000060c400000, 0x000000060c800000|  0%| F|  |TAMS 0x000000060c400000| PB 0x000000060c400000| Untracked 
|  46|0x000000060c800000, 0x000000060c800000, 0x000000060cc00000|  0%| F|  |TAMS 0x000000060c800000| PB 0x000000060c800000| Untracked 
|  47|0x000000060cc00000, 0x000000060cc00000, 0x000000060d000000|  0%| F|  |TAMS 0x000000060cc00000| PB 0x000000060cc00000| Untracked 
|  48|0x000000060d000000, 0x000000060d000000, 0x000000060d400000|  0%| F|  |TAMS 0x000000060d000000| PB 0x000000060d000000| Untracked 
|  49|0x000000060d400000, 0x000000060d400000, 0x000000060d800000|  0%| F|  |TAMS 0x000000060d400000| PB 0x000000060d400000| Untracked 
|  50|0x000000060d800000, 0x000000060d800000, 0x000000060dc00000|  0%| F|  |TAMS 0x000000060d800000| PB 0x000000060d800000| Untracked 
|  51|0x000000060dc00000, 0x000000060dc00000, 0x000000060e000000|  0%| F|  |TAMS 0x000000060dc00000| PB 0x000000060dc00000| Untracked 
|  52|0x000000060e000000, 0x000000060e000000, 0x000000060e400000|  0%| F|  |TAMS 0x000000060e000000| PB 0x000000060e000000| Untracked 
|  53|0x000000060e400000, 0x000000060e400000, 0x000000060e800000|  0%| F|  |TAMS 0x000000060e400000| PB 0x000000060e400000| Untracked 
|  54|0x000000060e800000, 0x000000060e800000, 0x000000060ec00000|  0%| F|  |TAMS 0x000000060e800000| PB 0x000000060e800000| Untracked 
|  55|0x000000060ec00000, 0x000000060ec00000, 0x000000060f000000|  0%| F|  |TAMS 0x000000060ec00000| PB 0x000000060ec00000| Untracked 
|  56|0x000000060f000000, 0x000000060f000000, 0x000000060f400000|  0%| F|  |TAMS 0x000000060f000000| PB 0x000000060f000000| Untracked 
|  57|0x000000060f400000, 0x000000060f400000, 0x000000060f800000|  0%| F|  |TAMS 0x000000060f400000| PB 0x000000060f400000| Untracked 
|  58|0x000000060f800000, 0x000000060f800000, 0x000000060fc00000|  0%| F|  |TAMS 0x000000060f800000| PB 0x000000060f800000| Untracked 
|  59|0x000000060fc00000, 0x000000060fc00000, 0x0000000610000000|  0%| F|  |TAMS 0x000000060fc00000| PB 0x000000060fc00000| Untracked 
|  60|0x0000000610000000, 0x0000000610000000, 0x0000000610400000|  0%| F|  |TAMS 0x0000000610000000| PB 0x0000000610000000| Untracked 
|  61|0x0000000610400000, 0x0000000610400000, 0x0000000610800000|  0%| F|  |TAMS 0x0000000610400000| PB 0x0000000610400000| Untracked 
|  62|0x0000000610800000, 0x0000000610800000, 0x0000000610c00000|  0%| F|  |TAMS 0x0000000610800000| PB 0x0000000610800000| Untracked 
|  63|0x0000000610c00000, 0x0000000610c00000, 0x0000000611000000|  0%| F|  |TAMS 0x0000000610c00000| PB 0x0000000610c00000| Untracked 
|  64|0x0000000611000000, 0x0000000611000000, 0x0000000611400000|  0%| F|  |TAMS 0x0000000611000000| PB 0x0000000611000000| Untracked 
|  65|0x0000000611400000, 0x0000000611400000, 0x0000000611800000|  0%| F|  |TAMS 0x0000000611400000| PB 0x0000000611400000| Untracked 
|  66|0x0000000611800000, 0x0000000611800000, 0x0000000611c00000|  0%| F|  |TAMS 0x0000000611800000| PB 0x0000000611800000| Untracked 
|  67|0x0000000611c00000, 0x0000000611c00000, 0x0000000612000000|  0%| F|  |TAMS 0x0000000611c00000| PB 0x0000000611c00000| Untracked 
|  68|0x0000000612000000, 0x0000000612000000, 0x0000000612400000|  0%| F|  |TAMS 0x0000000612000000| PB 0x0000000612000000| Untracked 
|  69|0x0000000612400000, 0x0000000612400000, 0x0000000612800000|  0%| F|  |TAMS 0x0000000612400000| PB 0x0000000612400000| Untracked 
|  70|0x0000000612800000, 0x0000000612800000, 0x0000000612c00000|  0%| F|  |TAMS 0x0000000612800000| PB 0x0000000612800000| Untracked 
|  71|0x0000000612c00000, 0x0000000612c00000, 0x0000000613000000|  0%| F|  |TAMS 0x0000000612c00000| PB 0x0000000612c00000| Untracked 
|  72|0x0000000613000000, 0x0000000613000000, 0x0000000613400000|  0%| F|  |TAMS 0x0000000613000000| PB 0x0000000613000000| Untracked 
|  73|0x0000000613400000, 0x0000000613400000, 0x0000000613800000|  0%| F|  |TAMS 0x0000000613400000| PB 0x0000000613400000| Untracked 
|  74|0x0000000613800000, 0x0000000613800000, 0x0000000613c00000|  0%| F|  |TAMS 0x0000000613800000| PB 0x0000000613800000| Untracked 
|  75|0x0000000613c00000, 0x0000000613c00000, 0x0000000614000000|  0%| F|  |TAMS 0x0000000613c00000| PB 0x0000000613c00000| Untracked 
|  76|0x0000000614000000, 0x0000000614000000, 0x0000000614400000|  0%| F|  |TAMS 0x0000000614000000| PB 0x0000000614000000| Untracked 
|  77|0x0000000614400000, 0x0000000614400000, 0x0000000614800000|  0%| F|  |TAMS 0x0000000614400000| PB 0x0000000614400000| Untracked 
|  78|0x0000000614800000, 0x0000000614800000, 0x0000000614c00000|  0%| F|  |TAMS 0x0000000614800000| PB 0x0000000614800000| Untracked 
|  79|0x0000000614c00000, 0x0000000614c00000, 0x0000000615000000|  0%| F|  |TAMS 0x0000000614c00000| PB 0x0000000614c00000| Untracked 
|  80|0x0000000615000000, 0x0000000615000000, 0x0000000615400000|  0%| F|  |TAMS 0x0000000615000000| PB 0x0000000615000000| Untracked 
|  81|0x0000000615400000, 0x0000000615400000, 0x0000000615800000|  0%| F|  |TAMS 0x0000000615400000| PB 0x0000000615400000| Untracked 
|  82|0x0000000615800000, 0x0000000615800000, 0x0000000615c00000|  0%| F|  |TAMS 0x0000000615800000| PB 0x0000000615800000| Untracked 
|  83|0x0000000615c00000, 0x0000000615c00000, 0x0000000616000000|  0%| F|  |TAMS 0x0000000615c00000| PB 0x0000000615c00000| Untracked 
|  84|0x0000000616000000, 0x0000000616000000, 0x0000000616400000|  0%| F|  |TAMS 0x0000000616000000| PB 0x0000000616000000| Untracked 
|  85|0x0000000616400000, 0x0000000616400000, 0x0000000616800000|  0%| F|  |TAMS 0x0000000616400000| PB 0x0000000616400000| Untracked 
|  86|0x0000000616800000, 0x0000000616800000, 0x0000000616c00000|  0%| F|  |TAMS 0x0000000616800000| PB 0x0000000616800000| Untracked 
|  87|0x0000000616c00000, 0x0000000616c00000, 0x0000000617000000|  0%| F|  |TAMS 0x0000000616c00000| PB 0x0000000616c00000| Untracked 
|  88|0x0000000617000000, 0x0000000617000000, 0x0000000617400000|  0%| F|  |TAMS 0x0000000617000000| PB 0x0000000617000000| Untracked 
|  89|0x0000000617400000, 0x0000000617400000, 0x0000000617800000|  0%| F|  |TAMS 0x0000000617400000| PB 0x0000000617400000| Untracked 
|  90|0x0000000617800000, 0x0000000617800000, 0x0000000617c00000|  0%| F|  |TAMS 0x0000000617800000| PB 0x0000000617800000| Untracked 
|  91|0x0000000617c00000, 0x0000000617c00000, 0x0000000618000000|  0%| F|  |TAMS 0x0000000617c00000| PB 0x0000000617c00000| Untracked 
|  92|0x0000000618000000, 0x0000000618000000, 0x0000000618400000|  0%| F|  |TAMS 0x0000000618000000| PB 0x0000000618000000| Untracked 
|  93|0x0000000618400000, 0x0000000618400000, 0x0000000618800000|  0%| F|  |TAMS 0x0000000618400000| PB 0x0000000618400000| Untracked 
|  94|0x0000000618800000, 0x0000000618800000, 0x0000000618c00000|  0%| F|  |TAMS 0x0000000618800000| PB 0x0000000618800000| Untracked 
|  95|0x0000000618c00000, 0x0000000618c00000, 0x0000000619000000|  0%| F|  |TAMS 0x0000000618c00000| PB 0x0000000618c00000| Untracked 
|  96|0x0000000619000000, 0x0000000619000000, 0x0000000619400000|  0%| F|  |TAMS 0x0000000619000000| PB 0x0000000619000000| Untracked 
|  97|0x0000000619400000, 0x0000000619400000, 0x0000000619800000|  0%| F|  |TAMS 0x0000000619400000| PB 0x0000000619400000| Untracked 
|  98|0x0000000619800000, 0x0000000619800000, 0x0000000619c00000|  0%| F|  |TAMS 0x0000000619800000| PB 0x0000000619800000| Untracked 
|  99|0x0000000619c00000, 0x0000000619c00000, 0x000000061a000000|  0%| F|  |TAMS 0x0000000619c00000| PB 0x0000000619c00000| Untracked 
| 100|0x000000061a000000, 0x000000061a000000, 0x000000061a400000|  0%| F|  |TAMS 0x000000061a000000| PB 0x000000061a000000| Untracked 
| 101|0x000000061a400000, 0x000000061a400000, 0x000000061a800000|  0%| F|  |TAMS 0x000000061a400000| PB 0x000000061a400000| Untracked 
| 102|0x000000061a800000, 0x000000061a800000, 0x000000061ac00000|  0%| F|  |TAMS 0x000000061a800000| PB 0x000000061a800000| Untracked 
| 103|0x000000061ac00000, 0x000000061ac00000, 0x000000061b000000|  0%| F|  |TAMS 0x000000061ac00000| PB 0x000000061ac00000| Untracked 
| 104|0x000000061b000000, 0x000000061b000000, 0x000000061b400000|  0%| F|  |TAMS 0x000000061b000000| PB 0x000000061b000000| Untracked 
| 105|0x000000061b400000, 0x000000061b400000, 0x000000061b800000|  0%| F|  |TAMS 0x000000061b400000| PB 0x000000061b400000| Untracked 
| 106|0x000000061b800000, 0x000000061b800000, 0x000000061bc00000|  0%| F|  |TAMS 0x000000061b800000| PB 0x000000061b800000| Untracked 
| 107|0x000000061bc00000, 0x000000061bc00000, 0x000000061c000000|  0%| F|  |TAMS 0x000000061bc00000| PB 0x000000061bc00000| Untracked 
| 108|0x000000061c000000, 0x000000061c000000, 0x000000061c400000|  0%| F|  |TAMS 0x000000061c000000| PB 0x000000061c000000| Untracked 
| 109|0x000000061c400000, 0x000000061c400000, 0x000000061c800000|  0%| F|  |TAMS 0x000000061c400000| PB 0x000000061c400000| Untracked 
| 110|0x000000061c800000, 0x000000061c800000, 0x000000061cc00000|  0%| F|  |TAMS 0x000000061c800000| PB 0x000000061c800000| Untracked 
| 111|0x000000061cc00000, 0x000000061cc00000, 0x000000061d000000|  0%| F|  |TAMS 0x000000061cc00000| PB 0x000000061cc00000| Untracked 
| 112|0x000000061d000000, 0x000000061d000000, 0x000000061d400000|  0%| F|  |TAMS 0x000000061d000000| PB 0x000000061d000000| Untracked 
| 113|0x000000061d400000, 0x000000061d400000, 0x000000061d800000|  0%| F|  |TAMS 0x000000061d400000| PB 0x000000061d400000| Untracked 
| 114|0x000000061d800000, 0x000000061d800000, 0x000000061dc00000|  0%| F|  |TAMS 0x000000061d800000| PB 0x000000061d800000| Untracked 
| 115|0x000000061dc00000, 0x000000061dc00000, 0x000000061e000000|  0%| F|  |TAMS 0x000000061dc00000| PB 0x000000061dc00000| Untracked 
| 116|0x000000061e000000, 0x000000061e000000, 0x000000061e400000|  0%| F|  |TAMS 0x000000061e000000| PB 0x000000061e000000| Untracked 
| 117|0x000000061e400000, 0x000000061e400000, 0x000000061e800000|  0%| F|  |TAMS 0x000000061e400000| PB 0x000000061e400000| Untracked 
| 118|0x000000061e800000, 0x000000061e800000, 0x000000061ec00000|  0%| F|  |TAMS 0x000000061e800000| PB 0x000000061e800000| Untracked 
| 119|0x000000061ec00000, 0x000000061ec00000, 0x000000061f000000|  0%| F|  |TAMS 0x000000061ec00000| PB 0x000000061ec00000| Untracked 
| 120|0x000000061f000000, 0x000000061f000000, 0x000000061f400000|  0%| F|  |TAMS 0x000000061f000000| PB 0x000000061f000000| Untracked 
| 121|0x000000061f400000, 0x000000061f400000, 0x000000061f800000|  0%| F|  |TAMS 0x000000061f400000| PB 0x000000061f400000| Untracked 
| 122|0x000000061f800000, 0x000000061f800000, 0x000000061fc00000|  0%| F|  |TAMS 0x000000061f800000| PB 0x000000061f800000| Untracked 
| 123|0x000000061fc00000, 0x000000061fc00000, 0x0000000620000000|  0%| F|  |TAMS 0x000000061fc00000| PB 0x000000061fc00000| Untracked 
| 124|0x0000000620000000, 0x0000000620000000, 0x0000000620400000|  0%| F|  |TAMS 0x0000000620000000| PB 0x0000000620000000| Untracked 
| 125|0x0000000620400000, 0x00000006204fa060, 0x0000000620800000| 24%| E|  |TAMS 0x0000000620400000| PB 0x0000000620400000| Complete 
| 126|0x0000000620800000, 0x0000000620c00000, 0x0000000620c00000|100%| E|CS|TAMS 0x0000000620800000| PB 0x0000000620800000| Complete 
| 127|0x0000000620c00000, 0x0000000621000000, 0x0000000621000000|100%| E|CS|TAMS 0x0000000620c00000| PB 0x0000000620c00000| Complete 

Card table byte_map: [0x000001a5fdb80000,0x000001a5feb80000] _byte_map_base: 0x000001a5fab78000

Marking Bits: (CMBitMap*) 0x000001a5f3ef9bd0
 Bits: [0x000001a58f000000, 0x000001a596fc0000)

Polling page: 0x000001a5f1c10000

Metaspace:

Usage:
  Non-class:      2.93 MB used.
      Class:    221.00 KB used.
       Both:      3.15 MB used.

Virtual space:
  Non-class space:       64.00 MB reserved,       3.00 MB (  5%) committed,  1 nodes.
      Class space:        1.00 GB reserved,     320.00 KB ( <1%) committed,  1 nodes.
             Both:        1.06 GB reserved,       3.31 MB ( <1%) committed. 

Chunk freelists:
   Non-Class:  10.81 MB
       Class:  15.66 MB
        Both:  26.48 MB

MaxMetaspaceSize: unlimited
CompressedClassSpaceSize: 1.00 GB
Initial GC threshold: 21.00 MB
Current GC threshold: 21.00 MB
CDS: on
 - commit_granule_bytes: 65536.
 - commit_granule_words: 8192.
 - virtual_space_node_default_size: 8388608.
 - enlarge_chunks_in_place: 1.
 - use_allocation_guard: 0.


Internal statistics:

num_allocs_failed_limit: 0.
num_arena_births: 76.
num_arena_deaths: 0.
num_vsnodes_births: 2.
num_vsnodes_deaths: 0.
num_space_committed: 53.
num_space_uncommitted: 0.
num_chunks_returned_to_freelist: 0.
num_chunks_taken_from_freelist: 141.
num_chunk_merges: 0.
num_chunk_splits: 93.
num_chunks_enlarged: 60.
num_inconsistent_stats: 0.

CodeHeap 'non-profiled nmethods': size=119168Kb used=206Kb max_used=206Kb free=118961Kb
 bounds [0x000001a587ba0000, 0x000001a587e10000, 0x000001a58f000000]
CodeHeap 'profiled nmethods': size=119104Kb used=1080Kb max_used=1080Kb free=118023Kb
 bounds [0x000001a580000000, 0x000001a580270000, 0x000001a587450000]
CodeHeap 'non-nmethods': size=7488Kb used=3191Kb max_used=3204Kb free=4296Kb
 bounds [0x000001a587450000, 0x000001a587780000, 0x000001a587ba0000]
 total_blobs=1737 nmethods=696 adapters=944
 compilation: enabled
              stopped_count=0, restarted_count=0
 full_count=0

Compilation events (20 events):
Event: 0.300 Thread 0x000001a5de144680 nmethod 685 0x000001a587bd2d90 code [0x000001a587bd2f20, 0x000001a587bd2ff0]
Event: 0.301 Thread 0x000001a5de030ef0 nmethod 686 0x000001a580108010 code [0x000001a580108200, 0x000001a580108768]
Event: 0.301 Thread 0x000001a5de030ef0  688       3       sun.misc.Unsafe::putLong (11 bytes)
Event: 0.301 Thread 0x000001a5de144680  689       3       org.lwjgl.system.MemoryUtil::memPutAddress (29 bytes)
Event: 0.301 Thread 0x000001a5de030ef0 nmethod 688 0x000001a580108990 code [0x000001a580108b20, 0x000001a580108c30]
Event: 0.301 Thread 0x000001a5de02c280  690       4       java.lang.Integer::toUnsignedLong (7 bytes)
Event: 0.301 Thread 0x000001a5de144680 nmethod 689 0x000001a580108d10 code [0x000001a580108ec0, 0x000001a5801090b8]
Event: 0.301 Thread 0x000001a5de02c280 nmethod 690 0x000001a587bd3490 code [0x000001a587bd3600, 0x000001a587bd3668]
Event: 0.301 Thread 0x000001a5de144680  692       3       java.lang.StringConcatHelper::initialCoder (14 bytes)
Event: 0.301 Thread 0x000001a5de02c280  691       4       sun.misc.Unsafe::putLong (11 bytes)
Event: 0.301 Thread 0x000001a5de144680 nmethod 692 0x000001a580109190 code [0x000001a580109320, 0x000001a580109438]
Event: 0.301 Thread 0x000001a5de144680  693       3       java.lang.ref.SoftReference::get (29 bytes)
Event: 0.301 Thread 0x000001a5de14e3a0  694       3       java.lang.String::concat (15 bytes)
Event: 0.301 Thread 0x000001a5de030ef0  695       3       java.lang.StringConcatHelper::simpleConcat (94 bytes)
Event: 0.301 Thread 0x000001a5de144680 nmethod 693 0x000001a580109490 code [0x000001a580109640, 0x000001a580109818]
Event: 0.301 Thread 0x000001a5de144680  696       3       java.lang.StringConcatHelper::newString (67 bytes)
Event: 0.301 Thread 0x000001a5de02c280 nmethod 691 0x000001a587bd3790 code [0x000001a587bd3920, 0x000001a587bd39d0]
Event: 0.301 Thread 0x000001a5de144680 nmethod 696 0x000001a580109890 code [0x000001a580109b00, 0x000001a58010a4d8]
Event: 0.302 Thread 0x000001a5de030ef0 nmethod 695 0x000001a58010a890 code [0x000001a58010abe0, 0x000001a58010bf08]
Event: 0.302 Thread 0x000001a5de14e3a0 nmethod 694 0x000001a58010c590 code [0x000001a58010c8e0, 0x000001a58010dc60]

GC Heap History (0 events):
No events

Dll operation events (12 events):
Event: 0.005 Loaded shared library C:\Program Files\Java\jdk-21\bin\java.dll
Event: 0.030 Loaded shared library C:\Program Files\Java\jdk-21\bin\jsvml.dll
Event: 0.068 Loaded shared library C:\Program Files\Java\jdk-21\bin\zip.dll
Event: 0.070 Loaded shared library C:\Program Files\Java\jdk-21\bin\instrument.dll
Event: 0.073 Loaded shared library C:\Program Files\Java\jdk-21\bin\net.dll
Event: 0.074 Loaded shared library C:\Program Files\Java\jdk-21\bin\nio.dll
Event: 0.076 Loaded shared library C:\Program Files\Java\jdk-21\bin\zip.dll
Event: 0.103 Loaded shared library C:\Program Files\JetBrains\IntelliJ IDEA 2024.2.3\bin\breakgen64.dll
Event: 0.108 Loaded shared library C:\Program Files\Java\jdk-21\bin\extnet.dll
Event: 0.124 Loaded shared library C:\Program Files\Java\jdk-21\bin\jimage.dll
Event: 0.138 Loaded shared library C:\Users\chris\AppData\Local\Temp\lwjgl_chris\3.3.3+5\x64\lwjgl.dll
Event: 0.296 Loaded shared library C:\Users\chris\AppData\Local\Temp\lwjgl_chris\3.3.3+5\x64\lwjgl_opengl.dll

Deoptimization events (20 events):
Event: 0.103 Thread 0x000001a5f3e8f730 Uncommon trap: trap_request=0xffffff45 fr.pc=0x000001a587ba6a8c relative=0x000000000000006c
Event: 0.103 Thread 0x000001a5f3e8f730 Uncommon trap: reason=unstable_if action=reinterpret pc=0x000001a587ba6a8c method=java.lang.String.isLatin1()Z @ 10 c2
Event: 0.103 Thread 0x000001a5f3e8f730 DEOPT PACKING pc=0x000001a587ba6a8c sp=0x00000074c8afe360
Event: 0.103 Thread 0x000001a5f3e8f730 DEOPT UNPACKING pc=0x000001a5874a46a2 sp=0x00000074c8afe2f0 mode 2
Event: 0.103 Thread 0x000001a5f3e8f730 Uncommon trap: trap_request=0xffffff45 fr.pc=0x000001a587ba38e4 relative=0x00000000000000c4
Event: 0.103 Thread 0x000001a5f3e8f730 Uncommon trap: reason=unstable_if action=reinterpret pc=0x000001a587ba38e4 method=java.lang.String.isLatin1()Z @ 10 c2
Event: 0.103 Thread 0x000001a5f3e8f730 DEOPT PACKING pc=0x000001a587ba38e4 sp=0x00000074c8afee80
Event: 0.103 Thread 0x000001a5f3e8f730 DEOPT UNPACKING pc=0x000001a5874a46a2 sp=0x00000074c8afedc0 mode 2
Event: 0.133 Thread 0x000001a5f3e8f730 Uncommon trap: trap_request=0xffffff45 fr.pc=0x000001a587bb4290 relative=0x0000000000000070
Event: 0.133 Thread 0x000001a5f3e8f730 Uncommon trap: reason=unstable_if action=reinterpret pc=0x000001a587bb4290 method=java.io.WinNTFileSystem.isSlash(C)Z @ 9 c2
Event: 0.133 Thread 0x000001a5f3e8f730 DEOPT PACKING pc=0x000001a587bb4290 sp=0x00000074c8afd3a0
Event: 0.133 Thread 0x000001a5f3e8f730 DEOPT UNPACKING pc=0x000001a5874a46a2 sp=0x00000074c8afd328 mode 2
Event: 0.137 Thread 0x000001a5f3e8f730 Uncommon trap: trap_request=0xffffff45 fr.pc=0x000001a587bc2cec relative=0x000000000000004c
Event: 0.137 Thread 0x000001a5f3e8f730 Uncommon trap: reason=unstable_if action=reinterpret pc=0x000001a587bc2cec method=sun.nio.fs.WindowsPathParser.isSlash(C)Z @ 9 c2
Event: 0.137 Thread 0x000001a5f3e8f730 DEOPT PACKING pc=0x000001a587bc2cec sp=0x00000074c8afd470
Event: 0.137 Thread 0x000001a5f3e8f730 DEOPT UNPACKING pc=0x000001a5874a46a2 sp=0x00000074c8afd3f8 mode 2
Event: 0.160 Thread 0x000001a5f3e8f730 Uncommon trap: trap_request=0xffffff45 fr.pc=0x000001a587baff6c relative=0x0000000000000a8c
Event: 0.160 Thread 0x000001a5f3e8f730 Uncommon trap: reason=unstable_if action=reinterpret pc=0x000001a587baff6c method=java.util.HashMap.putVal(ILjava/lang/Object;Ljava/lang/Object;ZZ)Ljava/lang/Object; @ 181 c2
Event: 0.160 Thread 0x000001a5f3e8f730 DEOPT PACKING pc=0x000001a587baff6c sp=0x00000074c8afd300
Event: 0.160 Thread 0x000001a5f3e8f730 DEOPT UNPACKING pc=0x000001a5874a46a2 sp=0x00000074c8afd2c0 mode 2

Classes loaded (20 events):
Event: 0.179 Loading class java/nio/DirectFloatBufferU
Event: 0.179 Loading class java/nio/DirectFloatBufferU done
Event: 0.179 Loading class java/nio/DirectDoubleBufferU
Event: 0.179 Loading class java/nio/DirectDoubleBufferU done
Event: 0.179 Loading class sun/misc/Unsafe
Event: 0.179 Loading class sun/misc/Unsafe done
Event: 0.180 Loading class java/lang/invoke/DirectMethodHandle$StaticAccessor
Event: 0.180 Loading class java/lang/invoke/DirectMethodHandle$StaticAccessor done
Event: 0.181 Loading class java/util/function/LongPredicate
Event: 0.181 Loading class java/util/function/LongPredicate done
Event: 0.182 Loading class java/lang/foreign/MemorySegment
Event: 0.182 Loading class java/lang/foreign/MemorySegment done
Event: 0.184 Loading class java/nio/InvalidMarkException
Event: 0.184 Loading class java/nio/InvalidMarkException done
Event: 0.184 Loading class java/nio/BufferUnderflowException
Event: 0.184 Loading class java/nio/BufferUnderflowException done
Event: 0.185 Loading class java/lang/IndexOutOfBoundsException
Event: 0.185 Loading class java/lang/IndexOutOfBoundsException done
Event: 0.299 Loading class java/util/Formatter$FixedString
Event: 0.299 Loading class java/util/Formatter$FixedString done

Classes unloaded (0 events):
No events

Classes redefined (0 events):
No events

Internal exceptions (20 events):
Event: 0.119 Thread 0x000001a5f3e8f730 Exception <a 'java/lang/NoSuchMethodError'{0x00000006209f0060}: 'java.lang.Object java.lang.invoke.DirectMethodHandle$Holder.invokeStatic(java.lang.Object, java.lang.Object, int)'> (0x00000006209f0060) 
thrown [s\open\src\hotspot\share\interpreter\linkResolver.cpp, line 773]
Event: 0.120 Thread 0x000001a5f3e8f730 Exception <a 'java/lang/NoSuchMethodError'{0x0000000620a76630}: 'void java.lang.invoke.DelegatingMethodHandle$Holder.delegate(java.lang.Object, java.lang.Object, int, java.lang.Object)'> (0x0000000620a76630) 
thrown [s\open\src\hotspot\share\interpreter\linkResolver.cpp, line 773]
Event: 0.120 Thread 0x000001a5f3e8f730 Exception <a 'java/lang/NoSuchMethodError'{0x0000000620a7a310}: 'int java.lang.invoke.DirectMethodHandle$Holder.invokeSpecial(java.lang.Object, java.lang.Object, java.lang.Object)'> (0x0000000620a7a310) 
thrown [s\open\src\hotspot\share\interpreter\linkResolver.cpp, line 773]
Event: 0.123 Thread 0x000001a5f3e8f730 Exception <a 'java/lang/NoSuchMethodError'{0x0000000620a93480}: 'void java.lang.System.loadLibrary(java.lang.String, java.lang.Class)'> (0x0000000620a93480) 
thrown [s\open\src\hotspot\share\interpreter\linkResolver.cpp, line 773]
Event: 0.137 Thread 0x000001a5f3e8f730 Exception <a 'sun/nio/fs/WindowsException'{0x0000000620ac86c8}> (0x0000000620ac86c8) 
thrown [s\open\src\hotspot\share\prims\jni.cpp, line 520]
Event: 0.137 Thread 0x000001a5f3e8f730 Exception <a 'sun/nio/fs/WindowsException'{0x0000000620ac8bf8}> (0x0000000620ac8bf8) 
thrown [s\open\src\hotspot\share\prims\jni.cpp, line 520]
Event: 0.175 Thread 0x000001a5f3e8f730 Exception <a 'sun/nio/fs/WindowsException'{0x0000000620b450a0}> (0x0000000620b450a0) 
thrown [s\open\src\hotspot\share\prims\jni.cpp, line 520]
Event: 0.175 Thread 0x000001a5f3e8f730 Exception <a 'sun/nio/fs/WindowsException'{0x0000000620b45400}> (0x0000000620b45400) 
thrown [s\open\src\hotspot\share\prims\jni.cpp, line 520]
Event: 0.181 Thread 0x000001a5f3e8f730 Exception <a 'java/lang/NoSuchMethodError'{0x0000000620b98cf8}: 'int java.lang.invoke.DirectMethodHandle$Holder.invokeStaticInit(java.lang.Object, java.lang.Object, int, long)'> (0x0000000620b98cf8) 
thrown [s\open\src\hotspot\share\interpreter\linkResolver.cpp, line 773]
Event: 0.182 Thread 0x000001a5f3e8f730 Exception <a 'java/lang/NoSuchMethodError'{0x0000000620b9dd20}: 'java.lang.Object java.lang.invoke.DirectMethodHandle$Holder.newInvokeSpecial(java.lang.Object, java.lang.Object, int)'> (0x0000000620b9dd20) 
thrown [s\open\src\hotspot\share\interpreter\linkResolver.cpp, line 773]
Event: 0.183 Thread 0x000001a5f3e8f730 Exception <a 'java/lang/NoSuchMethodError'{0x0000000620bad758}: 'int java.lang.invoke.DirectMethodHandle$Holder.invokeStaticInit(java.lang.Object, java.lang.Object, long, long)'> (0x0000000620bad758) 
thrown [s\open\src\hotspot\share\interpreter\linkResolver.cpp, line 773]
Event: 0.183 Thread 0x000001a5f3e8f730 Exception <a 'java/lang/NoSuchMethodError'{0x0000000620bb2fc0}: 'java.lang.Object java.lang.invoke.DirectMethodHandle$Holder.newInvokeSpecial(java.lang.Object, java.lang.Object, long)'> (0x0000000620bb2fc0) 
thrown [s\open\src\hotspot\share\interpreter\linkResolver.cpp, line 773]
Event: 0.183 Thread 0x000001a5f3e8f730 Exception <a 'java/lang/NoSuchMethodError'{0x0000000620bb7028}: 'java.lang.Object java.lang.invoke.Invokers$Holder.linkToTargetMethod(java.lang.Object, long, java.lang.Object)'> (0x0000000620bb7028) 
thrown [s\open\src\hotspot\share\interpreter\linkResolver.cpp, line 773]
Event: 0.184 Thread 0x000001a5f3e8f730 Exception <a 'java/lang/NoSuchMethodError'{0x0000000620bbe0b0}: 'int java.lang.invoke.DirectMethodHandle$Holder.invokeStaticInit(java.lang.Object, java.lang.Object, java.lang.Object, long)'> (0x0000000620bbe0b0) 
thrown [s\open\src\hotspot\share\interpreter\linkResolver.cpp, line 773]
Event: 0.290 Thread 0x000001a5f3e8f730 Exception <a 'java/lang/NoSuchMethodError'{0x0000000620489cf0}: 'void java.lang.System.load(java.lang.String, java.lang.Class)'> (0x0000000620489cf0) 
thrown [s\open\src\hotspot\share\interpreter\linkResolver.cpp, line 773]
Event: 0.291 Thread 0x000001a5f3e8f730 Exception <a 'java/lang/NoSuchMethodError'{0x000000062048c690}: 'void java.lang.System.loadLibrary(java.lang.String, java.lang.Class)'> (0x000000062048c690) 
thrown [s\open\src\hotspot\share\interpreter\linkResolver.cpp, line 773]
Event: 0.294 Thread 0x000001a5f3e8f730 Exception <a 'sun/nio/fs/WindowsException'{0x000000062049cf80}> (0x000000062049cf80) 
thrown [s\open\src\hotspot\share\prims\jni.cpp, line 520]
Event: 0.295 Thread 0x000001a5f3e8f730 Exception <a 'sun/nio/fs/WindowsException'{0x000000062049d320}> (0x000000062049d320) 
thrown [s\open\src\hotspot\share\prims\jni.cpp, line 520]
Event: 0.298 Thread 0x000001a5f3e8f730 Exception <a 'sun/nio/fs/WindowsException'{0x00000006204a7518}> (0x00000006204a7518) 
thrown [s\open\src\hotspot\share\prims\jni.cpp, line 520]
Event: 0.298 Thread 0x000001a5f3e8f730 Exception <a 'sun/nio/fs/WindowsException'{0x00000006204a77e8}> (0x00000006204a77e8) 
thrown [s\open\src\hotspot\share\prims\jni.cpp, line 520]

ZGC Phase Switch (0 events):
No events

VM Operations (4 events):
Event: 0.061 Executing VM operation: HandshakeAllThreads (Deoptimize)
Event: 0.061 Executing VM operation: HandshakeAllThreads (Deoptimize) done
Event: 0.133 Executing VM operation: HandshakeAllThreads (Deoptimize)
Event: 0.133 Executing VM operation: HandshakeAllThreads (Deoptimize) done

Events (16 events):
Event: 0.018 Thread 0x000001a5f3e8f730 Thread added: 0x000001a5f3e8f730
Event: 0.028 Thread 0x000001a5de01c100 Thread added: 0x000001a5de01c100
Event: 0.028 Thread 0x000001a5de01cfd0 Thread added: 0x000001a5de01cfd0
Event: 0.028 Thread 0x000001a5de020350 Thread added: 0x000001a5de020350
Event: 0.028 Thread 0x000001a5de021030 Thread added: 0x000001a5de021030
Event: 0.028 Thread 0x000001a5de0223e0 Thread added: 0x000001a5de0223e0
Event: 0.028 Thread 0x000001a5de0257e0 Thread added: 0x000001a5de0257e0
Event: 0.029 Thread 0x000001a5de02c280 Thread added: 0x000001a5de02c280
Event: 0.029 Thread 0x000001a5de030ef0 Thread added: 0x000001a5de030ef0
Event: 0.057 Thread 0x000001a5de13c0e0 Thread added: 0x000001a5de13c0e0
Event: 0.061 Thread 0x000001a5de144680 Thread added: 0x000001a5de144680
Event: 0.061 Thread 0x000001a5de14e3a0 Thread added: 0x000001a5de14e3a0
Event: 0.103 Thread 0x000001a5de3fc0a0 Thread added: 0x000001a5de3fc0a0
Event: 0.103 Thread 0x000001a5de592b40 Thread added: 0x000001a5de592b40
Event: 0.171 Thread 0x000001a5de6e9b50 Thread added: 0x000001a5de6e9b50
Event: 0.289 Thread 0x000001a5de6e9b50 Thread exited: 0x000001a5de6e9b50


Dynamic libraries:
0x00007ff7d68a0000 - 0x00007ff7d68b0000 	C:\Program Files\Java\jdk-21\bin\java.exe
0x00007ffda8ef0000 - 0x00007ffda90e8000 	C:\Windows\SYSTEM32\ntdll.dll
0x00007ffda8cf0000 - 0x00007ffda8db1000 	C:\Windows\System32\KERNEL32.DLL
0x00007ffda6780000 - 0x00007ffda6a7d000 	C:\Windows\System32\KERNELBASE.dll
0x00007ffda3360000 - 0x00007ffda33f4000 	C:\Windows\SYSTEM32\apphelp.dll
0x00007ffda6c50000 - 0x00007ffda6d50000 	C:\Windows\System32\ucrtbase.dll
0x00007ffd8f670000 - 0x00007ffd8f689000 	C:\Program Files\Java\jdk-21\bin\jli.dll
0x00007ffd8f650000 - 0x00007ffd8f66b000 	C:\Program Files\Java\jdk-21\bin\VCRUNTIME140.dll
0x00007ffda74a0000 - 0x00007ffda7550000 	C:\Windows\System32\ADVAPI32.dll
0x00007ffda7fc0000 - 0x00007ffda805e000 	C:\Windows\System32\msvcrt.dll
0x00007ffda6f50000 - 0x00007ffda6ff0000 	C:\Windows\System32\sechost.dll
0x00007ffda7ce0000 - 0x00007ffda7e03000 	C:\Windows\System32\RPCRT4.dll
0x00007ffda6750000 - 0x00007ffda6777000 	C:\Windows\System32\bcrypt.dll
0x00007ffda87f0000 - 0x00007ffda898d000 	C:\Windows\System32\USER32.dll
0x00007ffda6d50000 - 0x00007ffda6d72000 	C:\Windows\System32\win32u.dll
0x00007ffd985c0000 - 0x00007ffd9885a000 	C:\Windows\WinSxS\amd64_microsoft.windows.common-controls_6595b64144ccf1df_6.0.19041.4355_none_60b8b9eb71f62e16\COMCTL32.dll
0x00007ffda7000000 - 0x00007ffda702b000 	C:\Windows\System32\GDI32.dll
0x00007ffda6b30000 - 0x00007ffda6c47000 	C:\Windows\System32\gdi32full.dll
0x00007ffda6df0000 - 0x00007ffda6e8d000 	C:\Windows\System32\msvcp_win.dll
0x00007ffd9d800000 - 0x00007ffd9d80a000 	C:\Windows\SYSTEM32\VERSION.dll
0x00007ffda6f20000 - 0x00007ffda6f4f000 	C:\Windows\System32\IMM32.DLL
0x00007ffd9cb90000 - 0x00007ffd9cb9c000 	C:\Program Files\Java\jdk-21\bin\vcruntime140_1.dll
0x00007ffd86120000 - 0x00007ffd861ae000 	C:\Program Files\Java\jdk-21\bin\msvcp140.dll
0x00007ffd14c80000 - 0x00007ffd15995000 	C:\Program Files\Java\jdk-21\bin\server\jvm.dll
0x00007ffda7b40000 - 0x00007ffda7bab000 	C:\Windows\System32\WS2_32.dll
0x00007ffda6110000 - 0x00007ffda615b000 	C:\Windows\SYSTEM32\POWRPROF.dll
0x00007ffd9d5e0000 - 0x00007ffd9d607000 	C:\Windows\SYSTEM32\WINMM.dll
0x00007ffda60f0000 - 0x00007ffda6102000 	C:\Windows\SYSTEM32\UMPDC.dll
0x00007ffda4440000 - 0x00007ffda4452000 	C:\Windows\SYSTEM32\kernel.appcore.dll
0x00007ffd8f640000 - 0x00007ffd8f64a000 	C:\Program Files\Java\jdk-21\bin\jimage.dll
0x00007ffd9fa50000 - 0x00007ffd9fc34000 	C:\Windows\SYSTEM32\DBGHELP.DLL
0x00007ffd93c90000 - 0x00007ffd93cc4000 	C:\Windows\SYSTEM32\dbgcore.DLL
0x00007ffda6e90000 - 0x00007ffda6f12000 	C:\Windows\System32\bcryptPrimitives.dll
0x00007ffd8f610000 - 0x00007ffd8f61f000 	C:\Program Files\Java\jdk-21\bin\instrument.dll
0x00007ffd8f620000 - 0x00007ffd8f63f000 	C:\Program Files\Java\jdk-21\bin\java.dll
0x00007ffda8060000 - 0x00007ffda87cf000 	C:\Windows\System32\SHELL32.dll
0x00007ffda4640000 - 0x00007ffda4de3000 	C:\Windows\SYSTEM32\windows.storage.dll
0x00007ffda8990000 - 0x00007ffda8ce3000 	C:\Windows\System32\combase.dll
0x00007ffda5f60000 - 0x00007ffda5f8e000 	C:\Windows\SYSTEM32\Wldp.dll
0x00007ffda7ef0000 - 0x00007ffda7fbd000 	C:\Windows\System32\OLEAUT32.dll
0x00007ffda7a80000 - 0x00007ffda7b2d000 	C:\Windows\System32\SHCORE.dll
0x00007ffda77c0000 - 0x00007ffda7815000 	C:\Windows\System32\shlwapi.dll
0x00007ffda64d0000 - 0x00007ffda64f4000 	C:\Windows\SYSTEM32\profapi.dll
0x00007ffd598e0000 - 0x00007ffd599b7000 	C:\Program Files\Java\jdk-21\bin\jsvml.dll
0x00007ffd8ee00000 - 0x00007ffd8ee18000 	C:\Program Files\Java\jdk-21\bin\zip.dll
0x00007ffd8edb0000 - 0x00007ffd8edc0000 	C:\Program Files\Java\jdk-21\bin\net.dll
0x00007ffda0a60000 - 0x00007ffda0b6d000 	C:\Windows\SYSTEM32\WINHTTP.dll
0x00007ffda5c60000 - 0x00007ffda5cca000 	C:\Windows\system32\mswsock.dll
0x00007ffd8a430000 - 0x00007ffd8a446000 	C:\Program Files\Java\jdk-21\bin\nio.dll
0x00007ffd8d340000 - 0x00007ffd8d35a000 	C:\Program Files\JetBrains\IntelliJ IDEA 2024.2.3\bin\breakgen64.dll
0x00007ffd86060000 - 0x00007ffd86067000 	C:\Program Files\Java\jdk-21\bin\extnet.dll
0x00007ffd80cb0000 - 0x00007ffd80d2b000 	C:\Users\chris\AppData\Local\Temp\lwjgl_chris\3.3.3+5\x64\lwjgl.dll
0x00007ffd6a0e0000 - 0x00007ffd6a162000 	C:\Users\chris\AppData\Local\Temp\lwjgl_chris\3.3.3+5\x64\glfw.dll
0x00007ffd80c60000 - 0x00007ffd80ca5000 	C:\Windows\SYSTEM32\dinput8.dll
0x00007ffd8d300000 - 0x00007ffd8d311000 	C:\Windows\SYSTEM32\xinput1_4.dll
0x00007ffda6700000 - 0x00007ffda674e000 	C:\Windows\System32\cfgmgr32.dll
0x00007ffda6330000 - 0x00007ffda6363000 	C:\Windows\SYSTEM32\DEVOBJ.dll
0x00007ffda4260000 - 0x00007ffda428f000 	C:\Windows\SYSTEM32\dwmapi.dll
0x00007ffd8dbd0000 - 0x00007ffd8dd22000 	C:\Windows\SYSTEM32\inputhost.dll
0x00007ffda2820000 - 0x00007ffda2977000 	C:\Windows\SYSTEM32\wintypes.dll
0x00007ffda2ce0000 - 0x00007ffda2dd2000 	C:\Windows\SYSTEM32\CoreMessaging.dll
0x00007ffda2010000 - 0x00007ffda2106000 	C:\Windows\SYSTEM32\PROPSYS.dll
0x00007ffda2980000 - 0x00007ffda2cdb000 	C:\Windows\SYSTEM32\CoreUIComponents.dll
0x00007ffda57d0000 - 0x00007ffda5803000 	C:\Windows\SYSTEM32\ntmarta.dll
0x00007ffda3f50000 - 0x00007ffda3fee000 	C:\Windows\system32\uxtheme.dll
0x00007ffda7bc0000 - 0x00007ffda7cd5000 	C:\Windows\System32\MSCTF.dll
0x00007ffd5b3f0000 - 0x00007ffd5b518000 	C:\Windows\SYSTEM32\opengl32.dll
0x00007ffd5b310000 - 0x00007ffd5b33c000 	C:\Windows\SYSTEM32\GLU32.dll
0x00007ffda7820000 - 0x00007ffda78c9000 	C:\Windows\System32\clbcatq.dll
0x00007ffd394a0000 - 0x00007ffd394ce000 	C:\Windows\System32\DriverStore\FileRepository\u0403196.inf_amd64_d0c41aa30f8bcfb2\B402774\atig6pxx.dll
0x00007ffd236d0000 - 0x00007ffd272f3000 	C:\Windows\System32\DriverStore\FileRepository\u0403196.inf_amd64_d0c41aa30f8bcfb2\B402774\atio6axx.dll
0x00007ffda7030000 - 0x00007ffda749e000 	C:\Windows\System32\SETUPAPI.dll
0x00007ffda6d80000 - 0x00007ffda6de9000 	C:\Windows\System32\WINTRUST.dll
0x00007ffda65a0000 - 0x00007ffda66fc000 	C:\Windows\System32\CRYPT32.dll
0x00007ffda6160000 - 0x00007ffda6172000 	C:\Windows\SYSTEM32\MSASN1.dll
0x00007ffd9cdc0000 - 0x00007ffd9cdf7000 	C:\Windows\System32\DriverStore\FileRepository\u0403196.inf_amd64_d0c41aa30f8bcfb2\B402774\amdihk64.dll
0x00007ffd8d400000 - 0x00007ffd8d4f9000 	C:\Windows\SYSTEM32\textinputframework.dll
0x00007ffd69db0000 - 0x00007ffd69e0e000 	C:\Users\chris\AppData\Local\Temp\lwjgl_chris\3.3.3+5\x64\lwjgl_opengl.dll

dbghelp: loaded successfully - version: 4.0.5 - missing functions: none
symbol engine: initialized successfully - sym options: 0x614 - pdb path: .;C:\Program Files\Java\jdk-21\bin;C:\Windows\SYSTEM32;C:\Windows\WinSxS\amd64_microsoft.windows.common-controls_6595b64144ccf1df_6.0.19041.4355_none_60b8b9eb71f62e16;C:\Program Files\Java\jdk-21\bin\server;C:\Program Files\JetBrains\IntelliJ IDEA 2024.2.3\bin;C:\Users\chris\AppData\Local\Temp\lwjgl_chris\3.3.3+5\x64;C:\Windows\System32\DriverStore\FileRepository\u0403196.inf_amd64_d0c41aa30f8bcfb2\B402774

VM Arguments:
jvm_args: -javaagent:C:\Program Files\JetBrains\IntelliJ IDEA 2024.2.3\lib\idea_rt.jar=61753:C:\Program Files\JetBrains\IntelliJ IDEA 2024.2.3\bin -Dfile.encoding=UTF-8 -Dsun.stdout.encoding=UTF-8 -Dsun.stderr.encoding=UTF-8 
java_command: pkgDriver.csc133Driver
java_class_path (initial): C:\Users\chris\IdeaProjects\CSC133_2\out\production\classes;C:\Users\chris\.gradle\caches\modules-2\files-2.1\org.lwjgl\lwjgl-assimp\3.3.3\c2c34011cbda30ed8cf98bc5cbf97b49afe5279a\lwjgl-assimp-3.3.3.jar;C:\Users\chris\.gradle\caches\modules-2\files-2.1\org.lwjgl\lwjgl-cuda\3.3.3\e2de3beeba3e4c826317e31519a40f0585160acf\lwjgl-cuda-3.3.3.jar;C:\Users\chris\.gradle\caches\modules-2\files-2.1\org.lwjgl\lwjgl-freetype\3.3.3\a0db6c84a8becc8ca05f9dbfa985edc348a824c7\lwjgl-freetype-3.3.3.jar;C:\Users\chris\.gradle\caches\modules-2\files-2.1\org.lwjgl\lwjgl-glfw\3.3.3\efa1eb78c5ccd840e9f329717109b5e892d72f8e\lwjgl-glfw-3.3.3.jar;C:\Users\chris\.gradle\caches\modules-2\files-2.1\org.lwjgl\lwjgl-hwloc\3.3.3\68333a022d5842b7bff95c70e4c3e1b2f126e783\lwjgl-hwloc-3.3.3.jar;C:\Users\chris\.gradle\caches\modules-2\files-2.1\org.lwjgl\lwjgl-jawt\3.3.3\15479071013804d88cc810856fcc2548b457376c\lwjgl-jawt-3.3.3.jar;C:\Users\chris\.gradle\caches\modules-2\files-2.1\org.lwjgl\lwjgl-nanovg\3.3.3\37f0b9fc142948c3b2c6cd563db7233b14b9640c\lwjgl-nanovg-3.3.3.jar;C:\Users\chris\.gradle\caches\modules-2\files-2.1\org.lwjgl\lwjgl-nfd\3.3.3\f1b41d3a0a2f5cd2a55a6a59a618c87d0348681c\lwjgl-nfd-3.3.3.jar;C:\Users\chris\.gradle\caches\modules-2\files-2.1\org.lwjgl\lwjgl-nuklear\3.3.3\d120a8ab01987e285f83f43f862bef728011d97d\lwjgl-nuklear-3.3.3.jar;C:\Users\chris\.gradle\caches\modules-2\files-2.1\org.lwjgl\lwjgl-odbc\3.3.3\1719d4813fba2b4272afddcf30db98ec32e8bd37\lwjgl-odbc-3.3.3.jar;C:\Users\chris\.gradle\caches\modules-2\files-2.1\org.lwjgl\lwjgl-openal\3.3.3\daada81ceb5fc0c291fbfdd4433cb8d9423577f2\lwjgl-openal-3.3.3.jar;C:\Users\chris\.gradle\caches\modules-2\files-2.1\org.lwjgl\lwjgl-opencl\3.3.3\fdf4a5cce0b7499914ac96a87d75fa895a4e0699\lwjgl-opencl-3.3.3.jar;C:\Users\chris\.gradle\caches\modules-2\files-2.1\org.lwjgl\lwjgl-opengl\3.3.3\2f6b0147078396a58979125a4c947664e98293a\lwjgl-opengl-3.3.3.jar;C:\Users\chris\.gradle\caches\modules-2\files-2.1\org.lwjgl\lwjgl-shaderc\3.3.3\ae740d58fdc809c4350358a872b076bacbec27c1\lwjgl-shaderc-3.3.3.jar;C:\Users\chris\.gradle\caches\modules-2\files-2.1\org.lwjgl\lwjgl-stb\3.3.3\25dd6161988d7e65f71d5065c99902402ee32746\lwjgl-stb-3.3.3.jar;C:\Users\chris\.gradle\caches\modules-2\files-2.1\org.lwjgl\lwjgl-tootle\3.3.3\c6989921add57a1f59936bc4544431df4b837c8b\lwjgl-tootle-3.3.3.jar;C:\Users\chris\.gradle\caches\modules-2\files-2.1\org.lwjgl\lwjgl\3.3.3\29589b5f87ed335a6c7e7ee6a5775f81f97ecb84\lwjgl-3.3.3.jar;C:\Users\chris\.gradle\caches\modules-2\files-2.1\org.joml\joml\1.10.5\22566d58af70ad3d72308bab63b8339906deb649\joml-1.10.5.jar;C:\Users\chris\.gradle\caches\modules-2\files-2.1\org.lwjgl\lwjgl-assimp\3.3.3\d90ccdade594716062975cffd1431d387f770ac4\lwjgl-assimp-3.3.3-natives-windows.jar;C:\Users\chris\.gradle\caches\modules-2\files-2.1\org.lwjgl\lwjgl-freetype\3.3.3\81091b006dbb43fab04c8c638e9ac87c51b4096d\lwjgl-freetype-3.3.3-natives-windows.jar;C:\Users\chris\.gradle\caches\modules-2\files-2.1\org.lwjgl\lwjgl-glfw\3.3.3\e449e28b4891fc423c54c85fbc5bb0b9efece67a\lwjgl-glfw-3.3.3-natives-windows.jar;C:\Users\chris\.gradle\caches\modules-2\files-2.1\org.lwjgl\lwjgl-hwloc\3.3.3\ea032ea737568d700f43cc9f052d51384ce20ebe\lwjgl-hwloc-3.3.3-natives-windows.jar;C:\Users\chris\.gradle\caches\modules-2\files-2.1\org.lwjgl\lwjgl-nanovg\3.3.3\ccfbc346c4ce0737b7fe758d6337a3741af2f256\lwjgl-nanovg-3.3.3-natives-windows.jar;C:\Users\chris\.gradle\caches\modules-2\files-2.1\org.lwjgl\lwjgl-nfd\3.3.3\3a39132eef695dcb7631adc1d02e493527940d10\lwjgl-nfd-3.3.3-natives-windows.jar;C:\Users\chris\.gradle\caches\modules-2\files-2.1\org.lwjgl\lwjgl-nuklear\3.3.3\3132690c8cbbdd7c948eb233610151b6a6c62b9a\lwjgl-nuklear-3.3.3-natives-windows.jar;C:\Users\chris\.gradle\caches\modules-2\files-2.1\org.lwjgl\lwjgl-openal\3.3.3\cf83862ae95d98496b26915024c7e666d8ab1c8f\lwjgl-openal-3.3.3-natives-windows.jar;C:\Users\chris\.gradle\caches\modules-2\files-2.1\org.lwjgl\lwjgl-opengl\3.3.3\e6c1eec8be8a71951b830a4d69efc01c6531900c\lwjgl-opengl-3.3.3-natives-windows.jar;C:\Users\chris\.gradle\caches\modules-2\files-2.1\org.lwjgl\lwjgl-shaderc\3.3.3\2bdcb9d4c1a8debf8c82dcb6968c3f23f126af6b\lwjgl-shaderc-3.3.3-natives-windows.jar;C:\Users\chris\.gradle\caches\modules-2\files-2.1\org.lwjgl\lwjgl-stb\3.3.3\1d9facdf6541de114b0f963be33505b7679c78cb\lwjgl-stb-3.3.3-natives-windows.jar;C:\Users\chris\.gradle\caches\modules-2\files-2.1\org.lwjgl\lwjgl-tootle\3.3.3\6de41fb81ea077cb3829b25c6636987f011997fc\lwjgl-tootle-3.3.3-natives-windows.jar;C:\Users\chris\.gradle\caches\modules-2\files-2.1\org.lwjgl\lwjgl\3.3.3\a5ed18a2b82fc91b81f40d717cb1f64c9dcb0540\lwjgl-3.3.3-natives-windows.jar
Launcher Type: SUN_STANDARD

[Global flags]
     intx CICompilerCount                          = 12                                        {product} {ergonomic}
     uint ConcGCThreads                            = 3                                         {product} {ergonomic}
     uint G1ConcRefinementThreads                  = 13                                        {product} {ergonomic}
   size_t G1HeapRegionSize                         = 4194304                                   {product} {ergonomic}
    uintx GCDrainStackTargetSize                   = 64                                        {product} {ergonomic}
   size_t InitialHeapSize                          = 536870912                                 {product} {ergonomic}
   size_t MarkStackSize                            = 4194304                                   {product} {ergonomic}
   size_t MaxHeapSize                              = 8573157376                                {product} {ergonomic}
   size_t MaxNewSize                               = 5142216704                                {product} {ergonomic}
   size_t MinHeapDeltaBytes                        = 4194304                                   {product} {ergonomic}
   size_t MinHeapSize                              = 8388608                                   {product} {ergonomic}
    uintx NonNMethodCodeHeapSize                   = 7602480                                {pd product} {ergonomic}
    uintx NonProfiledCodeHeapSize                  = 122027880                              {pd product} {ergonomic}
    uintx ProfiledCodeHeapSize                     = 122027880                              {pd product} {ergonomic}
    uintx ReservedCodeCacheSize                    = 251658240                              {pd product} {ergonomic}
     bool SegmentedCodeCache                       = true                                      {product} {ergonomic}
   size_t SoftMaxHeapSize                          = 8573157376                             {manageable} {ergonomic}
     bool UseCompressedOops                        = true                           {product lp64_product} {ergonomic}
     bool UseG1GC                                  = true                                      {product} {ergonomic}
     bool UseLargePagesIndividualAllocation        = false                                  {pd product} {ergonomic}

Logging:
Log output configuration:
 #0: stdout all=warning uptime,level,tags foldmultilines=false
 #1: stderr all=off uptime,level,tags foldmultilines=false

Environment Variables:
PATH=C:\Program Files\Common Files\Oracle\Java\javapath;C:\Windows\system32;C:\Windows;C:\Windows\System32\Wbem;C:\Windows\System32\WindowsPowerShell\v1.0\;C:\Windows\System32\OpenSSH\;C:\Program Files (x86)\NVIDIA Corporation\PhysX\Common;F:\CSCI50\PuTTY\;C:\Program Files\Git\bin;C:\Program Files\nodejs\;C:\Program Files\Git\cmd;C:\Program Files\MySQL\MySQL Shell 8.0\bin\;C:\Users\chris\AppData\Local\Programs\Python\Python310\Scripts\;C:\Users\chris\AppData\Local\Programs\Python\Python310\;C:\Users\chris\AppData\Local\Microsoft\WindowsApps;;F:\Microsoft VS Code\bin;C:\Users\chris\AppData\Roaming\npm
USERNAME=chris
OS=Windows_NT
PROCESSOR_IDENTIFIER=AMD64 Family 25 Model 33 Stepping 0, AuthenticAMD
TMP=C:\Users\chris\AppData\Local\Temp
TEMP=C:\Users\chris\AppData\Local\Temp




Periodic native trim disabled

---------------  S Y S T E M  ---------------

OS:
 Windows 10 , 64 bit Build 19041 (10.0.19041.4842)
OS uptime: 0 days 22:55 hours

CPU: total 16 (initial active 16) (16 cores per cpu, 2 threads per core) family 25 model 33 stepping 0 microcode 0x0, cx8, cmov, fxsr, ht, mmx, 3dnowpref, sse, sse2, sse3, ssse3, sse4a, sse4.1, sse4.2, popcnt, lzcnt, tsc, tscinvbit, avx, avx2, aes, erms, clmul, bmi1, bmi2, adx, sha, fma, vzeroupper, clflush, clflushopt, rdtscp, rdpid, fsrm, f16c, pku, cet_ss
Processor Information for all 16 processors :
  Max Mhz: 3801, Current Mhz: 3801, Mhz Limit: 3801

Memory: 4k page, system-wide physical 32693M (18467M free)
TotalPageFile size 37557M (AvailPageFile size 17420M)
current process WorkingSet (physical memory assigned to process): 105M, peak: 105M
current process commit charge ("private bytes"): 683M, peak: 683M

vm_info: Java HotSpot(TM) 64-Bit Server VM (21.0.1+12-LTS-29) for windows-amd64 JRE (21.0.1+12-LTS-29), built on 2023-10-05T13:27:09Z by "mach5one" with MS VC++ 17.1 (VS2022)

END.
